Determining if compiler supports C++ filesystem failed with the following output:
Change Dir: /content/CMake/CMakeFiles/CMakeTmp

Run Build Command(s):/usr/bin/make -f Makefile cmTC_73812/fast && make  -f CMakeFiles/cmTC_73812.dir/build.make CMakeFiles/cmTC_73812.dir/build
make[1]: Entering directory '/content/CMake/CMakeFiles/CMakeTmp'
Building CXX object CMakeFiles/cmTC_73812.dir/cm_cxx_filesystem.cxx.o
/usr/bin/g++   -std=gnu++1z -o CMakeFiles/cmTC_73812.dir/cm_cxx_filesystem.cxx.o -c /content/CMake/Source/Checks/cm_cxx_filesystem.cxx
/content/CMake/Source/Checks/cm_cxx_filesystem.cxx:2:10: fatal error: filesystem: No such file or directory
 #include <filesystem>
          ^~~~~~~~~~~~
compilation terminated.
CMakeFiles/cmTC_73812.dir/build.make:77: recipe for target 'CMakeFiles/cmTC_73812.dir/cm_cxx_filesystem.cxx.o' failed
make[1]: *** [CMakeFiles/cmTC_73812.dir/cm_cxx_filesystem.cxx.o] Error 1
make[1]: Leaving directory '/content/CMake/CMakeFiles/CMakeTmp'
Makefile:127: recipe for target 'cmTC_73812/fast' failed
make: *** [cmTC_73812/fast] Error 2



Determining if the environ exist failed with the following output:
Change Dir: /content/CMake/CMakeFiles/CMakeTmp

Run Build Command(s):/usr/bin/make -f Makefile cmTC_bd76b/fast && make  -f CMakeFiles/cmTC_bd76b.dir/build.make CMakeFiles/cmTC_bd76b.dir/build
make[1]: Entering directory '/content/CMake/CMakeFiles/CMakeTmp'
Building C object CMakeFiles/cmTC_bd76b.dir/CheckSymbolExists.c.o
/usr/bin/gcc   -std=gnu11 -o CMakeFiles/cmTC_bd76b.dir/CheckSymbolExists.c.o -c /content/CMake/CMakeFiles/CMakeTmp/CheckSymbolExists.c
/content/CMake/CMakeFiles/CMakeTmp/CheckSymbolExists.c: In function ‘main’:
/content/CMake/CMakeFiles/CMakeTmp/CheckSymbolExists.c:8:19: error: ‘environ’ undeclared (first use in this function)
   return ((int*)(&environ))[argc];
                   ^~~~~~~
/content/CMake/CMakeFiles/CMakeTmp/CheckSymbolExists.c:8:19: note: each undeclared identifier is reported only once for each function it appears in
CMakeFiles/cmTC_bd76b.dir/build.make:77: recipe for target 'CMakeFiles/cmTC_bd76b.dir/CheckSymbolExists.c.o' failed
make[1]: *** [CMakeFiles/cmTC_bd76b.dir/CheckSymbolExists.c.o] Error 1
make[1]: Leaving directory '/content/CMake/CMakeFiles/CMakeTmp'
Makefile:127: recipe for target 'cmTC_bd76b/fast' failed
make: *** [cmTC_bd76b/fast] Error 2


File /content/CMake/CMakeFiles/CMakeTmp/CheckSymbolExists.c:
/* */
#include <stdlib.h>

int main(int argc, char** argv)
{
  (void)argv;
#ifndef environ
  return ((int*)(&environ))[argc];
#else
  (void)argc;
  return 0;
#endif
}
Performing C SOURCE FILE Test CMAKE_HAVE_LIBC_PTHREAD failed with the following output:
Change Dir: /content/CMake/CMakeFiles/CMakeTmp

Run Build Command(s):/usr/bin/make -f Makefile cmTC_6b4f4/fast && make  -f CMakeFiles/cmTC_6b4f4.dir/build.make CMakeFiles/cmTC_6b4f4.dir/build
make[1]: Entering directory '/content/CMake/CMakeFiles/CMakeTmp'
Building C object CMakeFiles/cmTC_6b4f4.dir/src.c.o
/usr/bin/gcc -DCMAKE_HAVE_LIBC_PTHREAD  -std=gnu11 -o CMakeFiles/cmTC_6b4f4.dir/src.c.o -c /content/CMake/CMakeFiles/CMakeTmp/src.c
Linking C executable cmTC_6b4f4
/content/CMake/Bootstrap.cmk/cmake -E cmake_link_script CMakeFiles/cmTC_6b4f4.dir/link.txt --verbose=1
/usr/bin/gcc CMakeFiles/cmTC_6b4f4.dir/src.c.o -o cmTC_6b4f4 
CMakeFiles/cmTC_6b4f4.dir/src.c.o: In function `main':
src.c:(.text+0x3e): undefined reference to `pthread_create'
src.c:(.text+0x4a): undefined reference to `pthread_detach'
src.c:(.text+0x56): undefined reference to `pthread_cancel'
src.c:(.text+0x67): undefined reference to `pthread_join'
src.c:(.text+0x7b): undefined reference to `pthread_atfork'
collect2: error: ld returned 1 exit status
CMakeFiles/cmTC_6b4f4.dir/build.make:98: recipe for target 'cmTC_6b4f4' failed
make[1]: *** [cmTC_6b4f4] Error 1
make[1]: Leaving directory '/content/CMake/CMakeFiles/CMakeTmp'
Makefile:127: recipe for target 'cmTC_6b4f4/fast' failed
make: *** [cmTC_6b4f4/fast] Error 2


Source file was:
#include <pthread.h>

static void* test_func(void* data)
{
  return data;
}

int main(void)
{
  pthread_t thread;
  pthread_create(&thread, NULL, test_func, NULL);
  pthread_detach(thread);
  pthread_cancel(thread);
  pthread_join(thread, NULL);
  pthread_atfork(NULL, NULL, NULL);
  pthread_exit(NULL);

  return 0;
}

Determining if the function pthread_create exists in the pthreads failed with the following output:
Change Dir: /content/CMake/CMakeFiles/CMakeTmp

Run Build Command(s):/usr/bin/make -f Makefile cmTC_2b875/fast && make  -f CMakeFiles/cmTC_2b875.dir/build.make CMakeFiles/cmTC_2b875.dir/build
make[1]: Entering directory '/content/CMake/CMakeFiles/CMakeTmp'
Building C object CMakeFiles/cmTC_2b875.dir/CheckFunctionExists.c.o
/usr/bin/gcc   -DCHECK_FUNCTION_EXISTS=pthread_create -std=gnu11 -o CMakeFiles/cmTC_2b875.dir/CheckFunctionExists.c.o -c /content/CMake/Modules/CheckFunctionExists.c
Linking C executable cmTC_2b875
/content/CMake/Bootstrap.cmk/cmake -E cmake_link_script CMakeFiles/cmTC_2b875.dir/link.txt --verbose=1
/usr/bin/gcc  -DCHECK_FUNCTION_EXISTS=pthread_create CMakeFiles/cmTC_2b875.dir/CheckFunctionExists.c.o -o cmTC_2b875  -lpthreads 
/usr/bin/ld: cannot find -lpthreads
collect2: error: ld returned 1 exit status
CMakeFiles/cmTC_2b875.dir/build.make:98: recipe for target 'cmTC_2b875' failed
make[1]: *** [cmTC_2b875] Error 1
make[1]: Leaving directory '/content/CMake/CMakeFiles/CMakeTmp'
Makefile:127: recipe for target 'cmTC_2b875/fast' failed
make: *** [cmTC_2b875/fast] Error 2



Checking whether CXX compiler has environ in stdlib.h failed to compile with the following output:
Change Dir: /content/CMake/Source/kwsys/CMakeFiles/CMakeTmp

Run Build Command(s):/usr/bin/make -f Makefile cmTC_9c842/fast && make  -f CMakeFiles/cmTC_9c842.dir/build.make CMakeFiles/cmTC_9c842.dir/build
make[1]: Entering directory '/content/CMake/Source/kwsys/CMakeFiles/CMakeTmp'
Building CXX object CMakeFiles/cmTC_9c842.dir/kwsysPlatformTestsCXX.cxx.o
/usr/bin/g++ -DTEST_KWSYS_CXX_HAS_ENVIRON_IN_STDLIB_H  -std=gnu++1z -o CMakeFiles/cmTC_9c842.dir/kwsysPlatformTestsCXX.cxx.o -c /content/CMake/Source/kwsys/kwsysPlatformTestsCXX.cxx
/content/CMake/Source/kwsys/kwsysPlatformTestsCXX.cxx: In function ‘int main()’:
/content/CMake/Source/kwsys/kwsysPlatformTestsCXX.cxx:53:13: error: ‘environ’ was not declared in this scope
   char* e = environ[0];
             ^~~~~~~
/content/CMake/Source/kwsys/kwsysPlatformTestsCXX.cxx:53:13: note: suggested alternative: ‘union’
   char* e = environ[0];
             ^~~~~~~
             union
CMakeFiles/cmTC_9c842.dir/build.make:77: recipe for target 'CMakeFiles/cmTC_9c842.dir/kwsysPlatformTestsCXX.cxx.o' failed
make[1]: *** [CMakeFiles/cmTC_9c842.dir/kwsysPlatformTestsCXX.cxx.o] Error 1
make[1]: Leaving directory '/content/CMake/Source/kwsys/CMakeFiles/CMakeTmp'
Makefile:127: recipe for target 'cmTC_9c842/fast' failed
make: *** [cmTC_9c842/fast] Error 2



Checking whether CXX compiler struct stat has st_mtimespec member failed to compile with the following output:
Change Dir: /content/CMake/Source/kwsys/CMakeFiles/CMakeTmp

Run Build Command(s):/usr/bin/make -f Makefile cmTC_5ebb0/fast && make  -f CMakeFiles/cmTC_5ebb0.dir/build.make CMakeFiles/cmTC_5ebb0.dir/build
make[1]: Entering directory '/content/CMake/Source/kwsys/CMakeFiles/CMakeTmp'
Building CXX object CMakeFiles/cmTC_5ebb0.dir/kwsysPlatformTestsCXX.cxx.o
/usr/bin/g++ -DTEST_KWSYS_CXX_STAT_HAS_ST_MTIMESPEC  -std=gnu++1z -o CMakeFiles/cmTC_5ebb0.dir/kwsysPlatformTestsCXX.cxx.o -c /content/CMake/Source/kwsys/kwsysPlatformTestsCXX.cxx
/content/CMake/Source/kwsys/kwsysPlatformTestsCXX.cxx: In function ‘int main()’:
/content/CMake/Source/kwsys/kwsysPlatformTestsCXX.cxx:26:15: error: ‘struct stat’ has no member named ‘st_mtimespec’; did you mean ‘st_mtim’?
   (void)stat1.st_mtimespec.tv_sec;
               ^~~~~~~~~~~~
               st_mtim
/content/CMake/Source/kwsys/kwsysPlatformTestsCXX.cxx:27:15: error: ‘struct stat’ has no member named ‘st_mtimespec’; did you mean ‘st_mtim’?
   (void)stat1.st_mtimespec.tv_nsec;
               ^~~~~~~~~~~~
               st_mtim
CMakeFiles/cmTC_5ebb0.dir/build.make:77: recipe for target 'CMakeFiles/cmTC_5ebb0.dir/kwsysPlatformTestsCXX.cxx.o' failed
make[1]: *** [CMakeFiles/cmTC_5ebb0.dir/kwsysPlatformTestsCXX.cxx.o] Error 1
make[1]: Leaving directory '/content/CMake/Source/kwsys/CMakeFiles/CMakeTmp'
Makefile:127: recipe for target 'cmTC_5ebb0/fast' failed
make: *** [cmTC_5ebb0/fast] Error 2



Determining if the function connect exists in the socket;dl failed with the following output:
Change Dir: /content/CMake/CMakeFiles/CMakeTmp

Run Build Command(s):/usr/bin/make -f Makefile cmTC_88d5f/fast && make  -f CMakeFiles/cmTC_88d5f.dir/build.make CMakeFiles/cmTC_88d5f.dir/build
make[1]: Entering directory '/content/CMake/CMakeFiles/CMakeTmp'
Building C object CMakeFiles/cmTC_88d5f.dir/CheckFunctionExists.c.o
/usr/bin/gcc   -w -DCHECK_FUNCTION_EXISTS=connect -std=gnu11 -o CMakeFiles/cmTC_88d5f.dir/CheckFunctionExists.c.o -c /content/CMake/Modules/CheckFunctionExists.c
Linking C executable cmTC_88d5f
/content/CMake/Bootstrap.cmk/cmake -E cmake_link_script CMakeFiles/cmTC_88d5f.dir/link.txt --verbose=1
/usr/bin/gcc  -w -DCHECK_FUNCTION_EXISTS=connect CMakeFiles/cmTC_88d5f.dir/CheckFunctionExists.c.o -o cmTC_88d5f  -lsocket -ldl 
/usr/bin/ld: cannot find -lsocket
collect2: error: ld returned 1 exit status
CMakeFiles/cmTC_88d5f.dir/build.make:98: recipe for target 'cmTC_88d5f' failed
make[1]: *** [cmTC_88d5f] Error 1
make[1]: Leaving directory '/content/CMake/CMakeFiles/CMakeTmp'
Makefile:127: recipe for target 'cmTC_88d5f/fast' failed
make: *** [cmTC_88d5f/fast] Error 2



Determining if the function recv exists in the network;dl failed with the following output:
Change Dir: /content/CMake/CMakeFiles/CMakeTmp

Run Build Command(s):/usr/bin/make -f Makefile cmTC_fc77c/fast && make  -f CMakeFiles/cmTC_fc77c.dir/build.make CMakeFiles/cmTC_fc77c.dir/build
make[1]: Entering directory '/content/CMake/CMakeFiles/CMakeTmp'
Building C object CMakeFiles/cmTC_fc77c.dir/CheckFunctionExists.c.o
/usr/bin/gcc   -w -DCHECK_FUNCTION_EXISTS=recv -std=gnu11 -o CMakeFiles/cmTC_fc77c.dir/CheckFunctionExists.c.o -c /content/CMake/Modules/CheckFunctionExists.c
Linking C executable cmTC_fc77c
/content/CMake/Bootstrap.cmk/cmake -E cmake_link_script CMakeFiles/cmTC_fc77c.dir/link.txt --verbose=1
/usr/bin/gcc  -w -DCHECK_FUNCTION_EXISTS=recv CMakeFiles/cmTC_fc77c.dir/CheckFunctionExists.c.o -o cmTC_fc77c  -lnetwork -ldl 
/usr/bin/ld: cannot find -lnetwork
collect2: error: ld returned 1 exit status
CMakeFiles/cmTC_fc77c.dir/build.make:98: recipe for target 'cmTC_fc77c' failed
make[1]: *** [cmTC_fc77c] Error 1
make[1]: Leaving directory '/content/CMake/CMakeFiles/CMakeTmp'
Makefile:127: recipe for target 'cmTC_fc77c/fast' failed
make: *** [cmTC_fc77c/fast] Error 2



Determining if the RAND_status exist failed with the following output:
Change Dir: /content/CMake/CMakeFiles/CMakeTmp

Run Build Command(s):/usr/bin/make -f Makefile cmTC_a6788/fast && make  -f CMakeFiles/cmTC_a6788.dir/build.make CMakeFiles/cmTC_a6788.dir/build
make[1]: Entering directory '/content/CMake/CMakeFiles/CMakeTmp'
Building C object CMakeFiles/cmTC_a6788.dir/CheckSymbolExists.c.o
/usr/bin/gcc   -w  -std=gnu11 -o CMakeFiles/cmTC_a6788.dir/CheckSymbolExists.c.o -c /content/CMake/CMakeFiles/CMakeTmp/CheckSymbolExists.c
/content/CMake/CMakeFiles/CMakeTmp/CheckSymbolExists.c: In function ‘main’:
/content/CMake/CMakeFiles/CMakeTmp/CheckSymbolExists.c:7:19: error: ‘RAND_status’ undeclared (first use in this function)
   return ((int*)(&RAND_status))[argc];
                   ^~~~~~~~~~~
/content/CMake/CMakeFiles/CMakeTmp/CheckSymbolExists.c:7:19: note: each undeclared identifier is reported only once for each function it appears in
CMakeFiles/cmTC_a6788.dir/build.make:77: recipe for target 'CMakeFiles/cmTC_a6788.dir/CheckSymbolExists.c.o' failed
make[1]: *** [CMakeFiles/cmTC_a6788.dir/CheckSymbolExists.c.o] Error 1
make[1]: Leaving directory '/content/CMake/CMakeFiles/CMakeTmp'
Makefile:127: recipe for target 'cmTC_a6788/fast' failed
make: *** [cmTC_a6788/fast] Error 2


File /content/CMake/CMakeFiles/CMakeTmp/CheckSymbolExists.c:
/* */

int main(int argc, char** argv)
{
  (void)argv;
#ifndef RAND_status
  return ((int*)(&RAND_status))[argc];
#else
  (void)argc;
  return 0;
#endif
}
Determining if the RAND_screen exist failed with the following output:
Change Dir: /content/CMake/CMakeFiles/CMakeTmp

Run Build Command(s):/usr/bin/make -f Makefile cmTC_627a6/fast && make  -f CMakeFiles/cmTC_627a6.dir/build.make CMakeFiles/cmTC_627a6.dir/build
make[1]: Entering directory '/content/CMake/CMakeFiles/CMakeTmp'
Building C object CMakeFiles/cmTC_627a6.dir/CheckSymbolExists.c.o
/usr/bin/gcc   -w  -std=gnu11 -o CMakeFiles/cmTC_627a6.dir/CheckSymbolExists.c.o -c /content/CMake/CMakeFiles/CMakeTmp/CheckSymbolExists.c
/content/CMake/CMakeFiles/CMakeTmp/CheckSymbolExists.c: In function ‘main’:
/content/CMake/CMakeFiles/CMakeTmp/CheckSymbolExists.c:7:19: error: ‘RAND_screen’ undeclared (first use in this function)
   return ((int*)(&RAND_screen))[argc];
                   ^~~~~~~~~~~
/content/CMake/CMakeFiles/CMakeTmp/CheckSymbolExists.c:7:19: note: each undeclared identifier is reported only once for each function it appears in
CMakeFiles/cmTC_627a6.dir/build.make:77: recipe for target 'CMakeFiles/cmTC_627a6.dir/CheckSymbolExists.c.o' failed
make[1]: *** [CMakeFiles/cmTC_627a6.dir/CheckSymbolExists.c.o] Error 1
make[1]: Leaving directory '/content/CMake/CMakeFiles/CMakeTmp'
Makefile:127: recipe for target 'cmTC_627a6/fast' failed
make: *** [cmTC_627a6/fast] Error 2


File /content/CMake/CMakeFiles/CMakeTmp/CheckSymbolExists.c:
/* */

int main(int argc, char** argv)
{
  (void)argv;
#ifndef RAND_screen
  return ((int*)(&RAND_screen))[argc];
#else
  (void)argc;
  return 0;
#endif
}
Determining if the RAND_egd exist failed with the following output:
Change Dir: /content/CMake/CMakeFiles/CMakeTmp

Run Build Command(s):/usr/bin/make -f Makefile cmTC_0ec92/fast && make  -f CMakeFiles/cmTC_0ec92.dir/build.make CMakeFiles/cmTC_0ec92.dir/build
make[1]: Entering directory '/content/CMake/CMakeFiles/CMakeTmp'
Building C object CMakeFiles/cmTC_0ec92.dir/CheckSymbolExists.c.o
/usr/bin/gcc   -w  -std=gnu11 -o CMakeFiles/cmTC_0ec92.dir/CheckSymbolExists.c.o -c /content/CMake/CMakeFiles/CMakeTmp/CheckSymbolExists.c
/content/CMake/CMakeFiles/CMakeTmp/CheckSymbolExists.c: In function ‘main’:
/content/CMake/CMakeFiles/CMakeTmp/CheckSymbolExists.c:7:19: error: ‘RAND_egd’ undeclared (first use in this function)
   return ((int*)(&RAND_egd))[argc];
                   ^~~~~~~~
/content/CMake/CMakeFiles/CMakeTmp/CheckSymbolExists.c:7:19: note: each undeclared identifier is reported only once for each function it appears in
CMakeFiles/cmTC_0ec92.dir/build.make:77: recipe for target 'CMakeFiles/cmTC_0ec92.dir/CheckSymbolExists.c.o' failed
make[1]: *** [CMakeFiles/cmTC_0ec92.dir/CheckSymbolExists.c.o] Error 1
make[1]: Leaving directory '/content/CMake/CMakeFiles/CMakeTmp'
Makefile:127: recipe for target 'cmTC_0ec92/fast' failed
make: *** [cmTC_0ec92/fast] Error 2


File /content/CMake/CMakeFiles/CMakeTmp/CheckSymbolExists.c:
/* */

int main(int argc, char** argv)
{
  (void)argv;
#ifndef RAND_egd
  return ((int*)(&RAND_egd))[argc];
#else
  (void)argc;
  return 0;
#endif
}
Determining if the function dlopen exists in the dl;/usr/lib/x86_64-linux-gnu/libssl.so;/usr/lib/x86_64-linux-gnu/libcrypto.so;cmnghttp2 failed with the following output:
Change Dir: /content/CMake/CMakeFiles/CMakeTmp

Run Build Command(s):/usr/bin/make -f Makefile cmTC_402c3/fast && make  -f CMakeFiles/cmTC_402c3.dir/build.make CMakeFiles/cmTC_402c3.dir/build
make[1]: Entering directory '/content/CMake/CMakeFiles/CMakeTmp'
Building C object CMakeFiles/cmTC_402c3.dir/CheckFunctionExists.c.o
/usr/bin/gcc   -w -DCHECK_FUNCTION_EXISTS=dlopen -std=gnu11 -o CMakeFiles/cmTC_402c3.dir/CheckFunctionExists.c.o -c /content/CMake/Modules/CheckFunctionExists.c
Linking C executable cmTC_402c3
/content/CMake/Bootstrap.cmk/cmake -E cmake_link_script CMakeFiles/cmTC_402c3.dir/link.txt --verbose=1
/usr/bin/gcc  -w -DCHECK_FUNCTION_EXISTS=dlopen CMakeFiles/cmTC_402c3.dir/CheckFunctionExists.c.o -o cmTC_402c3  -ldl /usr/lib/x86_64-linux-gnu/libssl.so /usr/lib/x86_64-linux-gnu/libcrypto.so -lcmnghttp2 
/usr/bin/ld: cannot find -lcmnghttp2
collect2: error: ld returned 1 exit status
CMakeFiles/cmTC_402c3.dir/build.make:100: recipe for target 'cmTC_402c3' failed
make[1]: *** [cmTC_402c3] Error 1
make[1]: Leaving directory '/content/CMake/CMakeFiles/CMakeTmp'
Makefile:127: recipe for target 'cmTC_402c3/fast' failed
make: *** [cmTC_402c3/fast] Error 2



Determining if files stdio.h;inttypes.h;sys/filio.h exist failed with the following output:
Change Dir: /content/CMake/CMakeFiles/CMakeTmp

Run Build Command(s):/usr/bin/make -f Makefile cmTC_0f822/fast && make  -f CMakeFiles/cmTC_0f822.dir/build.make CMakeFiles/cmTC_0f822.dir/build
make[1]: Entering directory '/content/CMake/CMakeFiles/CMakeTmp'
Building C object CMakeFiles/cmTC_0f822.dir/HAVE_SYS_FILIO_H.c.o
/usr/bin/gcc   -w  -std=gnu11 -o CMakeFiles/cmTC_0f822.dir/HAVE_SYS_FILIO_H.c.o -c /content/CMake/CMakeFiles/CheckIncludeFiles/HAVE_SYS_FILIO_H.c
/content/CMake/CMakeFiles/CheckIncludeFiles/HAVE_SYS_FILIO_H.c:4:10: fatal error: sys/filio.h: No such file or directory
 #include <sys/filio.h>
          ^~~~~~~~~~~~~
compilation terminated.
CMakeFiles/cmTC_0f822.dir/build.make:77: recipe for target 'CMakeFiles/cmTC_0f822.dir/HAVE_SYS_FILIO_H.c.o' failed
make[1]: *** [CMakeFiles/cmTC_0f822.dir/HAVE_SYS_FILIO_H.c.o] Error 1
make[1]: Leaving directory '/content/CMake/CMakeFiles/CMakeTmp'
Makefile:127: recipe for target 'cmTC_0f822/fast' failed
make: *** [cmTC_0f822/fast] Error 2


Source:
/* */
#include <stdio.h>
#include <inttypes.h>
#include <sys/filio.h>


int main(void){return 0;}

Determining if files stdio.h;inttypes.h;sys/ioctl.h;sys/param.h;sys/poll.h;sys/resource.h;sys/select.h;sys/socket.h;sys/sockio.h exist failed with the following output:
Change Dir: /content/CMake/CMakeFiles/CMakeTmp

Run Build Command(s):/usr/bin/make -f Makefile cmTC_8fa08/fast && make  -f CMakeFiles/cmTC_8fa08.dir/build.make CMakeFiles/cmTC_8fa08.dir/build
make[1]: Entering directory '/content/CMake/CMakeFiles/CMakeTmp'
Building C object CMakeFiles/cmTC_8fa08.dir/HAVE_SYS_SOCKIO_H.c.o
/usr/bin/gcc   -w  -std=gnu11 -o CMakeFiles/cmTC_8fa08.dir/HAVE_SYS_SOCKIO_H.c.o -c /content/CMake/CMakeFiles/CheckIncludeFiles/HAVE_SYS_SOCKIO_H.c
/content/CMake/CMakeFiles/CheckIncludeFiles/HAVE_SYS_SOCKIO_H.c:10:10: fatal error: sys/sockio.h: No such file or directory
 #include <sys/sockio.h>
          ^~~~~~~~~~~~~~
compilation terminated.
CMakeFiles/cmTC_8fa08.dir/build.make:77: recipe for target 'CMakeFiles/cmTC_8fa08.dir/HAVE_SYS_SOCKIO_H.c.o' failed
make[1]: *** [CMakeFiles/cmTC_8fa08.dir/HAVE_SYS_SOCKIO_H.c.o] Error 1
make[1]: Leaving directory '/content/CMake/CMakeFiles/CMakeTmp'
Makefile:127: recipe for target 'cmTC_8fa08/fast' failed
make: *** [cmTC_8fa08/fast] Error 2


Source:
/* */
#include <stdio.h>
#include <inttypes.h>
#include <sys/ioctl.h>
#include <sys/param.h>
#include <sys/poll.h>
#include <sys/resource.h>
#include <sys/select.h>
#include <sys/socket.h>
#include <sys/sockio.h>


int main(void){return 0;}

Determining if files stdio.h;inttypes.h;sys/ioctl.h;sys/param.h;sys/poll.h;sys/resource.h;sys/select.h;sys/socket.h;sys/stat.h;sys/time.h;sys/types.h;sys/uio.h;sys/un.h;sys/utime.h exist failed with the following output:
Change Dir: /content/CMake/CMakeFiles/CMakeTmp

Run Build Command(s):/usr/bin/make -f Makefile cmTC_58d24/fast && make  -f CMakeFiles/cmTC_58d24.dir/build.make CMakeFiles/cmTC_58d24.dir/build
make[1]: Entering directory '/content/CMake/CMakeFiles/CMakeTmp'
Building C object CMakeFiles/cmTC_58d24.dir/HAVE_SYS_UTIME_H.c.o
/usr/bin/gcc   -w  -std=gnu11 -o CMakeFiles/cmTC_58d24.dir/HAVE_SYS_UTIME_H.c.o -c /content/CMake/CMakeFiles/CheckIncludeFiles/HAVE_SYS_UTIME_H.c
/content/CMake/CMakeFiles/CheckIncludeFiles/HAVE_SYS_UTIME_H.c:15:10: fatal error: sys/utime.h: No such file or directory
 #include <sys/utime.h>
          ^~~~~~~~~~~~~
compilation terminated.
CMakeFiles/cmTC_58d24.dir/build.make:77: recipe for target 'CMakeFiles/cmTC_58d24.dir/HAVE_SYS_UTIME_H.c.o' failed
make[1]: *** [CMakeFiles/cmTC_58d24.dir/HAVE_SYS_UTIME_H.c.o] Error 1
make[1]: Leaving directory '/content/CMake/CMakeFiles/CMakeTmp'
Makefile:127: recipe for target 'cmTC_58d24/fast' failed
make: *** [cmTC_58d24/fast] Error 2


Source:
/* */
#include <stdio.h>
#include <inttypes.h>
#include <sys/ioctl.h>
#include <sys/param.h>
#include <sys/poll.h>
#include <sys/resource.h>
#include <sys/select.h>
#include <sys/socket.h>
#include <sys/stat.h>
#include <sys/time.h>
#include <sys/types.h>
#include <sys/uio.h>
#include <sys/un.h>
#include <sys/utime.h>


int main(void){return 0;}

Determining if files stdio.h;inttypes.h;sys/ioctl.h;sys/param.h;sys/poll.h;sys/resource.h;sys/select.h;sys/socket.h;sys/stat.h;sys/time.h;sys/types.h;sys/uio.h;sys/un.h;sys/xattr.h;alloca.h;arpa/inet.h;arpa/tftp.h;assert.h;crypto.h exist failed with the following output:
Change Dir: /content/CMake/CMakeFiles/CMakeTmp

Run Build Command(s):/usr/bin/make -f Makefile cmTC_38e29/fast && make  -f CMakeFiles/cmTC_38e29.dir/build.make CMakeFiles/cmTC_38e29.dir/build
make[1]: Entering directory '/content/CMake/CMakeFiles/CMakeTmp'
Building C object CMakeFiles/cmTC_38e29.dir/HAVE_CRYPTO_H.c.o
/usr/bin/gcc   -w  -std=gnu11 -o CMakeFiles/cmTC_38e29.dir/HAVE_CRYPTO_H.c.o -c /content/CMake/CMakeFiles/CheckIncludeFiles/HAVE_CRYPTO_H.c
/content/CMake/CMakeFiles/CheckIncludeFiles/HAVE_CRYPTO_H.c:20:10: fatal error: crypto.h: No such file or directory
 #include <crypto.h>
          ^~~~~~~~~~
compilation terminated.
CMakeFiles/cmTC_38e29.dir/build.make:77: recipe for target 'CMakeFiles/cmTC_38e29.dir/HAVE_CRYPTO_H.c.o' failed
make[1]: *** [CMakeFiles/cmTC_38e29.dir/HAVE_CRYPTO_H.c.o] Error 1
make[1]: Leaving directory '/content/CMake/CMakeFiles/CMakeTmp'
Makefile:127: recipe for target 'cmTC_38e29/fast' failed
make: *** [cmTC_38e29/fast] Error 2


Source:
/* */
#include <stdio.h>
#include <inttypes.h>
#include <sys/ioctl.h>
#include <sys/param.h>
#include <sys/poll.h>
#include <sys/resource.h>
#include <sys/select.h>
#include <sys/socket.h>
#include <sys/stat.h>
#include <sys/time.h>
#include <sys/types.h>
#include <sys/uio.h>
#include <sys/un.h>
#include <sys/xattr.h>
#include <alloca.h>
#include <arpa/inet.h>
#include <arpa/tftp.h>
#include <assert.h>
#include <crypto.h>


int main(void){return 0;}

Determining if files stdio.h;inttypes.h;sys/ioctl.h;sys/param.h;sys/poll.h;sys/resource.h;sys/select.h;sys/socket.h;sys/stat.h;sys/time.h;sys/types.h;sys/uio.h;sys/un.h;sys/xattr.h;alloca.h;arpa/inet.h;arpa/tftp.h;assert.h;err.h;errno.h;fcntl.h;idn2.h exist failed with the following output:
Change Dir: /content/CMake/CMakeFiles/CMakeTmp

Run Build Command(s):/usr/bin/make -f Makefile cmTC_77444/fast && make  -f CMakeFiles/cmTC_77444.dir/build.make CMakeFiles/cmTC_77444.dir/build
make[1]: Entering directory '/content/CMake/CMakeFiles/CMakeTmp'
Building C object CMakeFiles/cmTC_77444.dir/HAVE_IDN2_H.c.o
/usr/bin/gcc   -w  -std=gnu11 -o CMakeFiles/cmTC_77444.dir/HAVE_IDN2_H.c.o -c /content/CMake/CMakeFiles/CheckIncludeFiles/HAVE_IDN2_H.c
/content/CMake/CMakeFiles/CheckIncludeFiles/HAVE_IDN2_H.c:23:10: fatal error: idn2.h: No such file or directory
 #include <idn2.h>
          ^~~~~~~~
compilation terminated.
CMakeFiles/cmTC_77444.dir/build.make:77: recipe for target 'CMakeFiles/cmTC_77444.dir/HAVE_IDN2_H.c.o' failed
make[1]: *** [CMakeFiles/cmTC_77444.dir/HAVE_IDN2_H.c.o] Error 1
make[1]: Leaving directory '/content/CMake/CMakeFiles/CMakeTmp'
Makefile:127: recipe for target 'cmTC_77444/fast' failed
make: *** [cmTC_77444/fast] Error 2


Source:
/* */
#include <stdio.h>
#include <inttypes.h>
#include <sys/ioctl.h>
#include <sys/param.h>
#include <sys/poll.h>
#include <sys/resource.h>
#include <sys/select.h>
#include <sys/socket.h>
#include <sys/stat.h>
#include <sys/time.h>
#include <sys/types.h>
#include <sys/uio.h>
#include <sys/un.h>
#include <sys/xattr.h>
#include <alloca.h>
#include <arpa/inet.h>
#include <arpa/tftp.h>
#include <assert.h>
#include <err.h>
#include <errno.h>
#include <fcntl.h>
#include <idn2.h>


int main(void){return 0;}

Determining if files stdio.h;inttypes.h;sys/ioctl.h;sys/param.h;sys/poll.h;sys/resource.h;sys/select.h;sys/socket.h;sys/stat.h;sys/time.h;sys/types.h;sys/uio.h;sys/un.h;sys/xattr.h;alloca.h;arpa/inet.h;arpa/tftp.h;assert.h;err.h;errno.h;fcntl.h;ifaddrs.h;io.h exist failed with the following output:
Change Dir: /content/CMake/CMakeFiles/CMakeTmp

Run Build Command(s):/usr/bin/make -f Makefile cmTC_d84db/fast && make  -f CMakeFiles/cmTC_d84db.dir/build.make CMakeFiles/cmTC_d84db.dir/build
make[1]: Entering directory '/content/CMake/CMakeFiles/CMakeTmp'
Building C object CMakeFiles/cmTC_d84db.dir/HAVE_IO_H.c.o
/usr/bin/gcc   -w  -std=gnu11 -o CMakeFiles/cmTC_d84db.dir/HAVE_IO_H.c.o -c /content/CMake/CMakeFiles/CheckIncludeFiles/HAVE_IO_H.c
/content/CMake/CMakeFiles/CheckIncludeFiles/HAVE_IO_H.c:24:10: fatal error: io.h: No such file or directory
 #include <io.h>
          ^~~~~~
compilation terminated.
CMakeFiles/cmTC_d84db.dir/build.make:77: recipe for target 'CMakeFiles/cmTC_d84db.dir/HAVE_IO_H.c.o' failed
make[1]: *** [CMakeFiles/cmTC_d84db.dir/HAVE_IO_H.c.o] Error 1
make[1]: Leaving directory '/content/CMake/CMakeFiles/CMakeTmp'
Makefile:127: recipe for target 'cmTC_d84db/fast' failed
make: *** [cmTC_d84db/fast] Error 2


Source:
/* */
#include <stdio.h>
#include <inttypes.h>
#include <sys/ioctl.h>
#include <sys/param.h>
#include <sys/poll.h>
#include <sys/resource.h>
#include <sys/select.h>
#include <sys/socket.h>
#include <sys/stat.h>
#include <sys/time.h>
#include <sys/types.h>
#include <sys/uio.h>
#include <sys/un.h>
#include <sys/xattr.h>
#include <alloca.h>
#include <arpa/inet.h>
#include <arpa/tftp.h>
#include <assert.h>
#include <err.h>
#include <errno.h>
#include <fcntl.h>
#include <ifaddrs.h>
#include <io.h>


int main(void){return 0;}

Determining if files stdio.h;inttypes.h;sys/ioctl.h;sys/param.h;sys/poll.h;sys/resource.h;sys/select.h;sys/socket.h;sys/stat.h;sys/time.h;sys/types.h;sys/uio.h;sys/un.h;sys/xattr.h;alloca.h;arpa/inet.h;arpa/tftp.h;assert.h;err.h;errno.h;fcntl.h;ifaddrs.h;krb.h exist failed with the following output:
Change Dir: /content/CMake/CMakeFiles/CMakeTmp

Run Build Command(s):/usr/bin/make -f Makefile cmTC_6e51e/fast && make  -f CMakeFiles/cmTC_6e51e.dir/build.make CMakeFiles/cmTC_6e51e.dir/build
make[1]: Entering directory '/content/CMake/CMakeFiles/CMakeTmp'
Building C object CMakeFiles/cmTC_6e51e.dir/HAVE_KRB_H.c.o
/usr/bin/gcc   -w  -std=gnu11 -o CMakeFiles/cmTC_6e51e.dir/HAVE_KRB_H.c.o -c /content/CMake/CMakeFiles/CheckIncludeFiles/HAVE_KRB_H.c
/content/CMake/CMakeFiles/CheckIncludeFiles/HAVE_KRB_H.c:24:10: fatal error: krb.h: No such file or directory
 #include <krb.h>
          ^~~~~~~
compilation terminated.
CMakeFiles/cmTC_6e51e.dir/build.make:77: recipe for target 'CMakeFiles/cmTC_6e51e.dir/HAVE_KRB_H.c.o' failed
make[1]: *** [CMakeFiles/cmTC_6e51e.dir/HAVE_KRB_H.c.o] Error 1
make[1]: Leaving directory '/content/CMake/CMakeFiles/CMakeTmp'
Makefile:127: recipe for target 'cmTC_6e51e/fast' failed
make: *** [cmTC_6e51e/fast] Error 2


Source:
/* */
#include <stdio.h>
#include <inttypes.h>
#include <sys/ioctl.h>
#include <sys/param.h>
#include <sys/poll.h>
#include <sys/resource.h>
#include <sys/select.h>
#include <sys/socket.h>
#include <sys/stat.h>
#include <sys/time.h>
#include <sys/types.h>
#include <sys/uio.h>
#include <sys/un.h>
#include <sys/xattr.h>
#include <alloca.h>
#include <arpa/inet.h>
#include <arpa/tftp.h>
#include <assert.h>
#include <err.h>
#include <errno.h>
#include <fcntl.h>
#include <ifaddrs.h>
#include <krb.h>


int main(void){return 0;}

Determining if files stdio.h;inttypes.h;sys/ioctl.h;sys/param.h;sys/poll.h;sys/resource.h;sys/select.h;sys/socket.h;sys/stat.h;sys/time.h;sys/types.h;sys/uio.h;sys/un.h;sys/xattr.h;alloca.h;arpa/inet.h;arpa/tftp.h;assert.h;err.h;errno.h;fcntl.h;ifaddrs.h;libgen.h;locale.h;net/if.h;netdb.h;netinet/in.h;netinet/tcp.h;pem.h exist failed with the following output:
Change Dir: /content/CMake/CMakeFiles/CMakeTmp

Run Build Command(s):/usr/bin/make -f Makefile cmTC_0dbcd/fast && make  -f CMakeFiles/cmTC_0dbcd.dir/build.make CMakeFiles/cmTC_0dbcd.dir/build
make[1]: Entering directory '/content/CMake/CMakeFiles/CMakeTmp'
Building C object CMakeFiles/cmTC_0dbcd.dir/HAVE_PEM_H.c.o
/usr/bin/gcc   -w  -std=gnu11 -o CMakeFiles/cmTC_0dbcd.dir/HAVE_PEM_H.c.o -c /content/CMake/CMakeFiles/CheckIncludeFiles/HAVE_PEM_H.c
/content/CMake/CMakeFiles/CheckIncludeFiles/HAVE_PEM_H.c:30:10: fatal error: pem.h: No such file or directory
 #include <pem.h>
          ^~~~~~~
compilation terminated.
CMakeFiles/cmTC_0dbcd.dir/build.make:77: recipe for target 'CMakeFiles/cmTC_0dbcd.dir/HAVE_PEM_H.c.o' failed
make[1]: *** [CMakeFiles/cmTC_0dbcd.dir/HAVE_PEM_H.c.o] Error 1
make[1]: Leaving directory '/content/CMake/CMakeFiles/CMakeTmp'
Makefile:127: recipe for target 'cmTC_0dbcd/fast' failed
make: *** [cmTC_0dbcd/fast] Error 2


Source:
/* */
#include <stdio.h>
#include <inttypes.h>
#include <sys/ioctl.h>
#include <sys/param.h>
#include <sys/poll.h>
#include <sys/resource.h>
#include <sys/select.h>
#include <sys/socket.h>
#include <sys/stat.h>
#include <sys/time.h>
#include <sys/types.h>
#include <sys/uio.h>
#include <sys/un.h>
#include <sys/xattr.h>
#include <alloca.h>
#include <arpa/inet.h>
#include <arpa/tftp.h>
#include <assert.h>
#include <err.h>
#include <errno.h>
#include <fcntl.h>
#include <ifaddrs.h>
#include <libgen.h>
#include <locale.h>
#include <net/if.h>
#include <netdb.h>
#include <netinet/in.h>
#include <netinet/tcp.h>
#include <pem.h>


int main(void){return 0;}

Determining if files stdio.h;inttypes.h;sys/ioctl.h;sys/param.h;sys/poll.h;sys/resource.h;sys/select.h;sys/socket.h;sys/stat.h;sys/time.h;sys/types.h;sys/uio.h;sys/un.h;sys/xattr.h;alloca.h;arpa/inet.h;arpa/tftp.h;assert.h;err.h;errno.h;fcntl.h;ifaddrs.h;libgen.h;locale.h;net/if.h;netdb.h;netinet/in.h;netinet/tcp.h;poll.h;pwd.h;rsa.h exist failed with the following output:
Change Dir: /content/CMake/CMakeFiles/CMakeTmp

Run Build Command(s):/usr/bin/make -f Makefile cmTC_1d090/fast && make  -f CMakeFiles/cmTC_1d090.dir/build.make CMakeFiles/cmTC_1d090.dir/build
make[1]: Entering directory '/content/CMake/CMakeFiles/CMakeTmp'
Building C object CMakeFiles/cmTC_1d090.dir/HAVE_RSA_H.c.o
/usr/bin/gcc   -w  -std=gnu11 -o CMakeFiles/cmTC_1d090.dir/HAVE_RSA_H.c.o -c /content/CMake/CMakeFiles/CheckIncludeFiles/HAVE_RSA_H.c
/content/CMake/CMakeFiles/CheckIncludeFiles/HAVE_RSA_H.c:32:10: fatal error: rsa.h: No such file or directory
 #include <rsa.h>
          ^~~~~~~
compilation terminated.
CMakeFiles/cmTC_1d090.dir/build.make:77: recipe for target 'CMakeFiles/cmTC_1d090.dir/HAVE_RSA_H.c.o' failed
make[1]: *** [CMakeFiles/cmTC_1d090.dir/HAVE_RSA_H.c.o] Error 1
make[1]: Leaving directory '/content/CMake/CMakeFiles/CMakeTmp'
Makefile:127: recipe for target 'cmTC_1d090/fast' failed
make: *** [cmTC_1d090/fast] Error 2


Source:
/* */
#include <stdio.h>
#include <inttypes.h>
#include <sys/ioctl.h>
#include <sys/param.h>
#include <sys/poll.h>
#include <sys/resource.h>
#include <sys/select.h>
#include <sys/socket.h>
#include <sys/stat.h>
#include <sys/time.h>
#include <sys/types.h>
#include <sys/uio.h>
#include <sys/un.h>
#include <sys/xattr.h>
#include <alloca.h>
#include <arpa/inet.h>
#include <arpa/tftp.h>
#include <assert.h>
#include <err.h>
#include <errno.h>
#include <fcntl.h>
#include <ifaddrs.h>
#include <libgen.h>
#include <locale.h>
#include <net/if.h>
#include <netdb.h>
#include <netinet/in.h>
#include <netinet/tcp.h>
#include <poll.h>
#include <pwd.h>
#include <rsa.h>


int main(void){return 0;}

Determining if files stdio.h;inttypes.h;sys/ioctl.h;sys/param.h;sys/poll.h;sys/resource.h;sys/select.h;sys/socket.h;sys/stat.h;sys/time.h;sys/types.h;sys/uio.h;sys/un.h;sys/xattr.h;alloca.h;arpa/inet.h;arpa/tftp.h;assert.h;err.h;errno.h;fcntl.h;ifaddrs.h;libgen.h;locale.h;net/if.h;netdb.h;netinet/in.h;netinet/tcp.h;poll.h;pwd.h;setjmp.h;sgtty.h;signal.h;ssl.h exist failed with the following output:
Change Dir: /content/CMake/CMakeFiles/CMakeTmp

Run Build Command(s):/usr/bin/make -f Makefile cmTC_df8ab/fast && make  -f CMakeFiles/cmTC_df8ab.dir/build.make CMakeFiles/cmTC_df8ab.dir/build
make[1]: Entering directory '/content/CMake/CMakeFiles/CMakeTmp'
Building C object CMakeFiles/cmTC_df8ab.dir/HAVE_SSL_H.c.o
/usr/bin/gcc   -w  -std=gnu11 -o CMakeFiles/cmTC_df8ab.dir/HAVE_SSL_H.c.o -c /content/CMake/CMakeFiles/CheckIncludeFiles/HAVE_SSL_H.c
/content/CMake/CMakeFiles/CheckIncludeFiles/HAVE_SSL_H.c:35:10: fatal error: ssl.h: No such file or directory
 #include <ssl.h>
          ^~~~~~~
compilation terminated.
CMakeFiles/cmTC_df8ab.dir/build.make:77: recipe for target 'CMakeFiles/cmTC_df8ab.dir/HAVE_SSL_H.c.o' failed
make[1]: *** [CMakeFiles/cmTC_df8ab.dir/HAVE_SSL_H.c.o] Error 1
make[1]: Leaving directory '/content/CMake/CMakeFiles/CMakeTmp'
Makefile:127: recipe for target 'cmTC_df8ab/fast' failed
make: *** [cmTC_df8ab/fast] Error 2


Source:
/* */
#include <stdio.h>
#include <inttypes.h>
#include <sys/ioctl.h>
#include <sys/param.h>
#include <sys/poll.h>
#include <sys/resource.h>
#include <sys/select.h>
#include <sys/socket.h>
#include <sys/stat.h>
#include <sys/time.h>
#include <sys/types.h>
#include <sys/uio.h>
#include <sys/un.h>
#include <sys/xattr.h>
#include <alloca.h>
#include <arpa/inet.h>
#include <arpa/tftp.h>
#include <assert.h>
#include <err.h>
#include <errno.h>
#include <fcntl.h>
#include <ifaddrs.h>
#include <libgen.h>
#include <locale.h>
#include <net/if.h>
#include <netdb.h>
#include <netinet/in.h>
#include <netinet/tcp.h>
#include <poll.h>
#include <pwd.h>
#include <setjmp.h>
#include <sgtty.h>
#include <signal.h>
#include <ssl.h>


int main(void){return 0;}

Determining if files stdio.h;inttypes.h;sys/ioctl.h;sys/param.h;sys/poll.h;sys/resource.h;sys/select.h;sys/socket.h;sys/stat.h;sys/time.h;sys/types.h;sys/uio.h;sys/un.h;sys/xattr.h;alloca.h;arpa/inet.h;arpa/tftp.h;assert.h;err.h;errno.h;fcntl.h;ifaddrs.h;libgen.h;locale.h;net/if.h;netdb.h;netinet/in.h;netinet/tcp.h;poll.h;pwd.h;setjmp.h;sgtty.h;signal.h;stdbool.h;stdint.h;stdio.h;stdlib.h;string.h;strings.h;stropts.h;termio.h;termios.h;time.h;unistd.h;utime.h;x509.h exist failed with the following output:
Change Dir: /content/CMake/CMakeFiles/CMakeTmp

Run Build Command(s):/usr/bin/make -f Makefile cmTC_2e5a3/fast && make  -f CMakeFiles/cmTC_2e5a3.dir/build.make CMakeFiles/cmTC_2e5a3.dir/build
make[1]: Entering directory '/content/CMake/CMakeFiles/CMakeTmp'
Building C object CMakeFiles/cmTC_2e5a3.dir/HAVE_X509_H.c.o
/usr/bin/gcc   -w  -std=gnu11 -o CMakeFiles/cmTC_2e5a3.dir/HAVE_X509_H.c.o -c /content/CMake/CMakeFiles/CheckIncludeFiles/HAVE_X509_H.c
/content/CMake/CMakeFiles/CheckIncludeFiles/HAVE_X509_H.c:47:10: fatal error: x509.h: No such file or directory
 #include <x509.h>
          ^~~~~~~~
compilation terminated.
CMakeFiles/cmTC_2e5a3.dir/build.make:77: recipe for target 'CMakeFiles/cmTC_2e5a3.dir/HAVE_X509_H.c.o' failed
make[1]: *** [CMakeFiles/cmTC_2e5a3.dir/HAVE_X509_H.c.o] Error 1
make[1]: Leaving directory '/content/CMake/CMakeFiles/CMakeTmp'
Makefile:127: recipe for target 'cmTC_2e5a3/fast' failed
make: *** [cmTC_2e5a3/fast] Error 2


Source:
/* */
#include <stdio.h>
#include <inttypes.h>
#include <sys/ioctl.h>
#include <sys/param.h>
#include <sys/poll.h>
#include <sys/resource.h>
#include <sys/select.h>
#include <sys/socket.h>
#include <sys/stat.h>
#include <sys/time.h>
#include <sys/types.h>
#include <sys/uio.h>
#include <sys/un.h>
#include <sys/xattr.h>
#include <alloca.h>
#include <arpa/inet.h>
#include <arpa/tftp.h>
#include <assert.h>
#include <err.h>
#include <errno.h>
#include <fcntl.h>
#include <ifaddrs.h>
#include <libgen.h>
#include <locale.h>
#include <net/if.h>
#include <netdb.h>
#include <netinet/in.h>
#include <netinet/tcp.h>
#include <poll.h>
#include <pwd.h>
#include <setjmp.h>
#include <sgtty.h>
#include <signal.h>
#include <stdbool.h>
#include <stdint.h>
#include <stdio.h>
#include <stdlib.h>
#include <string.h>
#include <strings.h>
#include <stropts.h>
#include <termio.h>
#include <termios.h>
#include <time.h>
#include <unistd.h>
#include <utime.h>
#include <x509.h>


int main(void){return 0;}

Determining if files stdio.h;inttypes.h;sys/ioctl.h;sys/param.h;sys/poll.h;sys/resource.h;sys/select.h;sys/socket.h;sys/stat.h;sys/time.h;sys/types.h;sys/uio.h;sys/un.h;sys/xattr.h;alloca.h;arpa/inet.h;arpa/tftp.h;assert.h;err.h;errno.h;fcntl.h;ifaddrs.h;libgen.h;locale.h;net/if.h;netdb.h;netinet/in.h;netinet/tcp.h;poll.h;pwd.h;setjmp.h;sgtty.h;signal.h;stdbool.h;stdint.h;stdio.h;stdlib.h;string.h;strings.h;stropts.h;termio.h;termios.h;time.h;unistd.h;utime.h;process.h exist failed with the following output:
Change Dir: /content/CMake/CMakeFiles/CMakeTmp

Run Build Command(s):/usr/bin/make -f Makefile cmTC_e40e3/fast && make  -f CMakeFiles/cmTC_e40e3.dir/build.make CMakeFiles/cmTC_e40e3.dir/build
make[1]: Entering directory '/content/CMake/CMakeFiles/CMakeTmp'
Building C object CMakeFiles/cmTC_e40e3.dir/HAVE_PROCESS_H.c.o
/usr/bin/gcc   -w  -std=gnu11 -o CMakeFiles/cmTC_e40e3.dir/HAVE_PROCESS_H.c.o -c /content/CMake/CMakeFiles/CheckIncludeFiles/HAVE_PROCESS_H.c
/content/CMake/CMakeFiles/CheckIncludeFiles/HAVE_PROCESS_H.c:47:10: fatal error: process.h: No such file or directory
 #include <process.h>
          ^~~~~~~~~~~
compilation terminated.
CMakeFiles/cmTC_e40e3.dir/build.make:77: recipe for target 'CMakeFiles/cmTC_e40e3.dir/HAVE_PROCESS_H.c.o' failed
make[1]: *** [CMakeFiles/cmTC_e40e3.dir/HAVE_PROCESS_H.c.o] Error 1
make[1]: Leaving directory '/content/CMake/CMakeFiles/CMakeTmp'
Makefile:127: recipe for target 'cmTC_e40e3/fast' failed
make: *** [cmTC_e40e3/fast] Error 2


Source:
/* */
#include <stdio.h>
#include <inttypes.h>
#include <sys/ioctl.h>
#include <sys/param.h>
#include <sys/poll.h>
#include <sys/resource.h>
#include <sys/select.h>
#include <sys/socket.h>
#include <sys/stat.h>
#include <sys/time.h>
#include <sys/types.h>
#include <sys/uio.h>
#include <sys/un.h>
#include <sys/xattr.h>
#include <alloca.h>
#include <arpa/inet.h>
#include <arpa/tftp.h>
#include <assert.h>
#include <err.h>
#include <errno.h>
#include <fcntl.h>
#include <ifaddrs.h>
#include <libgen.h>
#include <locale.h>
#include <net/if.h>
#include <netdb.h>
#include <netinet/in.h>
#include <netinet/tcp.h>
#include <poll.h>
#include <pwd.h>
#include <setjmp.h>
#include <sgtty.h>
#include <signal.h>
#include <stdbool.h>
#include <stdint.h>
#include <stdio.h>
#include <stdlib.h>
#include <string.h>
#include <strings.h>
#include <stropts.h>
#include <termio.h>
#include <termios.h>
#include <time.h>
#include <unistd.h>
#include <utime.h>
#include <process.h>


int main(void){return 0;}

Determining if files stdio.h;inttypes.h;sys/ioctl.h;sys/param.h;sys/poll.h;sys/resource.h;sys/select.h;sys/socket.h;sys/stat.h;sys/time.h;sys/types.h;sys/uio.h;sys/un.h;sys/xattr.h;alloca.h;arpa/inet.h;arpa/tftp.h;assert.h;err.h;errno.h;fcntl.h;ifaddrs.h;libgen.h;locale.h;net/if.h;netdb.h;netinet/in.h;netinet/tcp.h;poll.h;pwd.h;setjmp.h;sgtty.h;signal.h;stdbool.h;stdint.h;stdio.h;stdlib.h;string.h;strings.h;stropts.h;termio.h;termios.h;time.h;unistd.h;utime.h;stddef.h;dlfcn.h;malloc.h;memory.h;netinet/if_ether.h;stdint.h;sockio.h exist failed with the following output:
Change Dir: /content/CMake/CMakeFiles/CMakeTmp

Run Build Command(s):/usr/bin/make -f Makefile cmTC_d4476/fast && make  -f CMakeFiles/cmTC_d4476.dir/build.make CMakeFiles/cmTC_d4476.dir/build
make[1]: Entering directory '/content/CMake/CMakeFiles/CMakeTmp'
Building C object CMakeFiles/cmTC_d4476.dir/HAVE_SOCKIO_H.c.o
/usr/bin/gcc   -w  -std=gnu11 -o CMakeFiles/cmTC_d4476.dir/HAVE_SOCKIO_H.c.o -c /content/CMake/CMakeFiles/CheckIncludeFiles/HAVE_SOCKIO_H.c
/content/CMake/CMakeFiles/CheckIncludeFiles/HAVE_SOCKIO_H.c:53:10: fatal error: sockio.h: No such file or directory
 #include <sockio.h>
          ^~~~~~~~~~
compilation terminated.
CMakeFiles/cmTC_d4476.dir/build.make:77: recipe for target 'CMakeFiles/cmTC_d4476.dir/HAVE_SOCKIO_H.c.o' failed
make[1]: *** [CMakeFiles/cmTC_d4476.dir/HAVE_SOCKIO_H.c.o] Error 1
make[1]: Leaving directory '/content/CMake/CMakeFiles/CMakeTmp'
Makefile:127: recipe for target 'cmTC_d4476/fast' failed
make: *** [cmTC_d4476/fast] Error 2


Source:
/* */
#include <stdio.h>
#include <inttypes.h>
#include <sys/ioctl.h>
#include <sys/param.h>
#include <sys/poll.h>
#include <sys/resource.h>
#include <sys/select.h>
#include <sys/socket.h>
#include <sys/stat.h>
#include <sys/time.h>
#include <sys/types.h>
#include <sys/uio.h>
#include <sys/un.h>
#include <sys/xattr.h>
#include <alloca.h>
#include <arpa/inet.h>
#include <arpa/tftp.h>
#include <assert.h>
#include <err.h>
#include <errno.h>
#include <fcntl.h>
#include <ifaddrs.h>
#include <libgen.h>
#include <locale.h>
#include <net/if.h>
#include <netdb.h>
#include <netinet/in.h>
#include <netinet/tcp.h>
#include <poll.h>
#include <pwd.h>
#include <setjmp.h>
#include <sgtty.h>
#include <signal.h>
#include <stdbool.h>
#include <stdint.h>
#include <stdio.h>
#include <stdlib.h>
#include <string.h>
#include <strings.h>
#include <stropts.h>
#include <termio.h>
#include <termios.h>
#include <time.h>
#include <unistd.h>
#include <utime.h>
#include <stddef.h>
#include <dlfcn.h>
#include <malloc.h>
#include <memory.h>
#include <netinet/if_ether.h>
#include <stdint.h>
#include <sockio.h>


int main(void){return 0;}

Determining if the stricmp exist failed with the following output:
Change Dir: /content/CMake/CMakeFiles/CMakeTmp

Run Build Command(s):/usr/bin/make -f Makefile cmTC_ee064/fast && make  -f CMakeFiles/cmTC_ee064.dir/build.make CMakeFiles/cmTC_ee064.dir/build
make[1]: Entering directory '/content/CMake/CMakeFiles/CMakeTmp'
Building C object CMakeFiles/cmTC_ee064.dir/CheckSymbolExists.c.o
/usr/bin/gcc   -w  -std=gnu11 -o CMakeFiles/cmTC_ee064.dir/CheckSymbolExists.c.o -c /content/CMake/CMakeFiles/CMakeTmp/CheckSymbolExists.c
/content/CMake/CMakeFiles/CMakeTmp/CheckSymbolExists.c: In function ‘main’:
/content/CMake/CMakeFiles/CMakeTmp/CheckSymbolExists.c:59:19: error: ‘stricmp’ undeclared (first use in this function); did you mean ‘strncmp’?
   return ((int*)(&stricmp))[argc];
                   ^~~~~~~
                   strncmp
/content/CMake/CMakeFiles/CMakeTmp/CheckSymbolExists.c:59:19: note: each undeclared identifier is reported only once for each function it appears in
CMakeFiles/cmTC_ee064.dir/build.make:77: recipe for target 'CMakeFiles/cmTC_ee064.dir/CheckSymbolExists.c.o' failed
make[1]: *** [CMakeFiles/cmTC_ee064.dir/CheckSymbolExists.c.o] Error 1
make[1]: Leaving directory '/content/CMake/CMakeFiles/CMakeTmp'
Makefile:127: recipe for target 'cmTC_ee064/fast' failed
make: *** [cmTC_ee064/fast] Error 2


File /content/CMake/CMakeFiles/CMakeTmp/CheckSymbolExists.c:
/* */
#include <stdio.h>
#include <inttypes.h>
#include <sys/ioctl.h>
#include <sys/param.h>
#include <sys/poll.h>
#include <sys/resource.h>
#include <sys/select.h>
#include <sys/socket.h>
#include <sys/stat.h>
#include <sys/time.h>
#include <sys/types.h>
#include <sys/uio.h>
#include <sys/un.h>
#include <sys/xattr.h>
#include <alloca.h>
#include <arpa/inet.h>
#include <arpa/tftp.h>
#include <assert.h>
#include <err.h>
#include <errno.h>
#include <fcntl.h>
#include <ifaddrs.h>
#include <libgen.h>
#include <locale.h>
#include <net/if.h>
#include <netdb.h>
#include <netinet/in.h>
#include <netinet/tcp.h>
#include <poll.h>
#include <pwd.h>
#include <setjmp.h>
#include <sgtty.h>
#include <signal.h>
#include <stdbool.h>
#include <stdint.h>
#include <stdio.h>
#include <stdlib.h>
#include <string.h>
#include <strings.h>
#include <stropts.h>
#include <termio.h>
#include <termios.h>
#include <time.h>
#include <unistd.h>
#include <utime.h>
#include <stddef.h>
#include <dlfcn.h>
#include <malloc.h>
#include <memory.h>
#include <netinet/if_ether.h>
#include <stdint.h>
#include <sys/utsname.h>

int main(int argc, char** argv)
{
  (void)argv;
#ifndef stricmp
  return ((int*)(&stricmp))[argc];
#else
  (void)argc;
  return 0;
#endif
}
Determining if the strcmpi exist failed with the following output:
Change Dir: /content/CMake/CMakeFiles/CMakeTmp

Run Build Command(s):/usr/bin/make -f Makefile cmTC_ecbd7/fast && make  -f CMakeFiles/cmTC_ecbd7.dir/build.make CMakeFiles/cmTC_ecbd7.dir/build
make[1]: Entering directory '/content/CMake/CMakeFiles/CMakeTmp'
Building C object CMakeFiles/cmTC_ecbd7.dir/CheckSymbolExists.c.o
/usr/bin/gcc   -w  -std=gnu11 -o CMakeFiles/cmTC_ecbd7.dir/CheckSymbolExists.c.o -c /content/CMake/CMakeFiles/CMakeTmp/CheckSymbolExists.c
/content/CMake/CMakeFiles/CMakeTmp/CheckSymbolExists.c: In function ‘main’:
/content/CMake/CMakeFiles/CMakeTmp/CheckSymbolExists.c:59:19: error: ‘strcmpi’ undeclared (first use in this function); did you mean ‘strcmp’?
   return ((int*)(&strcmpi))[argc];
                   ^~~~~~~
                   strcmp
/content/CMake/CMakeFiles/CMakeTmp/CheckSymbolExists.c:59:19: note: each undeclared identifier is reported only once for each function it appears in
CMakeFiles/cmTC_ecbd7.dir/build.make:77: recipe for target 'CMakeFiles/cmTC_ecbd7.dir/CheckSymbolExists.c.o' failed
make[1]: *** [CMakeFiles/cmTC_ecbd7.dir/CheckSymbolExists.c.o] Error 1
make[1]: Leaving directory '/content/CMake/CMakeFiles/CMakeTmp'
Makefile:127: recipe for target 'cmTC_ecbd7/fast' failed
make: *** [cmTC_ecbd7/fast] Error 2


File /content/CMake/CMakeFiles/CMakeTmp/CheckSymbolExists.c:
/* */
#include <stdio.h>
#include <inttypes.h>
#include <sys/ioctl.h>
#include <sys/param.h>
#include <sys/poll.h>
#include <sys/resource.h>
#include <sys/select.h>
#include <sys/socket.h>
#include <sys/stat.h>
#include <sys/time.h>
#include <sys/types.h>
#include <sys/uio.h>
#include <sys/un.h>
#include <sys/xattr.h>
#include <alloca.h>
#include <arpa/inet.h>
#include <arpa/tftp.h>
#include <assert.h>
#include <err.h>
#include <errno.h>
#include <fcntl.h>
#include <ifaddrs.h>
#include <libgen.h>
#include <locale.h>
#include <net/if.h>
#include <netdb.h>
#include <netinet/in.h>
#include <netinet/tcp.h>
#include <poll.h>
#include <pwd.h>
#include <setjmp.h>
#include <sgtty.h>
#include <signal.h>
#include <stdbool.h>
#include <stdint.h>
#include <stdio.h>
#include <stdlib.h>
#include <string.h>
#include <strings.h>
#include <stropts.h>
#include <termio.h>
#include <termios.h>
#include <time.h>
#include <unistd.h>
#include <utime.h>
#include <stddef.h>
#include <dlfcn.h>
#include <malloc.h>
#include <memory.h>
#include <netinet/if_ether.h>
#include <stdint.h>
#include <sys/utsname.h>

int main(int argc, char** argv)
{
  (void)argv;
#ifndef strcmpi
  return ((int*)(&strcmpi))[argc];
#else
  (void)argc;
  return 0;
#endif
}
Determining if the strncmpi exist failed with the following output:
Change Dir: /content/CMake/CMakeFiles/CMakeTmp

Run Build Command(s):/usr/bin/make -f Makefile cmTC_fe4ac/fast && make  -f CMakeFiles/cmTC_fe4ac.dir/build.make CMakeFiles/cmTC_fe4ac.dir/build
make[1]: Entering directory '/content/CMake/CMakeFiles/CMakeTmp'
Building C object CMakeFiles/cmTC_fe4ac.dir/CheckSymbolExists.c.o
/usr/bin/gcc   -w  -std=gnu11 -o CMakeFiles/cmTC_fe4ac.dir/CheckSymbolExists.c.o -c /content/CMake/CMakeFiles/CMakeTmp/CheckSymbolExists.c
/content/CMake/CMakeFiles/CMakeTmp/CheckSymbolExists.c: In function ‘main’:
/content/CMake/CMakeFiles/CMakeTmp/CheckSymbolExists.c:59:19: error: ‘strncmpi’ undeclared (first use in this function); did you mean ‘strncmp’?
   return ((int*)(&strncmpi))[argc];
                   ^~~~~~~~
                   strncmp
/content/CMake/CMakeFiles/CMakeTmp/CheckSymbolExists.c:59:19: note: each undeclared identifier is reported only once for each function it appears in
CMakeFiles/cmTC_fe4ac.dir/build.make:77: recipe for target 'CMakeFiles/cmTC_fe4ac.dir/CheckSymbolExists.c.o' failed
make[1]: *** [CMakeFiles/cmTC_fe4ac.dir/CheckSymbolExists.c.o] Error 1
make[1]: Leaving directory '/content/CMake/CMakeFiles/CMakeTmp'
Makefile:127: recipe for target 'cmTC_fe4ac/fast' failed
make: *** [cmTC_fe4ac/fast] Error 2


File /content/CMake/CMakeFiles/CMakeTmp/CheckSymbolExists.c:
/* */
#include <stdio.h>
#include <inttypes.h>
#include <sys/ioctl.h>
#include <sys/param.h>
#include <sys/poll.h>
#include <sys/resource.h>
#include <sys/select.h>
#include <sys/socket.h>
#include <sys/stat.h>
#include <sys/time.h>
#include <sys/types.h>
#include <sys/uio.h>
#include <sys/un.h>
#include <sys/xattr.h>
#include <alloca.h>
#include <arpa/inet.h>
#include <arpa/tftp.h>
#include <assert.h>
#include <err.h>
#include <errno.h>
#include <fcntl.h>
#include <ifaddrs.h>
#include <libgen.h>
#include <locale.h>
#include <net/if.h>
#include <netdb.h>
#include <netinet/in.h>
#include <netinet/tcp.h>
#include <poll.h>
#include <pwd.h>
#include <setjmp.h>
#include <sgtty.h>
#include <signal.h>
#include <stdbool.h>
#include <stdint.h>
#include <stdio.h>
#include <stdlib.h>
#include <string.h>
#include <strings.h>
#include <stropts.h>
#include <termio.h>
#include <termios.h>
#include <time.h>
#include <unistd.h>
#include <utime.h>
#include <stddef.h>
#include <dlfcn.h>
#include <malloc.h>
#include <memory.h>
#include <netinet/if_ether.h>
#include <stdint.h>
#include <sys/utsname.h>

int main(int argc, char** argv)
{
  (void)argv;
#ifndef strncmpi
  return ((int*)(&strncmpi))[argc];
#else
  (void)argc;
  return 0;
#endif
}
Determining if the inet_ntoa_r exist failed with the following output:
Change Dir: /content/CMake/CMakeFiles/CMakeTmp

Run Build Command(s):/usr/bin/make -f Makefile cmTC_81f47/fast && make  -f CMakeFiles/cmTC_81f47.dir/build.make CMakeFiles/cmTC_81f47.dir/build
make[1]: Entering directory '/content/CMake/CMakeFiles/CMakeTmp'
Building C object CMakeFiles/cmTC_81f47.dir/CheckSymbolExists.c.o
/usr/bin/gcc   -w  -std=gnu11 -o CMakeFiles/cmTC_81f47.dir/CheckSymbolExists.c.o -c /content/CMake/CMakeFiles/CMakeTmp/CheckSymbolExists.c
/content/CMake/CMakeFiles/CMakeTmp/CheckSymbolExists.c: In function ‘main’:
/content/CMake/CMakeFiles/CMakeTmp/CheckSymbolExists.c:59:19: error: ‘inet_ntoa_r’ undeclared (first use in this function); did you mean ‘inet_ntoa’?
   return ((int*)(&inet_ntoa_r))[argc];
                   ^~~~~~~~~~~
                   inet_ntoa
/content/CMake/CMakeFiles/CMakeTmp/CheckSymbolExists.c:59:19: note: each undeclared identifier is reported only once for each function it appears in
CMakeFiles/cmTC_81f47.dir/build.make:77: recipe for target 'CMakeFiles/cmTC_81f47.dir/CheckSymbolExists.c.o' failed
make[1]: *** [CMakeFiles/cmTC_81f47.dir/CheckSymbolExists.c.o] Error 1
make[1]: Leaving directory '/content/CMake/CMakeFiles/CMakeTmp'
Makefile:127: recipe for target 'cmTC_81f47/fast' failed
make: *** [cmTC_81f47/fast] Error 2


File /content/CMake/CMakeFiles/CMakeTmp/CheckSymbolExists.c:
/* */
#include <stdio.h>
#include <inttypes.h>
#include <sys/ioctl.h>
#include <sys/param.h>
#include <sys/poll.h>
#include <sys/resource.h>
#include <sys/select.h>
#include <sys/socket.h>
#include <sys/stat.h>
#include <sys/time.h>
#include <sys/types.h>
#include <sys/uio.h>
#include <sys/un.h>
#include <sys/xattr.h>
#include <alloca.h>
#include <arpa/inet.h>
#include <arpa/tftp.h>
#include <assert.h>
#include <err.h>
#include <errno.h>
#include <fcntl.h>
#include <ifaddrs.h>
#include <libgen.h>
#include <locale.h>
#include <net/if.h>
#include <netdb.h>
#include <netinet/in.h>
#include <netinet/tcp.h>
#include <poll.h>
#include <pwd.h>
#include <setjmp.h>
#include <sgtty.h>
#include <signal.h>
#include <stdbool.h>
#include <stdint.h>
#include <stdio.h>
#include <stdlib.h>
#include <string.h>
#include <strings.h>
#include <stropts.h>
#include <termio.h>
#include <termios.h>
#include <time.h>
#include <unistd.h>
#include <utime.h>
#include <stddef.h>
#include <dlfcn.h>
#include <malloc.h>
#include <memory.h>
#include <netinet/if_ether.h>
#include <stdint.h>
#include <sys/utsname.h>

int main(int argc, char** argv)
{
  (void)argv;
#ifndef inet_ntoa_r
  return ((int*)(&inet_ntoa_r))[argc];
#else
  (void)argc;
  return 0;
#endif
}
Determining if the closesocket exist failed with the following output:
Change Dir: /content/CMake/CMakeFiles/CMakeTmp

Run Build Command(s):/usr/bin/make -f Makefile cmTC_3ebaf/fast && make  -f CMakeFiles/cmTC_3ebaf.dir/build.make CMakeFiles/cmTC_3ebaf.dir/build
make[1]: Entering directory '/content/CMake/CMakeFiles/CMakeTmp'
Building C object CMakeFiles/cmTC_3ebaf.dir/CheckSymbolExists.c.o
/usr/bin/gcc   -w  -std=gnu11 -o CMakeFiles/cmTC_3ebaf.dir/CheckSymbolExists.c.o -c /content/CMake/CMakeFiles/CMakeTmp/CheckSymbolExists.c
/content/CMake/CMakeFiles/CMakeTmp/CheckSymbolExists.c: In function ‘main’:
/content/CMake/CMakeFiles/CMakeTmp/CheckSymbolExists.c:59:19: error: ‘closesocket’ undeclared (first use in this function); did you mean ‘socket’?
   return ((int*)(&closesocket))[argc];
                   ^~~~~~~~~~~
                   socket
/content/CMake/CMakeFiles/CMakeTmp/CheckSymbolExists.c:59:19: note: each undeclared identifier is reported only once for each function it appears in
CMakeFiles/cmTC_3ebaf.dir/build.make:77: recipe for target 'CMakeFiles/cmTC_3ebaf.dir/CheckSymbolExists.c.o' failed
make[1]: *** [CMakeFiles/cmTC_3ebaf.dir/CheckSymbolExists.c.o] Error 1
make[1]: Leaving directory '/content/CMake/CMakeFiles/CMakeTmp'
Makefile:127: recipe for target 'cmTC_3ebaf/fast' failed
make: *** [cmTC_3ebaf/fast] Error 2


File /content/CMake/CMakeFiles/CMakeTmp/CheckSymbolExists.c:
/* */
#include <stdio.h>
#include <inttypes.h>
#include <sys/ioctl.h>
#include <sys/param.h>
#include <sys/poll.h>
#include <sys/resource.h>
#include <sys/select.h>
#include <sys/socket.h>
#include <sys/stat.h>
#include <sys/time.h>
#include <sys/types.h>
#include <sys/uio.h>
#include <sys/un.h>
#include <sys/xattr.h>
#include <alloca.h>
#include <arpa/inet.h>
#include <arpa/tftp.h>
#include <assert.h>
#include <err.h>
#include <errno.h>
#include <fcntl.h>
#include <ifaddrs.h>
#include <libgen.h>
#include <locale.h>
#include <net/if.h>
#include <netdb.h>
#include <netinet/in.h>
#include <netinet/tcp.h>
#include <poll.h>
#include <pwd.h>
#include <setjmp.h>
#include <sgtty.h>
#include <signal.h>
#include <stdbool.h>
#include <stdint.h>
#include <stdio.h>
#include <stdlib.h>
#include <string.h>
#include <strings.h>
#include <stropts.h>
#include <termio.h>
#include <termios.h>
#include <time.h>
#include <unistd.h>
#include <utime.h>
#include <stddef.h>
#include <dlfcn.h>
#include <malloc.h>
#include <memory.h>
#include <netinet/if_ether.h>
#include <stdint.h>
#include <sys/utsname.h>

int main(int argc, char** argv)
{
  (void)argv;
#ifndef closesocket
  return ((int*)(&closesocket))[argc];
#else
  (void)argc;
  return 0;
#endif
}
Determining if the getpass_r exist failed with the following output:
Change Dir: /content/CMake/CMakeFiles/CMakeTmp

Run Build Command(s):/usr/bin/make -f Makefile cmTC_dc14d/fast && make  -f CMakeFiles/cmTC_dc14d.dir/build.make CMakeFiles/cmTC_dc14d.dir/build
make[1]: Entering directory '/content/CMake/CMakeFiles/CMakeTmp'
Building C object CMakeFiles/cmTC_dc14d.dir/CheckSymbolExists.c.o
/usr/bin/gcc   -w  -std=gnu11 -o CMakeFiles/cmTC_dc14d.dir/CheckSymbolExists.c.o -c /content/CMake/CMakeFiles/CMakeTmp/CheckSymbolExists.c
/content/CMake/CMakeFiles/CMakeTmp/CheckSymbolExists.c: In function ‘main’:
/content/CMake/CMakeFiles/CMakeTmp/CheckSymbolExists.c:59:19: error: ‘getpass_r’ undeclared (first use in this function); did you mean ‘getpass’?
   return ((int*)(&getpass_r))[argc];
                   ^~~~~~~~~
                   getpass
/content/CMake/CMakeFiles/CMakeTmp/CheckSymbolExists.c:59:19: note: each undeclared identifier is reported only once for each function it appears in
CMakeFiles/cmTC_dc14d.dir/build.make:77: recipe for target 'CMakeFiles/cmTC_dc14d.dir/CheckSymbolExists.c.o' failed
make[1]: *** [CMakeFiles/cmTC_dc14d.dir/CheckSymbolExists.c.o] Error 1
make[1]: Leaving directory '/content/CMake/CMakeFiles/CMakeTmp'
Makefile:127: recipe for target 'cmTC_dc14d/fast' failed
make: *** [cmTC_dc14d/fast] Error 2


File /content/CMake/CMakeFiles/CMakeTmp/CheckSymbolExists.c:
/* */
#include <stdio.h>
#include <inttypes.h>
#include <sys/ioctl.h>
#include <sys/param.h>
#include <sys/poll.h>
#include <sys/resource.h>
#include <sys/select.h>
#include <sys/socket.h>
#include <sys/stat.h>
#include <sys/time.h>
#include <sys/types.h>
#include <sys/uio.h>
#include <sys/un.h>
#include <sys/xattr.h>
#include <alloca.h>
#include <arpa/inet.h>
#include <arpa/tftp.h>
#include <assert.h>
#include <err.h>
#include <errno.h>
#include <fcntl.h>
#include <ifaddrs.h>
#include <libgen.h>
#include <locale.h>
#include <net/if.h>
#include <netdb.h>
#include <netinet/in.h>
#include <netinet/tcp.h>
#include <poll.h>
#include <pwd.h>
#include <setjmp.h>
#include <sgtty.h>
#include <signal.h>
#include <stdbool.h>
#include <stdint.h>
#include <stdio.h>
#include <stdlib.h>
#include <string.h>
#include <strings.h>
#include <stropts.h>
#include <termio.h>
#include <termios.h>
#include <time.h>
#include <unistd.h>
#include <utime.h>
#include <stddef.h>
#include <dlfcn.h>
#include <malloc.h>
#include <memory.h>
#include <netinet/if_ether.h>
#include <stdint.h>
#include <sys/utsname.h>

int main(int argc, char** argv)
{
  (void)argv;
#ifndef getpass_r
  return ((int*)(&getpass_r))[argc];
#else
  (void)argc;
  return 0;
#endif
}
Determining if the _strtoi64 exist failed with the following output:
Change Dir: /content/CMake/CMakeFiles/CMakeTmp

Run Build Command(s):/usr/bin/make -f Makefile cmTC_2f825/fast && make  -f CMakeFiles/cmTC_2f825.dir/build.make CMakeFiles/cmTC_2f825.dir/build
make[1]: Entering directory '/content/CMake/CMakeFiles/CMakeTmp'
Building C object CMakeFiles/cmTC_2f825.dir/CheckSymbolExists.c.o
/usr/bin/gcc   -w  -std=gnu11 -o CMakeFiles/cmTC_2f825.dir/CheckSymbolExists.c.o -c /content/CMake/CMakeFiles/CMakeTmp/CheckSymbolExists.c
/content/CMake/CMakeFiles/CMakeTmp/CheckSymbolExists.c: In function ‘main’:
/content/CMake/CMakeFiles/CMakeTmp/CheckSymbolExists.c:59:19: error: ‘_strtoi64’ undeclared (first use in this function); did you mean ‘strtoull’?
   return ((int*)(&_strtoi64))[argc];
                   ^~~~~~~~~
                   strtoull
/content/CMake/CMakeFiles/CMakeTmp/CheckSymbolExists.c:59:19: note: each undeclared identifier is reported only once for each function it appears in
CMakeFiles/cmTC_2f825.dir/build.make:77: recipe for target 'CMakeFiles/cmTC_2f825.dir/CheckSymbolExists.c.o' failed
make[1]: *** [CMakeFiles/cmTC_2f825.dir/CheckSymbolExists.c.o] Error 1
make[1]: Leaving directory '/content/CMake/CMakeFiles/CMakeTmp'
Makefile:127: recipe for target 'cmTC_2f825/fast' failed
make: *** [cmTC_2f825/fast] Error 2


File /content/CMake/CMakeFiles/CMakeTmp/CheckSymbolExists.c:
/* */
#include <stdio.h>
#include <inttypes.h>
#include <sys/ioctl.h>
#include <sys/param.h>
#include <sys/poll.h>
#include <sys/resource.h>
#include <sys/select.h>
#include <sys/socket.h>
#include <sys/stat.h>
#include <sys/time.h>
#include <sys/types.h>
#include <sys/uio.h>
#include <sys/un.h>
#include <sys/xattr.h>
#include <alloca.h>
#include <arpa/inet.h>
#include <arpa/tftp.h>
#include <assert.h>
#include <err.h>
#include <errno.h>
#include <fcntl.h>
#include <ifaddrs.h>
#include <libgen.h>
#include <locale.h>
#include <net/if.h>
#include <netdb.h>
#include <netinet/in.h>
#include <netinet/tcp.h>
#include <poll.h>
#include <pwd.h>
#include <setjmp.h>
#include <sgtty.h>
#include <signal.h>
#include <stdbool.h>
#include <stdint.h>
#include <stdio.h>
#include <stdlib.h>
#include <string.h>
#include <strings.h>
#include <stropts.h>
#include <termio.h>
#include <termios.h>
#include <time.h>
#include <unistd.h>
#include <utime.h>
#include <stddef.h>
#include <dlfcn.h>
#include <malloc.h>
#include <memory.h>
#include <netinet/if_ether.h>
#include <stdint.h>
#include <sys/utsname.h>

int main(int argc, char** argv)
{
  (void)argv;
#ifndef _strtoi64
  return ((int*)(&_strtoi64))[argc];
#else
  (void)argc;
  return 0;
#endif
}
Determining if the setmode exist failed with the following output:
Change Dir: /content/CMake/CMakeFiles/CMakeTmp

Run Build Command(s):/usr/bin/make -f Makefile cmTC_ac54d/fast && make  -f CMakeFiles/cmTC_ac54d.dir/build.make CMakeFiles/cmTC_ac54d.dir/build
make[1]: Entering directory '/content/CMake/CMakeFiles/CMakeTmp'
Building C object CMakeFiles/cmTC_ac54d.dir/CheckSymbolExists.c.o
/usr/bin/gcc   -w  -std=gnu11 -o CMakeFiles/cmTC_ac54d.dir/CheckSymbolExists.c.o -c /content/CMake/CMakeFiles/CMakeTmp/CheckSymbolExists.c
/content/CMake/CMakeFiles/CMakeTmp/CheckSymbolExists.c: In function ‘main’:
/content/CMake/CMakeFiles/CMakeTmp/CheckSymbolExists.c:59:19: error: ‘setmode’ undeclared (first use in this function); did you mean ‘setgid’?
   return ((int*)(&setmode))[argc];
                   ^~~~~~~
                   setgid
/content/CMake/CMakeFiles/CMakeTmp/CheckSymbolExists.c:59:19: note: each undeclared identifier is reported only once for each function it appears in
CMakeFiles/cmTC_ac54d.dir/build.make:77: recipe for target 'CMakeFiles/cmTC_ac54d.dir/CheckSymbolExists.c.o' failed
make[1]: *** [CMakeFiles/cmTC_ac54d.dir/CheckSymbolExists.c.o] Error 1
make[1]: Leaving directory '/content/CMake/CMakeFiles/CMakeTmp'
Makefile:127: recipe for target 'cmTC_ac54d/fast' failed
make: *** [cmTC_ac54d/fast] Error 2


File /content/CMake/CMakeFiles/CMakeTmp/CheckSymbolExists.c:
/* */
#include <stdio.h>
#include <inttypes.h>
#include <sys/ioctl.h>
#include <sys/param.h>
#include <sys/poll.h>
#include <sys/resource.h>
#include <sys/select.h>
#include <sys/socket.h>
#include <sys/stat.h>
#include <sys/time.h>
#include <sys/types.h>
#include <sys/uio.h>
#include <sys/un.h>
#include <sys/xattr.h>
#include <alloca.h>
#include <arpa/inet.h>
#include <arpa/tftp.h>
#include <assert.h>
#include <err.h>
#include <errno.h>
#include <fcntl.h>
#include <ifaddrs.h>
#include <libgen.h>
#include <locale.h>
#include <net/if.h>
#include <netdb.h>
#include <netinet/in.h>
#include <netinet/tcp.h>
#include <poll.h>
#include <pwd.h>
#include <setjmp.h>
#include <sgtty.h>
#include <signal.h>
#include <stdbool.h>
#include <stdint.h>
#include <stdio.h>
#include <stdlib.h>
#include <string.h>
#include <strings.h>
#include <stropts.h>
#include <termio.h>
#include <termios.h>
#include <time.h>
#include <unistd.h>
#include <utime.h>
#include <stddef.h>
#include <dlfcn.h>
#include <malloc.h>
#include <memory.h>
#include <netinet/if_ether.h>
#include <stdint.h>
#include <sys/utsname.h>

int main(int argc, char** argv)
{
  (void)argv;
#ifndef setmode
  return ((int*)(&setmode))[argc];
#else
  (void)argc;
  return 0;
#endif
}
Determining if the function mach_absolute_time exists failed with the following output:
Change Dir: /content/CMake/CMakeFiles/CMakeTmp

Run Build Command(s):/usr/bin/make -f Makefile cmTC_6eda5/fast && make  -f CMakeFiles/cmTC_6eda5.dir/build.make CMakeFiles/cmTC_6eda5.dir/build
make[1]: Entering directory '/content/CMake/CMakeFiles/CMakeTmp'
Building C object CMakeFiles/cmTC_6eda5.dir/CheckFunctionExists.c.o
/usr/bin/gcc   -w -DCHECK_FUNCTION_EXISTS=mach_absolute_time -std=gnu11 -o CMakeFiles/cmTC_6eda5.dir/CheckFunctionExists.c.o -c /content/CMake/Modules/CheckFunctionExists.c
Linking C executable cmTC_6eda5
/content/CMake/Bootstrap.cmk/cmake -E cmake_link_script CMakeFiles/cmTC_6eda5.dir/link.txt --verbose=1
/usr/bin/gcc  -w -DCHECK_FUNCTION_EXISTS=mach_absolute_time CMakeFiles/cmTC_6eda5.dir/CheckFunctionExists.c.o -o cmTC_6eda5 
CMakeFiles/cmTC_6eda5.dir/CheckFunctionExists.c.o: In function `main':
CheckFunctionExists.c:(.text+0x10): undefined reference to `mach_absolute_time'
collect2: error: ld returned 1 exit status
CMakeFiles/cmTC_6eda5.dir/build.make:98: recipe for target 'cmTC_6eda5' failed
make[1]: *** [cmTC_6eda5] Error 1
make[1]: Leaving directory '/content/CMake/CMakeFiles/CMakeTmp'
Makefile:127: recipe for target 'cmTC_6eda5/fast' failed
make: *** [cmTC_6eda5/fast] Error 2



Performing Curl Test HAVE_FSETXATTR_6 failed with the following output:
Change Dir: /content/CMake/CMakeFiles/CMakeTmp

Run Build Command(s):/usr/bin/make -f Makefile cmTC_65ba2/fast && make  -f CMakeFiles/cmTC_65ba2.dir/build.make CMakeFiles/cmTC_65ba2.dir/build
make[1]: Entering directory '/content/CMake/CMakeFiles/CMakeTmp'
Building C object CMakeFiles/cmTC_65ba2.dir/CurlTests.c.o
/usr/bin/gcc   -w -DHAVE_FSETXATTR_6  -DHAVE_STDIO_H -DHAVE_INTTYPES_H -DHAVE_SYS_IOCTL_H -DHAVE_SYS_PARAM_H -DHAVE_SYS_POLL_H -DHAVE_SYS_RESOURCE_H -DHAVE_SYS_SELECT_H -DHAVE_SYS_SOCKET_H -DHAVE_SYS_STAT_H -DHAVE_SYS_TIME_H -DHAVE_SYS_TYPES_H -DHAVE_SYS_UIO_H -DHAVE_SYS_UN_H -DHAVE_SYS_XATTR_H -DHAVE_ALLOCA_H -DHAVE_ARPA_INET_H -DHAVE_ARPA_TFTP_H -DHAVE_ASSERT_H -DHAVE_ERR_H -DHAVE_ERRNO_H -DHAVE_FCNTL_H -DHAVE_IFADDRS_H -DHAVE_LIBGEN_H -DHAVE_LOCALE_H -DHAVE_NET_IF_H -DHAVE_NETDB_H -DHAVE_NETINET_IN_H -DHAVE_NETINET_TCP_H -DHAVE_POLL_H -DHAVE_PWD_H -DHAVE_SETJMP_H -DHAVE_SGTTY_H -DHAVE_SIGNAL_H -DHAVE_STDBOOL_H -DHAVE_STDINT_H -DHAVE_STDIO_H -DHAVE_STDLIB_H -DHAVE_STRING_H -DHAVE_STRINGS_H -DHAVE_STROPTS_H -DHAVE_TERMIO_H -DHAVE_TERMIOS_H -DHAVE_TIME_H -DHAVE_UNISTD_H -DHAVE_UTIME_H -DHAVE_STDDEF_H -DHAVE_DLFCN_H -DHAVE_MALLOC_H -DHAVE_MEMORY_H -DHAVE_NETINET_IF_ETHER_H -DHAVE_STDINT_H -DHAVE_SYS_UTSNAME_H -std=gnu11 -o CMakeFiles/cmTC_65ba2.dir/CurlTests.c.o -c /content/CMake/Utilities/cmcurl/CMake/CurlTests.c
/content/CMake/Utilities/cmcurl/CMake/CurlTests.c: In function ‘main’:
/content/CMake/Utilities/cmcurl/CMake/CurlTests.c:526:3: error: too many arguments to function ‘fsetxattr’
   fsetxattr(0, 0, 0, 0, 0, 0);
   ^~~~~~~~~
In file included from /content/CMake/Utilities/cmcurl/CMake/CurlTests.c:523:0:
/usr/include/x86_64-linux-gnu/sys/xattr.h:54:12: note: declared here
 extern int fsetxattr (int __fd, const char *__name, const void *__value,
            ^~~~~~~~~
CMakeFiles/cmTC_65ba2.dir/build.make:77: recipe for target 'CMakeFiles/cmTC_65ba2.dir/CurlTests.c.o' failed
make[1]: *** [CMakeFiles/cmTC_65ba2.dir/CurlTests.c.o] Error 1
make[1]: Leaving directory '/content/CMake/CMakeFiles/CMakeTmp'
Makefile:127: recipe for target 'cmTC_65ba2/fast' failed
make: *** [cmTC_65ba2/fast] Error 2


Determining size of ADDRESS_FAMILY failed with the following output:
Change Dir: /content/CMake/CMakeFiles/CMakeTmp

Run Build Command(s):/usr/bin/make -f Makefile cmTC_bc8e6/fast && make  -f CMakeFiles/cmTC_bc8e6.dir/build.make CMakeFiles/cmTC_bc8e6.dir/build
make[1]: Entering directory '/content/CMake/CMakeFiles/CMakeTmp'
Building C object CMakeFiles/cmTC_bc8e6.dir/SIZEOF_ADDRESS_FAMILY.c.o
/usr/bin/gcc   -w  -std=gnu11 -o CMakeFiles/cmTC_bc8e6.dir/SIZEOF_ADDRESS_FAMILY.c.o -c /content/CMake/CMakeFiles/CheckTypeSize/SIZEOF_ADDRESS_FAMILY.c
/content/CMake/CMakeFiles/CheckTypeSize/SIZEOF_ADDRESS_FAMILY.c:4:10: fatal error: ws2def.h: No such file or directory
 #include "ws2def.h"
          ^~~~~~~~~~
compilation terminated.
CMakeFiles/cmTC_bc8e6.dir/build.make:77: recipe for target 'CMakeFiles/cmTC_bc8e6.dir/SIZEOF_ADDRESS_FAMILY.c.o' failed
make[1]: *** [CMakeFiles/cmTC_bc8e6.dir/SIZEOF_ADDRESS_FAMILY.c.o] Error 1
make[1]: Leaving directory '/content/CMake/CMakeFiles/CMakeTmp'
Makefile:127: recipe for target 'cmTC_bc8e6/fast' failed
make: *** [cmTC_bc8e6/fast] Error 2


/content/CMake/CMakeFiles/CheckTypeSize/SIZEOF_ADDRESS_FAMILY.c:
#include <sys/types.h>
#include <stdint.h>
#include <stddef.h>
#include "ws2def.h"


#undef KEY
#if defined(__i386)
# define KEY '_','_','i','3','8','6'
#elif defined(__x86_64)
# define KEY '_','_','x','8','6','_','6','4'
#elif defined(__PPC64__)
# define KEY '_','_','P','P','C','6','4','_','_'
#elif defined(__ppc64__)
# define KEY '_','_','p','p','c','6','4','_','_'
#elif defined(__PPC__)
# define KEY '_','_','P','P','C','_','_'
#elif defined(__ppc__)
# define KEY '_','_','p','p','c','_','_'
#elif defined(__aarch64__)
# define KEY '_','_','a','a','r','c','h','6','4','_','_'
#elif defined(__ARM_ARCH_7A__)
# define KEY '_','_','A','R','M','_','A','R','C','H','_','7','A','_','_'
#elif defined(__ARM_ARCH_7S__)
# define KEY '_','_','A','R','M','_','A','R','C','H','_','7','S','_','_'
#endif

#define SIZE (sizeof(ADDRESS_FAMILY))
static char info_size[] =  {'I', 'N', 'F', 'O', ':', 's','i','z','e','[',
  ('0' + ((SIZE / 10000)%10)),
  ('0' + ((SIZE / 1000)%10)),
  ('0' + ((SIZE / 100)%10)),
  ('0' + ((SIZE / 10)%10)),
  ('0' +  (SIZE    % 10)),
  ']',
#ifdef KEY
  ' ','k','e','y','[', KEY, ']',
#endif
  '\0'};

#ifdef __CLASSIC_C__
int main(argc, argv) int argc; char *argv[];
#else
int main(int argc, char *argv[])
#endif
{
  int require = 0;
  require += info_size[argc];
  (void)argv;
  return require;
}


Performing Curl Test HAVE_IOCTLSOCKET failed with the following output:
Change Dir: /content/CMake/CMakeFiles/CMakeTmp

Run Build Command(s):/usr/bin/make -f Makefile cmTC_d3b65/fast && make  -f CMakeFiles/cmTC_d3b65.dir/build.make CMakeFiles/cmTC_d3b65.dir/build
make[1]: Entering directory '/content/CMake/CMakeFiles/CMakeTmp'
Building C object CMakeFiles/cmTC_d3b65.dir/CurlTests.c.o
/usr/bin/gcc   -w -DHAVE_IOCTLSOCKET  -DHAVE_STDIO_H -DHAVE_INTTYPES_H -DHAVE_SYS_IOCTL_H -DHAVE_SYS_PARAM_H -DHAVE_SYS_POLL_H -DHAVE_SYS_RESOURCE_H -DHAVE_SYS_SELECT_H -DHAVE_SYS_SOCKET_H -DHAVE_SYS_STAT_H -DHAVE_SYS_TIME_H -DHAVE_SYS_TYPES_H -DHAVE_SYS_UIO_H -DHAVE_SYS_UN_H -DHAVE_SYS_XATTR_H -DHAVE_ALLOCA_H -DHAVE_ARPA_INET_H -DHAVE_ARPA_TFTP_H -DHAVE_ASSERT_H -DHAVE_ERR_H -DHAVE_ERRNO_H -DHAVE_FCNTL_H -DHAVE_IFADDRS_H -DHAVE_LIBGEN_H -DHAVE_LOCALE_H -DHAVE_NET_IF_H -DHAVE_NETDB_H -DHAVE_NETINET_IN_H -DHAVE_NETINET_TCP_H -DHAVE_POLL_H -DHAVE_PWD_H -DHAVE_SETJMP_H -DHAVE_SGTTY_H -DHAVE_SIGNAL_H -DHAVE_STDBOOL_H -DHAVE_STDINT_H -DHAVE_STDIO_H -DHAVE_STDLIB_H -DHAVE_STRING_H -DHAVE_STRINGS_H -DHAVE_STROPTS_H -DHAVE_TERMIO_H -DHAVE_TERMIOS_H -DHAVE_TIME_H -DHAVE_UNISTD_H -DHAVE_UTIME_H -DHAVE_STDDEF_H -DHAVE_DLFCN_H -DHAVE_MALLOC_H -DHAVE_MEMORY_H -DHAVE_NETINET_IF_ETHER_H -DHAVE_STDINT_H -DHAVE_SYS_UTSNAME_H -std=gnu11 -o CMakeFiles/cmTC_d3b65.dir/CurlTests.c.o -c /content/CMake/Utilities/cmcurl/CMake/CurlTests.c
/content/CMake/Utilities/cmcurl/CMake/CurlTests.c: In function ‘main’:
/content/CMake/Utilities/cmcurl/CMake/CurlTests.c:308:44: error: ‘FIONBIO’ undeclared (first use in this function)
  unsigned long flags = ioctlsocket(socket, FIONBIO, &flags);
                                            ^~~~~~~
/content/CMake/Utilities/cmcurl/CMake/CurlTests.c:308:44: note: each undeclared identifier is reported only once for each function it appears in
CMakeFiles/cmTC_d3b65.dir/build.make:77: recipe for target 'CMakeFiles/cmTC_d3b65.dir/CurlTests.c.o' failed
make[1]: *** [CMakeFiles/cmTC_d3b65.dir/CurlTests.c.o] Error 1
make[1]: Leaving directory '/content/CMake/CMakeFiles/CMakeTmp'
Makefile:127: recipe for target 'cmTC_d3b65/fast' failed
make: *** [cmTC_d3b65/fast] Error 2


Performing Curl Test HAVE_IOCTLSOCKET_CAMEL failed with the following output:
Change Dir: /content/CMake/CMakeFiles/CMakeTmp

Run Build Command(s):/usr/bin/make -f Makefile cmTC_39743/fast && make  -f CMakeFiles/cmTC_39743.dir/build.make CMakeFiles/cmTC_39743.dir/build
make[1]: Entering directory '/content/CMake/CMakeFiles/CMakeTmp'
Building C object CMakeFiles/cmTC_39743.dir/CurlTests.c.o
/usr/bin/gcc   -w -DHAVE_IOCTLSOCKET_CAMEL  -DHAVE_STDIO_H -DHAVE_INTTYPES_H -DHAVE_SYS_IOCTL_H -DHAVE_SYS_PARAM_H -DHAVE_SYS_POLL_H -DHAVE_SYS_RESOURCE_H -DHAVE_SYS_SELECT_H -DHAVE_SYS_SOCKET_H -DHAVE_SYS_STAT_H -DHAVE_SYS_TIME_H -DHAVE_SYS_TYPES_H -DHAVE_SYS_UIO_H -DHAVE_SYS_UN_H -DHAVE_SYS_XATTR_H -DHAVE_ALLOCA_H -DHAVE_ARPA_INET_H -DHAVE_ARPA_TFTP_H -DHAVE_ASSERT_H -DHAVE_ERR_H -DHAVE_ERRNO_H -DHAVE_FCNTL_H -DHAVE_IFADDRS_H -DHAVE_LIBGEN_H -DHAVE_LOCALE_H -DHAVE_NET_IF_H -DHAVE_NETDB_H -DHAVE_NETINET_IN_H -DHAVE_NETINET_TCP_H -DHAVE_POLL_H -DHAVE_PWD_H -DHAVE_SETJMP_H -DHAVE_SGTTY_H -DHAVE_SIGNAL_H -DHAVE_STDBOOL_H -DHAVE_STDINT_H -DHAVE_STDIO_H -DHAVE_STDLIB_H -DHAVE_STRING_H -DHAVE_STRINGS_H -DHAVE_STROPTS_H -DHAVE_TERMIO_H -DHAVE_TERMIOS_H -DHAVE_TIME_H -DHAVE_UNISTD_H -DHAVE_UTIME_H -DHAVE_STDDEF_H -DHAVE_DLFCN_H -DHAVE_MALLOC_H -DHAVE_MEMORY_H -DHAVE_NETINET_IF_ETHER_H -DHAVE_STDINT_H -DHAVE_SYS_UTSNAME_H -std=gnu11 -o CMakeFiles/cmTC_39743.dir/CurlTests.c.o -c /content/CMake/Utilities/cmcurl/CMake/CurlTests.c
Linking C executable cmTC_39743
/content/CMake/Bootstrap.cmk/cmake -E cmake_link_script CMakeFiles/cmTC_39743.dir/link.txt --verbose=1
/usr/bin/gcc  -w -DHAVE_IOCTLSOCKET_CAMEL  -DHAVE_STDIO_H -DHAVE_INTTYPES_H -DHAVE_SYS_IOCTL_H -DHAVE_SYS_PARAM_H -DHAVE_SYS_POLL_H -DHAVE_SYS_RESOURCE_H -DHAVE_SYS_SELECT_H -DHAVE_SYS_SOCKET_H -DHAVE_SYS_STAT_H -DHAVE_SYS_TIME_H -DHAVE_SYS_TYPES_H -DHAVE_SYS_UIO_H -DHAVE_SYS_UN_H -DHAVE_SYS_XATTR_H -DHAVE_ALLOCA_H -DHAVE_ARPA_INET_H -DHAVE_ARPA_TFTP_H -DHAVE_ASSERT_H -DHAVE_ERR_H -DHAVE_ERRNO_H -DHAVE_FCNTL_H -DHAVE_IFADDRS_H -DHAVE_LIBGEN_H -DHAVE_LOCALE_H -DHAVE_NET_IF_H -DHAVE_NETDB_H -DHAVE_NETINET_IN_H -DHAVE_NETINET_TCP_H -DHAVE_POLL_H -DHAVE_PWD_H -DHAVE_SETJMP_H -DHAVE_SGTTY_H -DHAVE_SIGNAL_H -DHAVE_STDBOOL_H -DHAVE_STDINT_H -DHAVE_STDIO_H -DHAVE_STDLIB_H -DHAVE_STRING_H -DHAVE_STRINGS_H -DHAVE_STROPTS_H -DHAVE_TERMIO_H -DHAVE_TERMIOS_H -DHAVE_TIME_H -DHAVE_UNISTD_H -DHAVE_UTIME_H -DHAVE_STDDEF_H -DHAVE_DLFCN_H -DHAVE_MALLOC_H -DHAVE_MEMORY_H -DHAVE_NETINET_IF_ETHER_H -DHAVE_STDINT_H -DHAVE_SYS_UTSNAME_H CMakeFiles/cmTC_39743.dir/CurlTests.c.o -o cmTC_39743 
CMakeFiles/cmTC_39743.dir/CurlTests.c.o: In function `main':
CurlTests.c:(.text+0x19): undefined reference to `IoctlSocket'
collect2: error: ld returned 1 exit status
CMakeFiles/cmTC_39743.dir/build.make:98: recipe for target 'cmTC_39743' failed
make[1]: *** [cmTC_39743] Error 1
make[1]: Leaving directory '/content/CMake/CMakeFiles/CMakeTmp'
Makefile:127: recipe for target 'cmTC_39743/fast' failed
make: *** [cmTC_39743/fast] Error 2


Performing Curl Test HAVE_IOCTLSOCKET_CAMEL_FIONBIO failed with the following output:
Change Dir: /content/CMake/CMakeFiles/CMakeTmp

Run Build Command(s):/usr/bin/make -f Makefile cmTC_753ef/fast && make  -f CMakeFiles/cmTC_753ef.dir/build.make CMakeFiles/cmTC_753ef.dir/build
make[1]: Entering directory '/content/CMake/CMakeFiles/CMakeTmp'
Building C object CMakeFiles/cmTC_753ef.dir/CurlTests.c.o
/usr/bin/gcc   -w -DHAVE_IOCTLSOCKET_CAMEL_FIONBIO  -DHAVE_STDIO_H -DHAVE_INTTYPES_H -DHAVE_SYS_IOCTL_H -DHAVE_SYS_PARAM_H -DHAVE_SYS_POLL_H -DHAVE_SYS_RESOURCE_H -DHAVE_SYS_SELECT_H -DHAVE_SYS_SOCKET_H -DHAVE_SYS_STAT_H -DHAVE_SYS_TIME_H -DHAVE_SYS_TYPES_H -DHAVE_SYS_UIO_H -DHAVE_SYS_UN_H -DHAVE_SYS_XATTR_H -DHAVE_ALLOCA_H -DHAVE_ARPA_INET_H -DHAVE_ARPA_TFTP_H -DHAVE_ASSERT_H -DHAVE_ERR_H -DHAVE_ERRNO_H -DHAVE_FCNTL_H -DHAVE_IFADDRS_H -DHAVE_LIBGEN_H -DHAVE_LOCALE_H -DHAVE_NET_IF_H -DHAVE_NETDB_H -DHAVE_NETINET_IN_H -DHAVE_NETINET_TCP_H -DHAVE_POLL_H -DHAVE_PWD_H -DHAVE_SETJMP_H -DHAVE_SGTTY_H -DHAVE_SIGNAL_H -DHAVE_STDBOOL_H -DHAVE_STDINT_H -DHAVE_STDIO_H -DHAVE_STDLIB_H -DHAVE_STRING_H -DHAVE_STRINGS_H -DHAVE_STROPTS_H -DHAVE_TERMIO_H -DHAVE_TERMIOS_H -DHAVE_TIME_H -DHAVE_UNISTD_H -DHAVE_UTIME_H -DHAVE_STDDEF_H -DHAVE_DLFCN_H -DHAVE_MALLOC_H -DHAVE_MEMORY_H -DHAVE_NETINET_IF_ETHER_H -DHAVE_STDINT_H -DHAVE_SYS_UTSNAME_H -std=gnu11 -o CMakeFiles/cmTC_753ef.dir/CurlTests.c.o -c /content/CMake/Utilities/cmcurl/CMake/CurlTests.c
/content/CMake/Utilities/cmcurl/CMake/CurlTests.c: In function ‘main’:
/content/CMake/Utilities/cmcurl/CMake/CurlTests.c:364:32: error: ‘FIONBIO’ undeclared (first use in this function)
         if(0 != ioctlsocket(0, FIONBIO, &flags))
                                ^~~~~~~
/content/CMake/Utilities/cmcurl/CMake/CurlTests.c:364:32: note: each undeclared identifier is reported only once for each function it appears in
CMakeFiles/cmTC_753ef.dir/build.make:77: recipe for target 'CMakeFiles/cmTC_753ef.dir/CurlTests.c.o' failed
make[1]: *** [CMakeFiles/cmTC_753ef.dir/CurlTests.c.o] Error 1
make[1]: Leaving directory '/content/CMake/CMakeFiles/CMakeTmp'
Makefile:127: recipe for target 'cmTC_753ef/fast' failed
make: *** [cmTC_753ef/fast] Error 2


Performing Curl Test HAVE_IOCTLSOCKET_FIONBIO failed with the following output:
Change Dir: /content/CMake/CMakeFiles/CMakeTmp

Run Build Command(s):/usr/bin/make -f Makefile cmTC_cacc4/fast && make  -f CMakeFiles/cmTC_cacc4.dir/build.make CMakeFiles/cmTC_cacc4.dir/build
make[1]: Entering directory '/content/CMake/CMakeFiles/CMakeTmp'
Building C object CMakeFiles/cmTC_cacc4.dir/CurlTests.c.o
/usr/bin/gcc   -w -DHAVE_IOCTLSOCKET_FIONBIO  -DHAVE_STDIO_H -DHAVE_INTTYPES_H -DHAVE_SYS_IOCTL_H -DHAVE_SYS_PARAM_H -DHAVE_SYS_POLL_H -DHAVE_SYS_RESOURCE_H -DHAVE_SYS_SELECT_H -DHAVE_SYS_SOCKET_H -DHAVE_SYS_STAT_H -DHAVE_SYS_TIME_H -DHAVE_SYS_TYPES_H -DHAVE_SYS_UIO_H -DHAVE_SYS_UN_H -DHAVE_SYS_XATTR_H -DHAVE_ALLOCA_H -DHAVE_ARPA_INET_H -DHAVE_ARPA_TFTP_H -DHAVE_ASSERT_H -DHAVE_ERR_H -DHAVE_ERRNO_H -DHAVE_FCNTL_H -DHAVE_IFADDRS_H -DHAVE_LIBGEN_H -DHAVE_LOCALE_H -DHAVE_NET_IF_H -DHAVE_NETDB_H -DHAVE_NETINET_IN_H -DHAVE_NETINET_TCP_H -DHAVE_POLL_H -DHAVE_PWD_H -DHAVE_SETJMP_H -DHAVE_SGTTY_H -DHAVE_SIGNAL_H -DHAVE_STDBOOL_H -DHAVE_STDINT_H -DHAVE_STDIO_H -DHAVE_STDLIB_H -DHAVE_STRING_H -DHAVE_STRINGS_H -DHAVE_STROPTS_H -DHAVE_TERMIO_H -DHAVE_TERMIOS_H -DHAVE_TIME_H -DHAVE_UNISTD_H -DHAVE_UTIME_H -DHAVE_STDDEF_H -DHAVE_DLFCN_H -DHAVE_MALLOC_H -DHAVE_MEMORY_H -DHAVE_NETINET_IF_ETHER_H -DHAVE_STDINT_H -DHAVE_SYS_UTSNAME_H -std=gnu11 -o CMakeFiles/cmTC_cacc4.dir/CurlTests.c.o -c /content/CMake/Utilities/cmcurl/CMake/CurlTests.c
/content/CMake/Utilities/cmcurl/CMake/CurlTests.c: In function ‘main’:
/content/CMake/Utilities/cmcurl/CMake/CurlTests.c:391:32: error: ‘FIONBIO’ undeclared (first use in this function)
         if(0 != ioctlsocket(0, FIONBIO, &flags))
                                ^~~~~~~
/content/CMake/Utilities/cmcurl/CMake/CurlTests.c:391:32: note: each undeclared identifier is reported only once for each function it appears in
CMakeFiles/cmTC_cacc4.dir/build.make:77: recipe for target 'CMakeFiles/cmTC_cacc4.dir/CurlTests.c.o' failed
make[1]: *** [CMakeFiles/cmTC_cacc4.dir/CurlTests.c.o] Error 1
make[1]: Leaving directory '/content/CMake/CMakeFiles/CMakeTmp'
Makefile:127: recipe for target 'cmTC_cacc4/fast' failed
make: *** [cmTC_cacc4/fast] Error 2


Performing Curl Test HAVE_SETSOCKOPT_SO_NONBLOCK failed with the following output:
Change Dir: /content/CMake/CMakeFiles/CMakeTmp

Run Build Command(s):/usr/bin/make -f Makefile cmTC_dcdc1/fast && make  -f CMakeFiles/cmTC_dcdc1.dir/build.make CMakeFiles/cmTC_dcdc1.dir/build
make[1]: Entering directory '/content/CMake/CMakeFiles/CMakeTmp'
Building C object CMakeFiles/cmTC_dcdc1.dir/CurlTests.c.o
/usr/bin/gcc   -w -DHAVE_SETSOCKOPT_SO_NONBLOCK  -DHAVE_STDIO_H -DHAVE_INTTYPES_H -DHAVE_SYS_IOCTL_H -DHAVE_SYS_PARAM_H -DHAVE_SYS_POLL_H -DHAVE_SYS_RESOURCE_H -DHAVE_SYS_SELECT_H -DHAVE_SYS_SOCKET_H -DHAVE_SYS_STAT_H -DHAVE_SYS_TIME_H -DHAVE_SYS_TYPES_H -DHAVE_SYS_UIO_H -DHAVE_SYS_UN_H -DHAVE_SYS_XATTR_H -DHAVE_ALLOCA_H -DHAVE_ARPA_INET_H -DHAVE_ARPA_TFTP_H -DHAVE_ASSERT_H -DHAVE_ERR_H -DHAVE_ERRNO_H -DHAVE_FCNTL_H -DHAVE_IFADDRS_H -DHAVE_LIBGEN_H -DHAVE_LOCALE_H -DHAVE_NET_IF_H -DHAVE_NETDB_H -DHAVE_NETINET_IN_H -DHAVE_NETINET_TCP_H -DHAVE_POLL_H -DHAVE_PWD_H -DHAVE_SETJMP_H -DHAVE_SGTTY_H -DHAVE_SIGNAL_H -DHAVE_STDBOOL_H -DHAVE_STDINT_H -DHAVE_STDIO_H -DHAVE_STDLIB_H -DHAVE_STRING_H -DHAVE_STRINGS_H -DHAVE_STROPTS_H -DHAVE_TERMIO_H -DHAVE_TERMIOS_H -DHAVE_TIME_H -DHAVE_UNISTD_H -DHAVE_UTIME_H -DHAVE_STDDEF_H -DHAVE_DLFCN_H -DHAVE_MALLOC_H -DHAVE_MEMORY_H -DHAVE_NETINET_IF_ETHER_H -DHAVE_STDINT_H -DHAVE_SYS_UTSNAME_H -std=gnu11 -o CMakeFiles/cmTC_dcdc1.dir/CurlTests.c.o -c /content/CMake/Utilities/cmcurl/CMake/CurlTests.c
/content/CMake/Utilities/cmcurl/CMake/CurlTests.c: In function ‘main’:
/content/CMake/Utilities/cmcurl/CMake/CurlTests.c:487:43: error: ‘SO_NONBLOCK’ undeclared (first use in this function); did you mean ‘SOCK_NONBLOCK’?
         if(0 != setsockopt(0, SOL_SOCKET, SO_NONBLOCK, 0, 0))
                                           ^~~~~~~~~~~
                                           SOCK_NONBLOCK
/content/CMake/Utilities/cmcurl/CMake/CurlTests.c:487:43: note: each undeclared identifier is reported only once for each function it appears in
CMakeFiles/cmTC_dcdc1.dir/build.make:77: recipe for target 'CMakeFiles/cmTC_dcdc1.dir/CurlTests.c.o' failed
make[1]: *** [CMakeFiles/cmTC_dcdc1.dir/CurlTests.c.o] Error 1
make[1]: Leaving directory '/content/CMake/CMakeFiles/CMakeTmp'
Makefile:127: recipe for target 'cmTC_dcdc1/fast' failed
make: *** [cmTC_dcdc1/fast] Error 2


Performing Curl Test HAVE_O_NONBLOCK failed with the following output:
Change Dir: /content/CMake/CMakeFiles/CMakeTmp

Run Build Command(s):/usr/bin/make -f Makefile cmTC_e5f96/fast && make  -f CMakeFiles/cmTC_e5f96.dir/build.make CMakeFiles/cmTC_e5f96.dir/build
make[1]: Entering directory '/content/CMake/CMakeFiles/CMakeTmp'
Building C object CMakeFiles/cmTC_e5f96.dir/CurlTests.c.o
/usr/bin/gcc   -w -DHAVE_O_NONBLOCK  -DHAVE_STDIO_H -DHAVE_INTTYPES_H -DHAVE_SYS_IOCTL_H -DHAVE_SYS_PARAM_H -DHAVE_SYS_POLL_H -DHAVE_SYS_RESOURCE_H -DHAVE_SYS_SELECT_H -DHAVE_SYS_SOCKET_H -DHAVE_SYS_STAT_H -DHAVE_SYS_TIME_H -DHAVE_SYS_TYPES_H -DHAVE_SYS_UIO_H -DHAVE_SYS_UN_H -DHAVE_SYS_XATTR_H -DHAVE_ALLOCA_H -DHAVE_ARPA_INET_H -DHAVE_ARPA_TFTP_H -DHAVE_ASSERT_H -DHAVE_ERR_H -DHAVE_ERRNO_H -DHAVE_FCNTL_H -DHAVE_IFADDRS_H -DHAVE_LIBGEN_H -DHAVE_LOCALE_H -DHAVE_NET_IF_H -DHAVE_NETDB_H -DHAVE_NETINET_IN_H -DHAVE_NETINET_TCP_H -DHAVE_POLL_H -DHAVE_PWD_H -DHAVE_SETJMP_H -DHAVE_SGTTY_H -DHAVE_SIGNAL_H -DHAVE_STDBOOL_H -DHAVE_STDINT_H -DHAVE_STDIO_H -DHAVE_STDLIB_H -DHAVE_STRING_H -DHAVE_STRINGS_H -DHAVE_STROPTS_H -DHAVE_TERMIO_H -DHAVE_TERMIOS_H -DHAVE_TIME_H -DHAVE_UNISTD_H -DHAVE_UTIME_H -DHAVE_STDDEF_H -DHAVE_DLFCN_H -DHAVE_MALLOC_H -DHAVE_MEMORY_H -DHAVE_NETINET_IF_ETHER_H -DHAVE_STDINT_H -DHAVE_SYS_UTSNAME_H -std=gnu11 -o CMakeFiles/cmTC_e5f96.dir/CurlTests.c.o -c /content/CMake/Utilities/cmcurl/CMake/CurlTests.c
Linking C executable cmTC_e5f96
/content/CMake/Bootstrap.cmk/cmake -E cmake_link_script CMakeFiles/cmTC_e5f96.dir/link.txt --verbose=1
/usr/bin/gcc  -w -DHAVE_O_NONBLOCK  -DHAVE_STDIO_H -DHAVE_INTTYPES_H -DHAVE_SYS_IOCTL_H -DHAVE_SYS_PARAM_H -DHAVE_SYS_POLL_H -DHAVE_SYS_RESOURCE_H -DHAVE_SYS_SELECT_H -DHAVE_SYS_SOCKET_H -DHAVE_SYS_STAT_H -DHAVE_SYS_TIME_H -DHAVE_SYS_TYPES_H -DHAVE_SYS_UIO_H -DHAVE_SYS_UN_H -DHAVE_SYS_XATTR_H -DHAVE_ALLOCA_H -DHAVE_ARPA_INET_H -DHAVE_ARPA_TFTP_H -DHAVE_ASSERT_H -DHAVE_ERR_H -DHAVE_ERRNO_H -DHAVE_FCNTL_H -DHAVE_IFADDRS_H -DHAVE_LIBGEN_H -DHAVE_LOCALE_H -DHAVE_NET_IF_H -DHAVE_NETDB_H -DHAVE_NETINET_IN_H -DHAVE_NETINET_TCP_H -DHAVE_POLL_H -DHAVE_PWD_H -DHAVE_SETJMP_H -DHAVE_SGTTY_H -DHAVE_SIGNAL_H -DHAVE_STDBOOL_H -DHAVE_STDINT_H -DHAVE_STDIO_H -DHAVE_STDLIB_H -DHAVE_STRING_H -DHAVE_STRINGS_H -DHAVE_STROPTS_H -DHAVE_TERMIO_H -DHAVE_TERMIOS_H -DHAVE_TIME_H -DHAVE_UNISTD_H -DHAVE_UTIME_H -DHAVE_STDDEF_H -DHAVE_DLFCN_H -DHAVE_MALLOC_H -DHAVE_MEMORY_H -DHAVE_NETINET_IF_ETHER_H -DHAVE_STDINT_H -DHAVE_SYS_UTSNAME_H CMakeFiles/cmTC_e5f96.dir/CurlTests.c.o -o cmTC_e5f96 
/usr/lib/gcc/x86_64-linux-gnu/7/../../../x86_64-linux-gnu/Scrt1.o: In function `_start':
(.text+0x20): undefined reference to `main'
collect2: error: ld returned 1 exit status
CMakeFiles/cmTC_e5f96.dir/build.make:98: recipe for target 'cmTC_e5f96' failed
make[1]: *** [cmTC_e5f96] Error 1
make[1]: Leaving directory '/content/CMake/CMakeFiles/CMakeTmp'
Makefile:127: recipe for target 'cmTC_e5f96/fast' failed
make: *** [cmTC_e5f96/fast] Error 2


Performing Curl Test HAVE_GETHOSTBYADDR_R_5 failed with the following output:
Change Dir: /content/CMake/CMakeFiles/CMakeTmp

Run Build Command(s):/usr/bin/make -f Makefile cmTC_7df10/fast && make  -f CMakeFiles/cmTC_7df10.dir/build.make CMakeFiles/cmTC_7df10.dir/build
make[1]: Entering directory '/content/CMake/CMakeFiles/CMakeTmp'
Building C object CMakeFiles/cmTC_7df10.dir/CurlTests.c.o
/usr/bin/gcc   -w -DHAVE_GETHOSTBYADDR_R_5  -DHAVE_STDIO_H -DHAVE_INTTYPES_H -DHAVE_SYS_IOCTL_H -DHAVE_SYS_PARAM_H -DHAVE_SYS_POLL_H -DHAVE_SYS_RESOURCE_H -DHAVE_SYS_SELECT_H -DHAVE_SYS_SOCKET_H -DHAVE_SYS_STAT_H -DHAVE_SYS_TIME_H -DHAVE_SYS_TYPES_H -DHAVE_SYS_UIO_H -DHAVE_SYS_UN_H -DHAVE_SYS_XATTR_H -DHAVE_ALLOCA_H -DHAVE_ARPA_INET_H -DHAVE_ARPA_TFTP_H -DHAVE_ASSERT_H -DHAVE_ERR_H -DHAVE_ERRNO_H -DHAVE_FCNTL_H -DHAVE_IFADDRS_H -DHAVE_LIBGEN_H -DHAVE_LOCALE_H -DHAVE_NET_IF_H -DHAVE_NETDB_H -DHAVE_NETINET_IN_H -DHAVE_NETINET_TCP_H -DHAVE_POLL_H -DHAVE_PWD_H -DHAVE_SETJMP_H -DHAVE_SGTTY_H -DHAVE_SIGNAL_H -DHAVE_STDBOOL_H -DHAVE_STDINT_H -DHAVE_STDIO_H -DHAVE_STDLIB_H -DHAVE_STRING_H -DHAVE_STRINGS_H -DHAVE_STROPTS_H -DHAVE_TERMIO_H -DHAVE_TERMIOS_H -DHAVE_TIME_H -DHAVE_UNISTD_H -DHAVE_UTIME_H -DHAVE_STDDEF_H -DHAVE_DLFCN_H -DHAVE_MALLOC_H -DHAVE_MEMORY_H -DHAVE_NETINET_IF_ETHER_H -DHAVE_STDINT_H -DHAVE_SYS_UTSNAME_H -std=gnu11 -o CMakeFiles/cmTC_7df10.dir/CurlTests.c.o -c /content/CMake/Utilities/cmcurl/CMake/CurlTests.c
/content/CMake/Utilities/cmcurl/CMake/CurlTests.c: In function ‘main’:
/content/CMake/Utilities/cmcurl/CMake/CurlTests.c:106:23: error: storage size of ‘hdata’ isn’t known
   struct hostent_data hdata;
                       ^~~~~
/content/CMake/Utilities/cmcurl/CMake/CurlTests.c:127:8: error: too few arguments to function ‘gethostbyaddr_r’
   rc = gethostbyaddr_r(address, length, type, &h, &hdata);
        ^~~~~~~~~~~~~~~
In file included from /content/CMake/Utilities/cmcurl/CMake/CurlTests.c:93:0:
/usr/include/netdb.h:170:12: note: declared here
 extern int gethostbyaddr_r (const void *__restrict __addr, __socklen_t __len,
            ^~~~~~~~~~~~~~~
CMakeFiles/cmTC_7df10.dir/build.make:77: recipe for target 'CMakeFiles/cmTC_7df10.dir/CurlTests.c.o' failed
make[1]: *** [CMakeFiles/cmTC_7df10.dir/CurlTests.c.o] Error 1
make[1]: Leaving directory '/content/CMake/CMakeFiles/CMakeTmp'
Makefile:127: recipe for target 'cmTC_7df10/fast' failed
make: *** [cmTC_7df10/fast] Error 2


Performing Curl Test HAVE_GETHOSTBYADDR_R_7 failed with the following output:
Change Dir: /content/CMake/CMakeFiles/CMakeTmp

Run Build Command(s):/usr/bin/make -f Makefile cmTC_aa6d6/fast && make  -f CMakeFiles/cmTC_aa6d6.dir/build.make CMakeFiles/cmTC_aa6d6.dir/build
make[1]: Entering directory '/content/CMake/CMakeFiles/CMakeTmp'
Building C object CMakeFiles/cmTC_aa6d6.dir/CurlTests.c.o
/usr/bin/gcc   -w -DHAVE_GETHOSTBYADDR_R_7  -DHAVE_STDIO_H -DHAVE_INTTYPES_H -DHAVE_SYS_IOCTL_H -DHAVE_SYS_PARAM_H -DHAVE_SYS_POLL_H -DHAVE_SYS_RESOURCE_H -DHAVE_SYS_SELECT_H -DHAVE_SYS_SOCKET_H -DHAVE_SYS_STAT_H -DHAVE_SYS_TIME_H -DHAVE_SYS_TYPES_H -DHAVE_SYS_UIO_H -DHAVE_SYS_UN_H -DHAVE_SYS_XATTR_H -DHAVE_ALLOCA_H -DHAVE_ARPA_INET_H -DHAVE_ARPA_TFTP_H -DHAVE_ASSERT_H -DHAVE_ERR_H -DHAVE_ERRNO_H -DHAVE_FCNTL_H -DHAVE_IFADDRS_H -DHAVE_LIBGEN_H -DHAVE_LOCALE_H -DHAVE_NET_IF_H -DHAVE_NETDB_H -DHAVE_NETINET_IN_H -DHAVE_NETINET_TCP_H -DHAVE_POLL_H -DHAVE_PWD_H -DHAVE_SETJMP_H -DHAVE_SGTTY_H -DHAVE_SIGNAL_H -DHAVE_STDBOOL_H -DHAVE_STDINT_H -DHAVE_STDIO_H -DHAVE_STDLIB_H -DHAVE_STRING_H -DHAVE_STRINGS_H -DHAVE_STROPTS_H -DHAVE_TERMIO_H -DHAVE_TERMIOS_H -DHAVE_TIME_H -DHAVE_UNISTD_H -DHAVE_UTIME_H -DHAVE_STDDEF_H -DHAVE_DLFCN_H -DHAVE_MALLOC_H -DHAVE_MEMORY_H -DHAVE_NETINET_IF_ETHER_H -DHAVE_STDINT_H -DHAVE_SYS_UTSNAME_H -std=gnu11 -o CMakeFiles/cmTC_aa6d6.dir/CurlTests.c.o -c /content/CMake/Utilities/cmcurl/CMake/CurlTests.c
/content/CMake/Utilities/cmcurl/CMake/CurlTests.c: In function ‘main’:
/content/CMake/Utilities/cmcurl/CMake/CurlTests.c:131:8: error: too few arguments to function ‘gethostbyaddr_r’
   hp = gethostbyaddr_r(address, length, type, &h, buffer, 8192, &h_errnop);
        ^~~~~~~~~~~~~~~
In file included from /content/CMake/Utilities/cmcurl/CMake/CurlTests.c:93:0:
/usr/include/netdb.h:170:12: note: declared here
 extern int gethostbyaddr_r (const void *__restrict __addr, __socklen_t __len,
            ^~~~~~~~~~~~~~~
CMakeFiles/cmTC_aa6d6.dir/build.make:77: recipe for target 'CMakeFiles/cmTC_aa6d6.dir/CurlTests.c.o' failed
make[1]: *** [CMakeFiles/cmTC_aa6d6.dir/CurlTests.c.o] Error 1
make[1]: Leaving directory '/content/CMake/CMakeFiles/CMakeTmp'
Makefile:127: recipe for target 'cmTC_aa6d6/fast' failed
make: *** [cmTC_aa6d6/fast] Error 2


Performing Curl Test HAVE_GETHOSTBYADDR_R_5_REENTRANT failed with the following output:
Change Dir: /content/CMake/CMakeFiles/CMakeTmp

Run Build Command(s):/usr/bin/make -f Makefile cmTC_64b94/fast && make  -f CMakeFiles/cmTC_64b94.dir/build.make CMakeFiles/cmTC_64b94.dir/build
make[1]: Entering directory '/content/CMake/CMakeFiles/CMakeTmp'
Building C object CMakeFiles/cmTC_64b94.dir/CurlTests.c.o
/usr/bin/gcc   -w -DHAVE_GETHOSTBYADDR_R_5_REENTRANT  -DHAVE_STDIO_H -DHAVE_INTTYPES_H -DHAVE_SYS_IOCTL_H -DHAVE_SYS_PARAM_H -DHAVE_SYS_POLL_H -DHAVE_SYS_RESOURCE_H -DHAVE_SYS_SELECT_H -DHAVE_SYS_SOCKET_H -DHAVE_SYS_STAT_H -DHAVE_SYS_TIME_H -DHAVE_SYS_TYPES_H -DHAVE_SYS_UIO_H -DHAVE_SYS_UN_H -DHAVE_SYS_XATTR_H -DHAVE_ALLOCA_H -DHAVE_ARPA_INET_H -DHAVE_ARPA_TFTP_H -DHAVE_ASSERT_H -DHAVE_ERR_H -DHAVE_ERRNO_H -DHAVE_FCNTL_H -DHAVE_IFADDRS_H -DHAVE_LIBGEN_H -DHAVE_LOCALE_H -DHAVE_NET_IF_H -DHAVE_NETDB_H -DHAVE_NETINET_IN_H -DHAVE_NETINET_TCP_H -DHAVE_POLL_H -DHAVE_PWD_H -DHAVE_SETJMP_H -DHAVE_SGTTY_H -DHAVE_SIGNAL_H -DHAVE_STDBOOL_H -DHAVE_STDINT_H -DHAVE_STDIO_H -DHAVE_STDLIB_H -DHAVE_STRING_H -DHAVE_STRINGS_H -DHAVE_STROPTS_H -DHAVE_TERMIO_H -DHAVE_TERMIOS_H -DHAVE_TIME_H -DHAVE_UNISTD_H -DHAVE_UTIME_H -DHAVE_STDDEF_H -DHAVE_DLFCN_H -DHAVE_MALLOC_H -DHAVE_MEMORY_H -DHAVE_NETINET_IF_ETHER_H -DHAVE_STDINT_H -DHAVE_SYS_UTSNAME_H -std=gnu11 -o CMakeFiles/cmTC_64b94.dir/CurlTests.c.o -c /content/CMake/Utilities/cmcurl/CMake/CurlTests.c
/content/CMake/Utilities/cmcurl/CMake/CurlTests.c: In function ‘main’:
/content/CMake/Utilities/cmcurl/CMake/CurlTests.c:106:23: error: storage size of ‘hdata’ isn’t known
   struct hostent_data hdata;
                       ^~~~~
/content/CMake/Utilities/cmcurl/CMake/CurlTests.c:127:8: error: too few arguments to function ‘gethostbyaddr_r’
   rc = gethostbyaddr_r(address, length, type, &h, &hdata);
        ^~~~~~~~~~~~~~~
In file included from /content/CMake/Utilities/cmcurl/CMake/CurlTests.c:93:0:
/usr/include/netdb.h:170:12: note: declared here
 extern int gethostbyaddr_r (const void *__restrict __addr, __socklen_t __len,
            ^~~~~~~~~~~~~~~
CMakeFiles/cmTC_64b94.dir/build.make:77: recipe for target 'CMakeFiles/cmTC_64b94.dir/CurlTests.c.o' failed
make[1]: *** [CMakeFiles/cmTC_64b94.dir/CurlTests.c.o] Error 1
make[1]: Leaving directory '/content/CMake/CMakeFiles/CMakeTmp'
Makefile:127: recipe for target 'cmTC_64b94/fast' failed
make: *** [cmTC_64b94/fast] Error 2


Performing Curl Test HAVE_GETHOSTBYADDR_R_7_REENTRANT failed with the following output:
Change Dir: /content/CMake/CMakeFiles/CMakeTmp

Run Build Command(s):/usr/bin/make -f Makefile cmTC_fdd46/fast && make  -f CMakeFiles/cmTC_fdd46.dir/build.make CMakeFiles/cmTC_fdd46.dir/build
make[1]: Entering directory '/content/CMake/CMakeFiles/CMakeTmp'
Building C object CMakeFiles/cmTC_fdd46.dir/CurlTests.c.o
/usr/bin/gcc   -w -DHAVE_GETHOSTBYADDR_R_7_REENTRANT  -DHAVE_STDIO_H -DHAVE_INTTYPES_H -DHAVE_SYS_IOCTL_H -DHAVE_SYS_PARAM_H -DHAVE_SYS_POLL_H -DHAVE_SYS_RESOURCE_H -DHAVE_SYS_SELECT_H -DHAVE_SYS_SOCKET_H -DHAVE_SYS_STAT_H -DHAVE_SYS_TIME_H -DHAVE_SYS_TYPES_H -DHAVE_SYS_UIO_H -DHAVE_SYS_UN_H -DHAVE_SYS_XATTR_H -DHAVE_ALLOCA_H -DHAVE_ARPA_INET_H -DHAVE_ARPA_TFTP_H -DHAVE_ASSERT_H -DHAVE_ERR_H -DHAVE_ERRNO_H -DHAVE_FCNTL_H -DHAVE_IFADDRS_H -DHAVE_LIBGEN_H -DHAVE_LOCALE_H -DHAVE_NET_IF_H -DHAVE_NETDB_H -DHAVE_NETINET_IN_H -DHAVE_NETINET_TCP_H -DHAVE_POLL_H -DHAVE_PWD_H -DHAVE_SETJMP_H -DHAVE_SGTTY_H -DHAVE_SIGNAL_H -DHAVE_STDBOOL_H -DHAVE_STDINT_H -DHAVE_STDIO_H -DHAVE_STDLIB_H -DHAVE_STRING_H -DHAVE_STRINGS_H -DHAVE_STROPTS_H -DHAVE_TERMIO_H -DHAVE_TERMIOS_H -DHAVE_TIME_H -DHAVE_UNISTD_H -DHAVE_UTIME_H -DHAVE_STDDEF_H -DHAVE_DLFCN_H -DHAVE_MALLOC_H -DHAVE_MEMORY_H -DHAVE_NETINET_IF_ETHER_H -DHAVE_STDINT_H -DHAVE_SYS_UTSNAME_H -std=gnu11 -o CMakeFiles/cmTC_fdd46.dir/CurlTests.c.o -c /content/CMake/Utilities/cmcurl/CMake/CurlTests.c
/content/CMake/Utilities/cmcurl/CMake/CurlTests.c: In function ‘main’:
/content/CMake/Utilities/cmcurl/CMake/CurlTests.c:131:8: error: too few arguments to function ‘gethostbyaddr_r’
   hp = gethostbyaddr_r(address, length, type, &h, buffer, 8192, &h_errnop);
        ^~~~~~~~~~~~~~~
In file included from /content/CMake/Utilities/cmcurl/CMake/CurlTests.c:93:0:
/usr/include/netdb.h:170:12: note: declared here
 extern int gethostbyaddr_r (const void *__restrict __addr, __socklen_t __len,
            ^~~~~~~~~~~~~~~
CMakeFiles/cmTC_fdd46.dir/build.make:77: recipe for target 'CMakeFiles/cmTC_fdd46.dir/CurlTests.c.o' failed
make[1]: *** [CMakeFiles/cmTC_fdd46.dir/CurlTests.c.o] Error 1
make[1]: Leaving directory '/content/CMake/CMakeFiles/CMakeTmp'
Makefile:127: recipe for target 'cmTC_fdd46/fast' failed
make: *** [cmTC_fdd46/fast] Error 2


Performing Curl Test HAVE_GETHOSTBYNAME_R_3 failed with the following output:
Change Dir: /content/CMake/CMakeFiles/CMakeTmp

Run Build Command(s):/usr/bin/make -f Makefile cmTC_8af5d/fast && make  -f CMakeFiles/cmTC_8af5d.dir/build.make CMakeFiles/cmTC_8af5d.dir/build
make[1]: Entering directory '/content/CMake/CMakeFiles/CMakeTmp'
Building C object CMakeFiles/cmTC_8af5d.dir/CurlTests.c.o
/usr/bin/gcc   -w -DHAVE_GETHOSTBYNAME_R_3  -DHAVE_STDIO_H -DHAVE_INTTYPES_H -DHAVE_SYS_IOCTL_H -DHAVE_SYS_PARAM_H -DHAVE_SYS_POLL_H -DHAVE_SYS_RESOURCE_H -DHAVE_SYS_SELECT_H -DHAVE_SYS_SOCKET_H -DHAVE_SYS_STAT_H -DHAVE_SYS_TIME_H -DHAVE_SYS_TYPES_H -DHAVE_SYS_UIO_H -DHAVE_SYS_UN_H -DHAVE_SYS_XATTR_H -DHAVE_ALLOCA_H -DHAVE_ARPA_INET_H -DHAVE_ARPA_TFTP_H -DHAVE_ASSERT_H -DHAVE_ERR_H -DHAVE_ERRNO_H -DHAVE_FCNTL_H -DHAVE_IFADDRS_H -DHAVE_LIBGEN_H -DHAVE_LOCALE_H -DHAVE_NET_IF_H -DHAVE_NETDB_H -DHAVE_NETINET_IN_H -DHAVE_NETINET_TCP_H -DHAVE_POLL_H -DHAVE_PWD_H -DHAVE_SETJMP_H -DHAVE_SGTTY_H -DHAVE_SIGNAL_H -DHAVE_STDBOOL_H -DHAVE_STDINT_H -DHAVE_STDIO_H -DHAVE_STDLIB_H -DHAVE_STRING_H -DHAVE_STRINGS_H -DHAVE_STROPTS_H -DHAVE_TERMIO_H -DHAVE_TERMIOS_H -DHAVE_TIME_H -DHAVE_UNISTD_H -DHAVE_UTIME_H -DHAVE_STDDEF_H -DHAVE_DLFCN_H -DHAVE_MALLOC_H -DHAVE_MEMORY_H -DHAVE_NETINET_IF_ETHER_H -DHAVE_STDINT_H -DHAVE_SYS_UTSNAME_H -std=gnu11 -o CMakeFiles/cmTC_8af5d.dir/CurlTests.c.o -c /content/CMake/Utilities/cmcurl/CMake/CurlTests.c
/content/CMake/Utilities/cmcurl/CMake/CurlTests.c: In function ‘main’:
/content/CMake/Utilities/cmcurl/CMake/CurlTests.c:106:23: error: storage size of ‘hdata’ isn’t known
   struct hostent_data hdata;
                       ^~~~~
/content/CMake/Utilities/cmcurl/CMake/CurlTests.c:141:8: error: too few arguments to function ‘gethostbyname_r’
   rc = gethostbyname_r(address, &h, &hdata);
        ^~~~~~~~~~~~~~~
In file included from /content/CMake/Utilities/cmcurl/CMake/CurlTests.c:93:0:
/usr/include/netdb.h:177:12: note: declared here
 extern int gethostbyname_r (const char *__restrict __name,
            ^~~~~~~~~~~~~~~
CMakeFiles/cmTC_8af5d.dir/build.make:77: recipe for target 'CMakeFiles/cmTC_8af5d.dir/CurlTests.c.o' failed
make[1]: *** [CMakeFiles/cmTC_8af5d.dir/CurlTests.c.o] Error 1
make[1]: Leaving directory '/content/CMake/CMakeFiles/CMakeTmp'
Makefile:127: recipe for target 'cmTC_8af5d/fast' failed
make: *** [cmTC_8af5d/fast] Error 2


Performing Curl Test HAVE_GETHOSTBYNAME_R_5 failed with the following output:
Change Dir: /content/CMake/CMakeFiles/CMakeTmp

Run Build Command(s):/usr/bin/make -f Makefile cmTC_a2aea/fast && make  -f CMakeFiles/cmTC_a2aea.dir/build.make CMakeFiles/cmTC_a2aea.dir/build
make[1]: Entering directory '/content/CMake/CMakeFiles/CMakeTmp'
Building C object CMakeFiles/cmTC_a2aea.dir/CurlTests.c.o
/usr/bin/gcc   -w -DHAVE_GETHOSTBYNAME_R_5  -DHAVE_STDIO_H -DHAVE_INTTYPES_H -DHAVE_SYS_IOCTL_H -DHAVE_SYS_PARAM_H -DHAVE_SYS_POLL_H -DHAVE_SYS_RESOURCE_H -DHAVE_SYS_SELECT_H -DHAVE_SYS_SOCKET_H -DHAVE_SYS_STAT_H -DHAVE_SYS_TIME_H -DHAVE_SYS_TYPES_H -DHAVE_SYS_UIO_H -DHAVE_SYS_UN_H -DHAVE_SYS_XATTR_H -DHAVE_ALLOCA_H -DHAVE_ARPA_INET_H -DHAVE_ARPA_TFTP_H -DHAVE_ASSERT_H -DHAVE_ERR_H -DHAVE_ERRNO_H -DHAVE_FCNTL_H -DHAVE_IFADDRS_H -DHAVE_LIBGEN_H -DHAVE_LOCALE_H -DHAVE_NET_IF_H -DHAVE_NETDB_H -DHAVE_NETINET_IN_H -DHAVE_NETINET_TCP_H -DHAVE_POLL_H -DHAVE_PWD_H -DHAVE_SETJMP_H -DHAVE_SGTTY_H -DHAVE_SIGNAL_H -DHAVE_STDBOOL_H -DHAVE_STDINT_H -DHAVE_STDIO_H -DHAVE_STDLIB_H -DHAVE_STRING_H -DHAVE_STRINGS_H -DHAVE_STROPTS_H -DHAVE_TERMIO_H -DHAVE_TERMIOS_H -DHAVE_TIME_H -DHAVE_UNISTD_H -DHAVE_UTIME_H -DHAVE_STDDEF_H -DHAVE_DLFCN_H -DHAVE_MALLOC_H -DHAVE_MEMORY_H -DHAVE_NETINET_IF_ETHER_H -DHAVE_STDINT_H -DHAVE_SYS_UTSNAME_H -std=gnu11 -o CMakeFiles/cmTC_a2aea.dir/CurlTests.c.o -c /content/CMake/Utilities/cmcurl/CMake/CurlTests.c
/content/CMake/Utilities/cmcurl/CMake/CurlTests.c: In function ‘main’:
/content/CMake/Utilities/cmcurl/CMake/CurlTests.c:144:8: error: too few arguments to function ‘gethostbyname_r’
   rc = gethostbyname_r(address, &h, buffer, 8192, &h_errnop);
        ^~~~~~~~~~~~~~~
In file included from /content/CMake/Utilities/cmcurl/CMake/CurlTests.c:93:0:
/usr/include/netdb.h:177:12: note: declared here
 extern int gethostbyname_r (const char *__restrict __name,
            ^~~~~~~~~~~~~~~
CMakeFiles/cmTC_a2aea.dir/build.make:77: recipe for target 'CMakeFiles/cmTC_a2aea.dir/CurlTests.c.o' failed
make[1]: *** [CMakeFiles/cmTC_a2aea.dir/CurlTests.c.o] Error 1
make[1]: Leaving directory '/content/CMake/CMakeFiles/CMakeTmp'
Makefile:127: recipe for target 'cmTC_a2aea/fast' failed
make: *** [cmTC_a2aea/fast] Error 2


Performing Curl Test HAVE_GETHOSTBYNAME_R_3_REENTRANT failed with the following output:
Change Dir: /content/CMake/CMakeFiles/CMakeTmp

Run Build Command(s):/usr/bin/make -f Makefile cmTC_5b527/fast && make  -f CMakeFiles/cmTC_5b527.dir/build.make CMakeFiles/cmTC_5b527.dir/build
make[1]: Entering directory '/content/CMake/CMakeFiles/CMakeTmp'
Building C object CMakeFiles/cmTC_5b527.dir/CurlTests.c.o
/usr/bin/gcc   -w -DHAVE_GETHOSTBYNAME_R_3_REENTRANT  -DHAVE_STDIO_H -DHAVE_INTTYPES_H -DHAVE_SYS_IOCTL_H -DHAVE_SYS_PARAM_H -DHAVE_SYS_POLL_H -DHAVE_SYS_RESOURCE_H -DHAVE_SYS_SELECT_H -DHAVE_SYS_SOCKET_H -DHAVE_SYS_STAT_H -DHAVE_SYS_TIME_H -DHAVE_SYS_TYPES_H -DHAVE_SYS_UIO_H -DHAVE_SYS_UN_H -DHAVE_SYS_XATTR_H -DHAVE_ALLOCA_H -DHAVE_ARPA_INET_H -DHAVE_ARPA_TFTP_H -DHAVE_ASSERT_H -DHAVE_ERR_H -DHAVE_ERRNO_H -DHAVE_FCNTL_H -DHAVE_IFADDRS_H -DHAVE_LIBGEN_H -DHAVE_LOCALE_H -DHAVE_NET_IF_H -DHAVE_NETDB_H -DHAVE_NETINET_IN_H -DHAVE_NETINET_TCP_H -DHAVE_POLL_H -DHAVE_PWD_H -DHAVE_SETJMP_H -DHAVE_SGTTY_H -DHAVE_SIGNAL_H -DHAVE_STDBOOL_H -DHAVE_STDINT_H -DHAVE_STDIO_H -DHAVE_STDLIB_H -DHAVE_STRING_H -DHAVE_STRINGS_H -DHAVE_STROPTS_H -DHAVE_TERMIO_H -DHAVE_TERMIOS_H -DHAVE_TIME_H -DHAVE_UNISTD_H -DHAVE_UTIME_H -DHAVE_STDDEF_H -DHAVE_DLFCN_H -DHAVE_MALLOC_H -DHAVE_MEMORY_H -DHAVE_NETINET_IF_ETHER_H -DHAVE_STDINT_H -DHAVE_SYS_UTSNAME_H -std=gnu11 -o CMakeFiles/cmTC_5b527.dir/CurlTests.c.o -c /content/CMake/Utilities/cmcurl/CMake/CurlTests.c
/content/CMake/Utilities/cmcurl/CMake/CurlTests.c: In function ‘main’:
/content/CMake/Utilities/cmcurl/CMake/CurlTests.c:106:23: error: storage size of ‘hdata’ isn’t known
   struct hostent_data hdata;
                       ^~~~~
/content/CMake/Utilities/cmcurl/CMake/CurlTests.c:141:8: error: too few arguments to function ‘gethostbyname_r’
   rc = gethostbyname_r(address, &h, &hdata);
        ^~~~~~~~~~~~~~~
In file included from /content/CMake/Utilities/cmcurl/CMake/CurlTests.c:93:0:
/usr/include/netdb.h:177:12: note: declared here
 extern int gethostbyname_r (const char *__restrict __name,
            ^~~~~~~~~~~~~~~
CMakeFiles/cmTC_5b527.dir/build.make:77: recipe for target 'CMakeFiles/cmTC_5b527.dir/CurlTests.c.o' failed
make[1]: *** [CMakeFiles/cmTC_5b527.dir/CurlTests.c.o] Error 1
make[1]: Leaving directory '/content/CMake/CMakeFiles/CMakeTmp'
Makefile:127: recipe for target 'cmTC_5b527/fast' failed
make: *** [cmTC_5b527/fast] Error 2


Performing Curl Test HAVE_GETHOSTBYNAME_R_5_REENTRANT failed with the following output:
Change Dir: /content/CMake/CMakeFiles/CMakeTmp

Run Build Command(s):/usr/bin/make -f Makefile cmTC_0dcab/fast && make  -f CMakeFiles/cmTC_0dcab.dir/build.make CMakeFiles/cmTC_0dcab.dir/build
make[1]: Entering directory '/content/CMake/CMakeFiles/CMakeTmp'
Building C object CMakeFiles/cmTC_0dcab.dir/CurlTests.c.o
/usr/bin/gcc   -w -DHAVE_GETHOSTBYNAME_R_5_REENTRANT  -DHAVE_STDIO_H -DHAVE_INTTYPES_H -DHAVE_SYS_IOCTL_H -DHAVE_SYS_PARAM_H -DHAVE_SYS_POLL_H -DHAVE_SYS_RESOURCE_H -DHAVE_SYS_SELECT_H -DHAVE_SYS_SOCKET_H -DHAVE_SYS_STAT_H -DHAVE_SYS_TIME_H -DHAVE_SYS_TYPES_H -DHAVE_SYS_UIO_H -DHAVE_SYS_UN_H -DHAVE_SYS_XATTR_H -DHAVE_ALLOCA_H -DHAVE_ARPA_INET_H -DHAVE_ARPA_TFTP_H -DHAVE_ASSERT_H -DHAVE_ERR_H -DHAVE_ERRNO_H -DHAVE_FCNTL_H -DHAVE_IFADDRS_H -DHAVE_LIBGEN_H -DHAVE_LOCALE_H -DHAVE_NET_IF_H -DHAVE_NETDB_H -DHAVE_NETINET_IN_H -DHAVE_NETINET_TCP_H -DHAVE_POLL_H -DHAVE_PWD_H -DHAVE_SETJMP_H -DHAVE_SGTTY_H -DHAVE_SIGNAL_H -DHAVE_STDBOOL_H -DHAVE_STDINT_H -DHAVE_STDIO_H -DHAVE_STDLIB_H -DHAVE_STRING_H -DHAVE_STRINGS_H -DHAVE_STROPTS_H -DHAVE_TERMIO_H -DHAVE_TERMIOS_H -DHAVE_TIME_H -DHAVE_UNISTD_H -DHAVE_UTIME_H -DHAVE_STDDEF_H -DHAVE_DLFCN_H -DHAVE_MALLOC_H -DHAVE_MEMORY_H -DHAVE_NETINET_IF_ETHER_H -DHAVE_STDINT_H -DHAVE_SYS_UTSNAME_H -std=gnu11 -o CMakeFiles/cmTC_0dcab.dir/CurlTests.c.o -c /content/CMake/Utilities/cmcurl/CMake/CurlTests.c
/content/CMake/Utilities/cmcurl/CMake/CurlTests.c: In function ‘main’:
/content/CMake/Utilities/cmcurl/CMake/CurlTests.c:144:8: error: too few arguments to function ‘gethostbyname_r’
   rc = gethostbyname_r(address, &h, buffer, 8192, &h_errnop);
        ^~~~~~~~~~~~~~~
In file included from /content/CMake/Utilities/cmcurl/CMake/CurlTests.c:93:0:
/usr/include/netdb.h:177:12: note: declared here
 extern int gethostbyname_r (const char *__restrict __name,
            ^~~~~~~~~~~~~~~
CMakeFiles/cmTC_0dcab.dir/build.make:77: recipe for target 'CMakeFiles/cmTC_0dcab.dir/CurlTests.c.o' failed
make[1]: *** [CMakeFiles/cmTC_0dcab.dir/CurlTests.c.o] Error 1
make[1]: Leaving directory '/content/CMake/CMakeFiles/CMakeTmp'
Makefile:127: recipe for target 'cmTC_0dcab/fast' failed
make: *** [cmTC_0dcab/fast] Error 2


Performing Curl Test HAVE_INET_NTOA_R_DECL failed with the following output:
Change Dir: /content/CMake/CMakeFiles/CMakeTmp

Run Build Command(s):/usr/bin/make -f Makefile cmTC_0fc01/fast && make  -f CMakeFiles/cmTC_0fc01.dir/build.make CMakeFiles/cmTC_0fc01.dir/build
make[1]: Entering directory '/content/CMake/CMakeFiles/CMakeTmp'
Building C object CMakeFiles/cmTC_0fc01.dir/CurlTests.c.o
/usr/bin/gcc   -w -DHAVE_INET_NTOA_R_DECL  -DHAVE_STDIO_H -DHAVE_INTTYPES_H -DHAVE_SYS_IOCTL_H -DHAVE_SYS_PARAM_H -DHAVE_SYS_POLL_H -DHAVE_SYS_RESOURCE_H -DHAVE_SYS_SELECT_H -DHAVE_SYS_SOCKET_H -DHAVE_SYS_STAT_H -DHAVE_SYS_TIME_H -DHAVE_SYS_TYPES_H -DHAVE_SYS_UIO_H -DHAVE_SYS_UN_H -DHAVE_SYS_XATTR_H -DHAVE_ALLOCA_H -DHAVE_ARPA_INET_H -DHAVE_ARPA_TFTP_H -DHAVE_ASSERT_H -DHAVE_ERR_H -DHAVE_ERRNO_H -DHAVE_FCNTL_H -DHAVE_IFADDRS_H -DHAVE_LIBGEN_H -DHAVE_LOCALE_H -DHAVE_NET_IF_H -DHAVE_NETDB_H -DHAVE_NETINET_IN_H -DHAVE_NETINET_TCP_H -DHAVE_POLL_H -DHAVE_PWD_H -DHAVE_SETJMP_H -DHAVE_SGTTY_H -DHAVE_SIGNAL_H -DHAVE_STDBOOL_H -DHAVE_STDINT_H -DHAVE_STDIO_H -DHAVE_STDLIB_H -DHAVE_STRING_H -DHAVE_STRINGS_H -DHAVE_STROPTS_H -DHAVE_TERMIO_H -DHAVE_TERMIOS_H -DHAVE_TIME_H -DHAVE_UNISTD_H -DHAVE_UTIME_H -DHAVE_STDDEF_H -DHAVE_DLFCN_H -DHAVE_MALLOC_H -DHAVE_MEMORY_H -DHAVE_NETINET_IF_ETHER_H -DHAVE_STDINT_H -DHAVE_SYS_UTSNAME_H -std=gnu11 -o CMakeFiles/cmTC_0fc01.dir/CurlTests.c.o -c /content/CMake/Utilities/cmcurl/CMake/CurlTests.c
/content/CMake/Utilities/cmcurl/CMake/CurlTests.c: In function ‘main’:
/content/CMake/Utilities/cmcurl/CMake/CurlTests.c:226:21: error: ‘inet_ntoa_r’ undeclared (first use in this function); did you mean ‘inet_ntoa’?
   func = (func_type)inet_ntoa_r;
                     ^~~~~~~~~~~
                     inet_ntoa
/content/CMake/Utilities/cmcurl/CMake/CurlTests.c:226:21: note: each undeclared identifier is reported only once for each function it appears in
CMakeFiles/cmTC_0fc01.dir/build.make:77: recipe for target 'CMakeFiles/cmTC_0fc01.dir/CurlTests.c.o' failed
make[1]: *** [CMakeFiles/cmTC_0fc01.dir/CurlTests.c.o] Error 1
make[1]: Leaving directory '/content/CMake/CMakeFiles/CMakeTmp'
Makefile:127: recipe for target 'cmTC_0fc01/fast' failed
make: *** [cmTC_0fc01/fast] Error 2


Performing Curl Test HAVE_INET_NTOA_R_DECL_REENTRANT failed with the following output:
Change Dir: /content/CMake/CMakeFiles/CMakeTmp

Run Build Command(s):/usr/bin/make -f Makefile cmTC_91feb/fast && make  -f CMakeFiles/cmTC_91feb.dir/build.make CMakeFiles/cmTC_91feb.dir/build
make[1]: Entering directory '/content/CMake/CMakeFiles/CMakeTmp'
Building C object CMakeFiles/cmTC_91feb.dir/CurlTests.c.o
/usr/bin/gcc   -w -DHAVE_INET_NTOA_R_DECL_REENTRANT  -DHAVE_STDIO_H -DHAVE_INTTYPES_H -DHAVE_SYS_IOCTL_H -DHAVE_SYS_PARAM_H -DHAVE_SYS_POLL_H -DHAVE_SYS_RESOURCE_H -DHAVE_SYS_SELECT_H -DHAVE_SYS_SOCKET_H -DHAVE_SYS_STAT_H -DHAVE_SYS_TIME_H -DHAVE_SYS_TYPES_H -DHAVE_SYS_UIO_H -DHAVE_SYS_UN_H -DHAVE_SYS_XATTR_H -DHAVE_ALLOCA_H -DHAVE_ARPA_INET_H -DHAVE_ARPA_TFTP_H -DHAVE_ASSERT_H -DHAVE_ERR_H -DHAVE_ERRNO_H -DHAVE_FCNTL_H -DHAVE_IFADDRS_H -DHAVE_LIBGEN_H -DHAVE_LOCALE_H -DHAVE_NET_IF_H -DHAVE_NETDB_H -DHAVE_NETINET_IN_H -DHAVE_NETINET_TCP_H -DHAVE_POLL_H -DHAVE_PWD_H -DHAVE_SETJMP_H -DHAVE_SGTTY_H -DHAVE_SIGNAL_H -DHAVE_STDBOOL_H -DHAVE_STDINT_H -DHAVE_STDIO_H -DHAVE_STDLIB_H -DHAVE_STRING_H -DHAVE_STRINGS_H -DHAVE_STROPTS_H -DHAVE_TERMIO_H -DHAVE_TERMIOS_H -DHAVE_TIME_H -DHAVE_UNISTD_H -DHAVE_UTIME_H -DHAVE_STDDEF_H -DHAVE_DLFCN_H -DHAVE_MALLOC_H -DHAVE_MEMORY_H -DHAVE_NETINET_IF_ETHER_H -DHAVE_STDINT_H -DHAVE_SYS_UTSNAME_H -std=gnu11 -o CMakeFiles/cmTC_91feb.dir/CurlTests.c.o -c /content/CMake/Utilities/cmcurl/CMake/CurlTests.c
/content/CMake/Utilities/cmcurl/CMake/CurlTests.c: In function ‘main’:
/content/CMake/Utilities/cmcurl/CMake/CurlTests.c:242:22: error: ‘inet_ntoa_r’ undeclared (first use in this function); did you mean ‘inet_ntoa’?
   func = (func_type)&inet_ntoa_r;
                      ^~~~~~~~~~~
                      inet_ntoa
/content/CMake/Utilities/cmcurl/CMake/CurlTests.c:242:22: note: each undeclared identifier is reported only once for each function it appears in
CMakeFiles/cmTC_91feb.dir/build.make:77: recipe for target 'CMakeFiles/cmTC_91feb.dir/CurlTests.c.o' failed
make[1]: *** [CMakeFiles/cmTC_91feb.dir/CurlTests.c.o] Error 1
make[1]: Leaving directory '/content/CMake/CMakeFiles/CMakeTmp'
Makefile:127: recipe for target 'cmTC_91feb/fast' failed
make: *** [cmTC_91feb/fast] Error 2


Performing Curl Test HAVE_GLIBC_STRERROR_R failed with the following output:
Change Dir: /content/CMake/CMakeFiles/CMakeTmp

Run Build Command(s):/usr/bin/make -f Makefile cmTC_7be10/fast && make  -f CMakeFiles/cmTC_7be10.dir/build.make CMakeFiles/cmTC_7be10.dir/build
make[1]: Entering directory '/content/CMake/CMakeFiles/CMakeTmp'
Building C object CMakeFiles/cmTC_7be10.dir/CurlTests.c.o
/usr/bin/gcc   -w -DHAVE_GLIBC_STRERROR_R  -DHAVE_STDIO_H -DHAVE_INTTYPES_H -DHAVE_SYS_IOCTL_H -DHAVE_SYS_PARAM_H -DHAVE_SYS_POLL_H -DHAVE_SYS_RESOURCE_H -DHAVE_SYS_SELECT_H -DHAVE_SYS_SOCKET_H -DHAVE_SYS_STAT_H -DHAVE_SYS_TIME_H -DHAVE_SYS_TYPES_H -DHAVE_SYS_UIO_H -DHAVE_SYS_UN_H -DHAVE_SYS_XATTR_H -DHAVE_ALLOCA_H -DHAVE_ARPA_INET_H -DHAVE_ARPA_TFTP_H -DHAVE_ASSERT_H -DHAVE_ERR_H -DHAVE_ERRNO_H -DHAVE_FCNTL_H -DHAVE_IFADDRS_H -DHAVE_LIBGEN_H -DHAVE_LOCALE_H -DHAVE_NET_IF_H -DHAVE_NETDB_H -DHAVE_NETINET_IN_H -DHAVE_NETINET_TCP_H -DHAVE_POLL_H -DHAVE_PWD_H -DHAVE_SETJMP_H -DHAVE_SGTTY_H -DHAVE_SIGNAL_H -DHAVE_STDBOOL_H -DHAVE_STDINT_H -DHAVE_STDIO_H -DHAVE_STDLIB_H -DHAVE_STRING_H -DHAVE_STRINGS_H -DHAVE_STROPTS_H -DHAVE_TERMIO_H -DHAVE_TERMIOS_H -DHAVE_TIME_H -DHAVE_UNISTD_H -DHAVE_UTIME_H -DHAVE_STDDEF_H -DHAVE_DLFCN_H -DHAVE_MALLOC_H -DHAVE_MEMORY_H -DHAVE_NETINET_IF_ETHER_H -DHAVE_STDINT_H -DHAVE_SYS_UTSNAME_H -std=gnu11 -o CMakeFiles/cmTC_7be10.dir/CurlTests.c.o -c /content/CMake/Utilities/cmcurl/CMake/CurlTests.c
/content/CMake/Utilities/cmcurl/CMake/CurlTests.c: In function ‘main’:
/content/CMake/Utilities/cmcurl/CMake/CurlTests.c:503:51: error: subscripted value is neither array nor pointer nor vector
   check(strerror_r(EACCES, buffer, sizeof(buffer))[0]);
                                                   ^
CMakeFiles/cmTC_7be10.dir/build.make:77: recipe for target 'CMakeFiles/cmTC_7be10.dir/CurlTests.c.o' failed
make[1]: *** [CMakeFiles/cmTC_7be10.dir/CurlTests.c.o] Error 1
make[1]: Leaving directory '/content/CMake/CMakeFiles/CMakeTmp'
Makefile:127: recipe for target 'cmTC_7be10/fast' failed
make: *** [cmTC_7be10/fast] Error 2


Performing Curl Test HAVE_BUILTIN_AVAILABLE failed with the following output:
Change Dir: /content/CMake/CMakeFiles/CMakeTmp

Run Build Command(s):/usr/bin/make -f Makefile cmTC_42d81/fast && make  -f CMakeFiles/cmTC_42d81.dir/build.make CMakeFiles/cmTC_42d81.dir/build
make[1]: Entering directory '/content/CMake/CMakeFiles/CMakeTmp'
Building C object CMakeFiles/cmTC_42d81.dir/CurlTests.c.o
/usr/bin/gcc   -w -DHAVE_BUILTIN_AVAILABLE  -DHAVE_STDIO_H -DHAVE_INTTYPES_H -DHAVE_SYS_IOCTL_H -DHAVE_SYS_PARAM_H -DHAVE_SYS_POLL_H -DHAVE_SYS_RESOURCE_H -DHAVE_SYS_SELECT_H -DHAVE_SYS_SOCKET_H -DHAVE_SYS_STAT_H -DHAVE_SYS_TIME_H -DHAVE_SYS_TYPES_H -DHAVE_SYS_UIO_H -DHAVE_SYS_UN_H -DHAVE_SYS_XATTR_H -DHAVE_ALLOCA_H -DHAVE_ARPA_INET_H -DHAVE_ARPA_TFTP_H -DHAVE_ASSERT_H -DHAVE_ERR_H -DHAVE_ERRNO_H -DHAVE_FCNTL_H -DHAVE_IFADDRS_H -DHAVE_LIBGEN_H -DHAVE_LOCALE_H -DHAVE_NET_IF_H -DHAVE_NETDB_H -DHAVE_NETINET_IN_H -DHAVE_NETINET_TCP_H -DHAVE_POLL_H -DHAVE_PWD_H -DHAVE_SETJMP_H -DHAVE_SGTTY_H -DHAVE_SIGNAL_H -DHAVE_STDBOOL_H -DHAVE_STDINT_H -DHAVE_STDIO_H -DHAVE_STDLIB_H -DHAVE_STRING_H -DHAVE_STRINGS_H -DHAVE_STROPTS_H -DHAVE_TERMIO_H -DHAVE_TERMIOS_H -DHAVE_TIME_H -DHAVE_UNISTD_H -DHAVE_UTIME_H -DHAVE_STDDEF_H -DHAVE_DLFCN_H -DHAVE_MALLOC_H -DHAVE_MEMORY_H -DHAVE_NETINET_IF_ETHER_H -DHAVE_STDINT_H -DHAVE_SYS_UTSNAME_H -std=gnu11 -o CMakeFiles/cmTC_42d81.dir/CurlTests.c.o -c /content/CMake/Utilities/cmcurl/CMake/CurlTests.c
/content/CMake/Utilities/cmcurl/CMake/CurlTests.c: In function ‘main’:
/content/CMake/Utilities/cmcurl/CMake/CurlTests.c:550:26: error: ‘macOS’ undeclared (first use in this function)
   if(__builtin_available(macOS 10.12, *)) {}
                          ^~~~~
/content/CMake/Utilities/cmcurl/CMake/CurlTests.c:550:26: note: each undeclared identifier is reported only once for each function it appears in
/content/CMake/Utilities/cmcurl/CMake/CurlTests.c:550:32: error: expected ‘)’ before numeric constant
   if(__builtin_available(macOS 10.12, *)) {}
                                ^~~~~
CMakeFiles/cmTC_42d81.dir/build.make:77: recipe for target 'CMakeFiles/cmTC_42d81.dir/CurlTests.c.o' failed
make[1]: *** [CMakeFiles/cmTC_42d81.dir/CurlTests.c.o] Error 1
make[1]: Leaving directory '/content/CMake/CMakeFiles/CMakeTmp'
Makefile:127: recipe for target 'cmTC_42d81/fast' failed
make: *** [cmTC_42d81/fast] Error 2


Determining if the arc4random_buf exist failed with the following output:
Change Dir: /content/CMake/CMakeFiles/CMakeTmp

Run Build Command(s):/usr/bin/make -f Makefile cmTC_2b4af/fast && make  -f CMakeFiles/cmTC_2b4af.dir/build.make CMakeFiles/cmTC_2b4af.dir/build
make[1]: Entering directory '/content/CMake/CMakeFiles/CMakeTmp'
Building C object CMakeFiles/cmTC_2b4af.dir/CheckSymbolExists.c.o
/usr/bin/gcc   -w  -std=gnu11 -o CMakeFiles/cmTC_2b4af.dir/CheckSymbolExists.c.o -c /content/CMake/CMakeFiles/CMakeTmp/CheckSymbolExists.c
/content/CMake/CMakeFiles/CMakeTmp/CheckSymbolExists.c: In function ‘main’:
/content/CMake/CMakeFiles/CMakeTmp/CheckSymbolExists.c:8:19: error: ‘arc4random_buf’ undeclared (first use in this function); did you mean ‘srandom_r’?
   return ((int*)(&arc4random_buf))[argc];
                   ^~~~~~~~~~~~~~
                   srandom_r
/content/CMake/CMakeFiles/CMakeTmp/CheckSymbolExists.c:8:19: note: each undeclared identifier is reported only once for each function it appears in
CMakeFiles/cmTC_2b4af.dir/build.make:77: recipe for target 'CMakeFiles/cmTC_2b4af.dir/CheckSymbolExists.c.o' failed
make[1]: *** [CMakeFiles/cmTC_2b4af.dir/CheckSymbolExists.c.o] Error 1
make[1]: Leaving directory '/content/CMake/CMakeFiles/CMakeTmp'
Makefile:127: recipe for target 'cmTC_2b4af/fast' failed
make: *** [cmTC_2b4af/fast] Error 2


File /content/CMake/CMakeFiles/CMakeTmp/CheckSymbolExists.c:
/* */
#include <stdlib.h>

int main(int argc, char** argv)
{
  (void)argv;
#ifndef arc4random_buf
  return ((int*)(&arc4random_buf))[argc];
#else
  (void)argc;
  return 0;
#endif
}
Determining if the arc4random exist failed with the following output:
Change Dir: /content/CMake/CMakeFiles/CMakeTmp

Run Build Command(s):/usr/bin/make -f Makefile cmTC_f9299/fast && make  -f CMakeFiles/cmTC_f9299.dir/build.make CMakeFiles/cmTC_f9299.dir/build
make[1]: Entering directory '/content/CMake/CMakeFiles/CMakeTmp'
Building C object CMakeFiles/cmTC_f9299.dir/CheckSymbolExists.c.o
/usr/bin/gcc   -w  -std=gnu11 -o CMakeFiles/cmTC_f9299.dir/CheckSymbolExists.c.o -c /content/CMake/CMakeFiles/CMakeTmp/CheckSymbolExists.c
/content/CMake/CMakeFiles/CMakeTmp/CheckSymbolExists.c: In function ‘main’:
/content/CMake/CMakeFiles/CMakeTmp/CheckSymbolExists.c:8:19: error: ‘arc4random’ undeclared (first use in this function); did you mean ‘srandom’?
   return ((int*)(&arc4random))[argc];
                   ^~~~~~~~~~
                   srandom
/content/CMake/CMakeFiles/CMakeTmp/CheckSymbolExists.c:8:19: note: each undeclared identifier is reported only once for each function it appears in
CMakeFiles/cmTC_f9299.dir/build.make:77: recipe for target 'CMakeFiles/cmTC_f9299.dir/CheckSymbolExists.c.o' failed
make[1]: *** [CMakeFiles/cmTC_f9299.dir/CheckSymbolExists.c.o] Error 1
make[1]: Leaving directory '/content/CMake/CMakeFiles/CMakeTmp'
Makefile:127: recipe for target 'cmTC_f9299/fast' failed
make: *** [cmTC_f9299/fast] Error 2


File /content/CMake/CMakeFiles/CMakeTmp/CheckSymbolExists.c:
/* */
#include <stdlib.h>

int main(int argc, char** argv)
{
  (void)argv;
#ifndef arc4random
  return ((int*)(&arc4random))[argc];
#else
  (void)argc;
  return 0;
#endif
}
Determining if files sys/types.h;ctype.h;copyfile.h exist failed with the following output:
Change Dir: /content/CMake/CMakeFiles/CMakeTmp

Run Build Command(s):/usr/bin/make -f Makefile cmTC_55033/fast && make  -f CMakeFiles/cmTC_55033.dir/build.make CMakeFiles/cmTC_55033.dir/build
make[1]: Entering directory '/content/CMake/CMakeFiles/CMakeTmp'
Building C object CMakeFiles/cmTC_55033.dir/HAVE_COPYFILE_H.c.o
/usr/bin/gcc   -w  -std=gnu11 -o CMakeFiles/cmTC_55033.dir/HAVE_COPYFILE_H.c.o -c /content/CMake/CMakeFiles/CheckIncludeFiles/HAVE_COPYFILE_H.c
/content/CMake/CMakeFiles/CheckIncludeFiles/HAVE_COPYFILE_H.c:4:10: fatal error: copyfile.h: No such file or directory
 #include <copyfile.h>
          ^~~~~~~~~~~~
compilation terminated.
CMakeFiles/cmTC_55033.dir/build.make:77: recipe for target 'CMakeFiles/cmTC_55033.dir/HAVE_COPYFILE_H.c.o' failed
make[1]: *** [CMakeFiles/cmTC_55033.dir/HAVE_COPYFILE_H.c.o] Error 1
make[1]: Leaving directory '/content/CMake/CMakeFiles/CMakeTmp'
Makefile:127: recipe for target 'cmTC_55033/fast' failed
make: *** [cmTC_55033/fast] Error 2


Source:
/* */
#include <sys/types.h>
#include <ctype.h>
#include <copyfile.h>


int main(void){return 0;}

Determining if files sys/types.h;ctype.h;direct.h exist failed with the following output:
Change Dir: /content/CMake/CMakeFiles/CMakeTmp

Run Build Command(s):/usr/bin/make -f Makefile cmTC_aed7b/fast && make  -f CMakeFiles/cmTC_aed7b.dir/build.make CMakeFiles/cmTC_aed7b.dir/build
make[1]: Entering directory '/content/CMake/CMakeFiles/CMakeTmp'
Building C object CMakeFiles/cmTC_aed7b.dir/HAVE_DIRECT_H.c.o
/usr/bin/gcc   -w  -std=gnu11 -o CMakeFiles/cmTC_aed7b.dir/HAVE_DIRECT_H.c.o -c /content/CMake/CMakeFiles/CheckIncludeFiles/HAVE_DIRECT_H.c
/content/CMake/CMakeFiles/CheckIncludeFiles/HAVE_DIRECT_H.c:4:10: fatal error: direct.h: No such file or directory
 #include <direct.h>
          ^~~~~~~~~~
compilation terminated.
CMakeFiles/cmTC_aed7b.dir/build.make:77: recipe for target 'CMakeFiles/cmTC_aed7b.dir/HAVE_DIRECT_H.c.o' failed
make[1]: *** [CMakeFiles/cmTC_aed7b.dir/HAVE_DIRECT_H.c.o] Error 1
make[1]: Leaving directory '/content/CMake/CMakeFiles/CMakeTmp'
Makefile:127: recipe for target 'cmTC_aed7b/fast' failed
make: *** [cmTC_aed7b/fast] Error 2


Source:
/* */
#include <sys/types.h>
#include <ctype.h>
#include <direct.h>


int main(void){return 0;}

Determining if files sys/types.h;ctype.h;dlfcn.h;errno.h;ext2fs/ext2_fs.h exist failed with the following output:
Change Dir: /content/CMake/CMakeFiles/CMakeTmp

Run Build Command(s):/usr/bin/make -f Makefile cmTC_a480f/fast && make  -f CMakeFiles/cmTC_a480f.dir/build.make CMakeFiles/cmTC_a480f.dir/build
make[1]: Entering directory '/content/CMake/CMakeFiles/CMakeTmp'
Building C object CMakeFiles/cmTC_a480f.dir/HAVE_EXT2FS_EXT2_FS_H.c.o
/usr/bin/gcc   -w  -std=gnu11 -o CMakeFiles/cmTC_a480f.dir/HAVE_EXT2FS_EXT2_FS_H.c.o -c /content/CMake/CMakeFiles/CheckIncludeFiles/HAVE_EXT2FS_EXT2_FS_H.c
/content/CMake/CMakeFiles/CheckIncludeFiles/HAVE_EXT2FS_EXT2_FS_H.c:6:10: fatal error: ext2fs/ext2_fs.h: No such file or directory
 #include <ext2fs/ext2_fs.h>
          ^~~~~~~~~~~~~~~~~~
compilation terminated.
CMakeFiles/cmTC_a480f.dir/build.make:77: recipe for target 'CMakeFiles/cmTC_a480f.dir/HAVE_EXT2FS_EXT2_FS_H.c.o' failed
make[1]: *** [CMakeFiles/cmTC_a480f.dir/HAVE_EXT2FS_EXT2_FS_H.c.o] Error 1
make[1]: Leaving directory '/content/CMake/CMakeFiles/CMakeTmp'
Makefile:127: recipe for target 'cmTC_a480f/fast' failed
make: *** [cmTC_a480f/fast] Error 2


Source:
/* */
#include <sys/types.h>
#include <ctype.h>
#include <dlfcn.h>
#include <errno.h>
#include <ext2fs/ext2_fs.h>


int main(void){return 0;}

Performing C SOURCE FILE Test HAVE_WORKING_EXT2_IOC_GETFLAGS failed with the following output:
Change Dir: /content/CMake/CMakeFiles/CMakeTmp

Run Build Command(s):/usr/bin/make -f Makefile cmTC_5e140/fast && make  -f CMakeFiles/cmTC_5e140.dir/build.make CMakeFiles/cmTC_5e140.dir/build
make[1]: Entering directory '/content/CMake/CMakeFiles/CMakeTmp'
Building C object CMakeFiles/cmTC_5e140.dir/src.c.o
/usr/bin/gcc -DHAVE_WORKING_EXT2_IOC_GETFLAGS  -w  -std=gnu11 -o CMakeFiles/cmTC_5e140.dir/src.c.o -c /content/CMake/CMakeFiles/CMakeTmp/src.c
/content/CMake/CMakeFiles/CMakeTmp/src.c:2:10: fatal error: ext2fs/ext2_fs.h: No such file or directory
 #include <ext2fs/ext2_fs.h>
          ^~~~~~~~~~~~~~~~~~
compilation terminated.
CMakeFiles/cmTC_5e140.dir/build.make:77: recipe for target 'CMakeFiles/cmTC_5e140.dir/src.c.o' failed
make[1]: *** [CMakeFiles/cmTC_5e140.dir/src.c.o] Error 1
make[1]: Leaving directory '/content/CMake/CMakeFiles/CMakeTmp'
Makefile:127: recipe for target 'cmTC_5e140/fast' failed
make: *** [cmTC_5e140/fast] Error 2


Source file was:
#include <sys/ioctl.h>
#include <ext2fs/ext2_fs.h>
int main(void) { return EXT2_IOC_GETFLAGS; }
Determining if files sys/types.h;ctype.h;dlfcn.h;errno.h;fcntl.h;grp.h;langinfo.h;limits.h;linux/types.h;linux/fiemap.h;linux/fs.h;linux/magic.h;locale.h;membership.h exist failed with the following output:
Change Dir: /content/CMake/CMakeFiles/CMakeTmp

Run Build Command(s):/usr/bin/make -f Makefile cmTC_e3cb6/fast && make  -f CMakeFiles/cmTC_e3cb6.dir/build.make CMakeFiles/cmTC_e3cb6.dir/build
make[1]: Entering directory '/content/CMake/CMakeFiles/CMakeTmp'
Building C object CMakeFiles/cmTC_e3cb6.dir/HAVE_MEMBERSHIP_H.c.o
/usr/bin/gcc   -w  -std=gnu11 -o CMakeFiles/cmTC_e3cb6.dir/HAVE_MEMBERSHIP_H.c.o -c /content/CMake/CMakeFiles/CheckIncludeFiles/HAVE_MEMBERSHIP_H.c
/content/CMake/CMakeFiles/CheckIncludeFiles/HAVE_MEMBERSHIP_H.c:15:10: fatal error: membership.h: No such file or directory
 #include <membership.h>
          ^~~~~~~~~~~~~~
compilation terminated.
CMakeFiles/cmTC_e3cb6.dir/build.make:77: recipe for target 'CMakeFiles/cmTC_e3cb6.dir/HAVE_MEMBERSHIP_H.c.o' failed
make[1]: *** [CMakeFiles/cmTC_e3cb6.dir/HAVE_MEMBERSHIP_H.c.o] Error 1
make[1]: Leaving directory '/content/CMake/CMakeFiles/CMakeTmp'
Makefile:127: recipe for target 'cmTC_e3cb6/fast' failed
make: *** [cmTC_e3cb6/fast] Error 2


Source:
/* */
#include <sys/types.h>
#include <ctype.h>
#include <dlfcn.h>
#include <errno.h>
#include <fcntl.h>
#include <grp.h>
#include <langinfo.h>
#include <limits.h>
#include <linux/types.h>
#include <linux/fiemap.h>
#include <linux/fs.h>
#include <linux/magic.h>
#include <locale.h>
#include <membership.h>


int main(void){return 0;}

Determining if files sys/types.h;ctype.h;dlfcn.h;errno.h;fcntl.h;grp.h;langinfo.h;limits.h;linux/types.h;linux/fiemap.h;linux/fs.h;linux/magic.h;locale.h;memory.h;paths.h;poll.h;pthread.h;pwd.h;readpassphrase.h exist failed with the following output:
Change Dir: /content/CMake/CMakeFiles/CMakeTmp

Run Build Command(s):/usr/bin/make -f Makefile cmTC_8fa19/fast && make  -f CMakeFiles/cmTC_8fa19.dir/build.make CMakeFiles/cmTC_8fa19.dir/build
make[1]: Entering directory '/content/CMake/CMakeFiles/CMakeTmp'
Building C object CMakeFiles/cmTC_8fa19.dir/HAVE_READPASSPHRASE_H.c.o
/usr/bin/gcc   -w  -std=gnu11 -o CMakeFiles/cmTC_8fa19.dir/HAVE_READPASSPHRASE_H.c.o -c /content/CMake/CMakeFiles/CheckIncludeFiles/HAVE_READPASSPHRASE_H.c
/content/CMake/CMakeFiles/CheckIncludeFiles/HAVE_READPASSPHRASE_H.c:20:10: fatal error: readpassphrase.h: No such file or directory
 #include <readpassphrase.h>
          ^~~~~~~~~~~~~~~~~~
compilation terminated.
CMakeFiles/cmTC_8fa19.dir/build.make:77: recipe for target 'CMakeFiles/cmTC_8fa19.dir/HAVE_READPASSPHRASE_H.c.o' failed
make[1]: *** [CMakeFiles/cmTC_8fa19.dir/HAVE_READPASSPHRASE_H.c.o] Error 1
make[1]: Leaving directory '/content/CMake/CMakeFiles/CMakeTmp'
Makefile:127: recipe for target 'cmTC_8fa19/fast' failed
make: *** [cmTC_8fa19/fast] Error 2


Source:
/* */
#include <sys/types.h>
#include <ctype.h>
#include <dlfcn.h>
#include <errno.h>
#include <fcntl.h>
#include <grp.h>
#include <langinfo.h>
#include <limits.h>
#include <linux/types.h>
#include <linux/fiemap.h>
#include <linux/fs.h>
#include <linux/magic.h>
#include <locale.h>
#include <memory.h>
#include <paths.h>
#include <poll.h>
#include <pthread.h>
#include <pwd.h>
#include <readpassphrase.h>


int main(void){return 0;}

Determining if files sys/types.h;ctype.h;dlfcn.h;errno.h;fcntl.h;grp.h;langinfo.h;limits.h;linux/types.h;linux/fiemap.h;linux/fs.h;linux/magic.h;locale.h;memory.h;paths.h;poll.h;pthread.h;pwd.h;regex.h;signal.h;spawn.h;stdarg.h;stdlib.h;string.h;strings.h;sys/acl.h exist failed with the following output:
Change Dir: /content/CMake/CMakeFiles/CMakeTmp

Run Build Command(s):/usr/bin/make -f Makefile cmTC_375c7/fast && make  -f CMakeFiles/cmTC_375c7.dir/build.make CMakeFiles/cmTC_375c7.dir/build
make[1]: Entering directory '/content/CMake/CMakeFiles/CMakeTmp'
Building C object CMakeFiles/cmTC_375c7.dir/HAVE_SYS_ACL_H.c.o
/usr/bin/gcc   -w  -std=gnu11 -o CMakeFiles/cmTC_375c7.dir/HAVE_SYS_ACL_H.c.o -c /content/CMake/CMakeFiles/CheckIncludeFiles/HAVE_SYS_ACL_H.c
/content/CMake/CMakeFiles/CheckIncludeFiles/HAVE_SYS_ACL_H.c:27:10: fatal error: sys/acl.h: No such file or directory
 #include <sys/acl.h>
          ^~~~~~~~~~~
compilation terminated.
CMakeFiles/cmTC_375c7.dir/build.make:77: recipe for target 'CMakeFiles/cmTC_375c7.dir/HAVE_SYS_ACL_H.c.o' failed
make[1]: *** [CMakeFiles/cmTC_375c7.dir/HAVE_SYS_ACL_H.c.o] Error 1
make[1]: Leaving directory '/content/CMake/CMakeFiles/CMakeTmp'
Makefile:127: recipe for target 'cmTC_375c7/fast' failed
make: *** [cmTC_375c7/fast] Error 2


Source:
/* */
#include <sys/types.h>
#include <ctype.h>
#include <dlfcn.h>
#include <errno.h>
#include <fcntl.h>
#include <grp.h>
#include <langinfo.h>
#include <limits.h>
#include <linux/types.h>
#include <linux/fiemap.h>
#include <linux/fs.h>
#include <linux/magic.h>
#include <locale.h>
#include <memory.h>
#include <paths.h>
#include <poll.h>
#include <pthread.h>
#include <pwd.h>
#include <regex.h>
#include <signal.h>
#include <spawn.h>
#include <stdarg.h>
#include <stdlib.h>
#include <string.h>
#include <strings.h>
#include <sys/acl.h>


int main(void){return 0;}

Determining if files sys/types.h;ctype.h;dlfcn.h;errno.h;fcntl.h;grp.h;langinfo.h;limits.h;linux/types.h;linux/fiemap.h;linux/fs.h;linux/magic.h;locale.h;memory.h;paths.h;poll.h;pthread.h;pwd.h;regex.h;signal.h;spawn.h;stdarg.h;stdlib.h;string.h;strings.h;sys/cdefs.h;sys/extattr.h exist failed with the following output:
Change Dir: /content/CMake/CMakeFiles/CMakeTmp

Run Build Command(s):/usr/bin/make -f Makefile cmTC_9698b/fast && make  -f CMakeFiles/cmTC_9698b.dir/build.make CMakeFiles/cmTC_9698b.dir/build
make[1]: Entering directory '/content/CMake/CMakeFiles/CMakeTmp'
Building C object CMakeFiles/cmTC_9698b.dir/HAVE_SYS_EXTATTR_H.c.o
/usr/bin/gcc   -w  -std=gnu11 -o CMakeFiles/cmTC_9698b.dir/HAVE_SYS_EXTATTR_H.c.o -c /content/CMake/CMakeFiles/CheckIncludeFiles/HAVE_SYS_EXTATTR_H.c
/content/CMake/CMakeFiles/CheckIncludeFiles/HAVE_SYS_EXTATTR_H.c:28:10: fatal error: sys/extattr.h: No such file or directory
 #include <sys/extattr.h>
          ^~~~~~~~~~~~~~~
compilation terminated.
CMakeFiles/cmTC_9698b.dir/build.make:77: recipe for target 'CMakeFiles/cmTC_9698b.dir/HAVE_SYS_EXTATTR_H.c.o' failed
make[1]: *** [CMakeFiles/cmTC_9698b.dir/HAVE_SYS_EXTATTR_H.c.o] Error 1
make[1]: Leaving directory '/content/CMake/CMakeFiles/CMakeTmp'
Makefile:127: recipe for target 'cmTC_9698b/fast' failed
make: *** [cmTC_9698b/fast] Error 2


Source:
/* */
#include <sys/types.h>
#include <ctype.h>
#include <dlfcn.h>
#include <errno.h>
#include <fcntl.h>
#include <grp.h>
#include <langinfo.h>
#include <limits.h>
#include <linux/types.h>
#include <linux/fiemap.h>
#include <linux/fs.h>
#include <linux/magic.h>
#include <locale.h>
#include <memory.h>
#include <paths.h>
#include <poll.h>
#include <pthread.h>
#include <pwd.h>
#include <regex.h>
#include <signal.h>
#include <spawn.h>
#include <stdarg.h>
#include <stdlib.h>
#include <string.h>
#include <strings.h>
#include <sys/cdefs.h>
#include <sys/extattr.h>


int main(void){return 0;}

Determining if files sys/types.h;ctype.h;dlfcn.h;errno.h;fcntl.h;grp.h;langinfo.h;limits.h;linux/types.h;linux/fiemap.h;linux/fs.h;linux/magic.h;locale.h;memory.h;paths.h;poll.h;pthread.h;pwd.h;regex.h;signal.h;spawn.h;stdarg.h;stdlib.h;string.h;strings.h;sys/cdefs.h;sys/ioctl.h;sys/mkdev.h exist failed with the following output:
Change Dir: /content/CMake/CMakeFiles/CMakeTmp

Run Build Command(s):/usr/bin/make -f Makefile cmTC_a86ca/fast && make  -f CMakeFiles/cmTC_a86ca.dir/build.make CMakeFiles/cmTC_a86ca.dir/build
make[1]: Entering directory '/content/CMake/CMakeFiles/CMakeTmp'
Building C object CMakeFiles/cmTC_a86ca.dir/HAVE_SYS_MKDEV_H.c.o
/usr/bin/gcc   -w  -std=gnu11 -o CMakeFiles/cmTC_a86ca.dir/HAVE_SYS_MKDEV_H.c.o -c /content/CMake/CMakeFiles/CheckIncludeFiles/HAVE_SYS_MKDEV_H.c
/content/CMake/CMakeFiles/CheckIncludeFiles/HAVE_SYS_MKDEV_H.c:29:10: fatal error: sys/mkdev.h: No such file or directory
 #include <sys/mkdev.h>
          ^~~~~~~~~~~~~
compilation terminated.
CMakeFiles/cmTC_a86ca.dir/build.make:77: recipe for target 'CMakeFiles/cmTC_a86ca.dir/HAVE_SYS_MKDEV_H.c.o' failed
make[1]: *** [CMakeFiles/cmTC_a86ca.dir/HAVE_SYS_MKDEV_H.c.o] Error 1
make[1]: Leaving directory '/content/CMake/CMakeFiles/CMakeTmp'
Makefile:127: recipe for target 'cmTC_a86ca/fast' failed
make: *** [cmTC_a86ca/fast] Error 2


Source:
/* */
#include <sys/types.h>
#include <ctype.h>
#include <dlfcn.h>
#include <errno.h>
#include <fcntl.h>
#include <grp.h>
#include <langinfo.h>
#include <limits.h>
#include <linux/types.h>
#include <linux/fiemap.h>
#include <linux/fs.h>
#include <linux/magic.h>
#include <locale.h>
#include <memory.h>
#include <paths.h>
#include <poll.h>
#include <pthread.h>
#include <pwd.h>
#include <regex.h>
#include <signal.h>
#include <spawn.h>
#include <stdarg.h>
#include <stdlib.h>
#include <string.h>
#include <strings.h>
#include <sys/cdefs.h>
#include <sys/ioctl.h>
#include <sys/mkdev.h>


int main(void){return 0;}

Determining if files sys/types.h;ctype.h;dlfcn.h;errno.h;fcntl.h;grp.h;langinfo.h;limits.h;linux/types.h;linux/fiemap.h;linux/fs.h;linux/magic.h;locale.h;memory.h;paths.h;poll.h;pthread.h;pwd.h;regex.h;signal.h;spawn.h;stdarg.h;stdlib.h;string.h;strings.h;sys/cdefs.h;sys/ioctl.h;sys/mount.h exist failed with the following output:
Change Dir: /content/CMake/CMakeFiles/CMakeTmp

Run Build Command(s):/usr/bin/make -f Makefile cmTC_51fd0/fast && make  -f CMakeFiles/cmTC_51fd0.dir/build.make CMakeFiles/cmTC_51fd0.dir/build
make[1]: Entering directory '/content/CMake/CMakeFiles/CMakeTmp'
Building C object CMakeFiles/cmTC_51fd0.dir/HAVE_SYS_MOUNT_H.c.o
/usr/bin/gcc   -w  -std=gnu11 -o CMakeFiles/cmTC_51fd0.dir/HAVE_SYS_MOUNT_H.c.o -c /content/CMake/CMakeFiles/CheckIncludeFiles/HAVE_SYS_MOUNT_H.c
In file included from /content/CMake/CMakeFiles/CheckIncludeFiles/HAVE_SYS_MOUNT_H.c:12:0:
/usr/include/x86_64-linux-gnu/sys/mount.h:35:3: error: expected identifier before numeric constant
   MS_RDONLY = 1,  /* Mount read-only.  */
   ^
CMakeFiles/cmTC_51fd0.dir/build.make:77: recipe for target 'CMakeFiles/cmTC_51fd0.dir/HAVE_SYS_MOUNT_H.c.o' failed
make[1]: *** [CMakeFiles/cmTC_51fd0.dir/HAVE_SYS_MOUNT_H.c.o] Error 1
make[1]: Leaving directory '/content/CMake/CMakeFiles/CMakeTmp'
Makefile:127: recipe for target 'cmTC_51fd0/fast' failed
make: *** [cmTC_51fd0/fast] Error 2


Source:
/* */
#include <sys/types.h>
#include <ctype.h>
#include <dlfcn.h>
#include <errno.h>
#include <fcntl.h>
#include <grp.h>
#include <langinfo.h>
#include <limits.h>
#include <linux/types.h>
#include <linux/fiemap.h>
#include <linux/fs.h>
#include <linux/magic.h>
#include <locale.h>
#include <memory.h>
#include <paths.h>
#include <poll.h>
#include <pthread.h>
#include <pwd.h>
#include <regex.h>
#include <signal.h>
#include <spawn.h>
#include <stdarg.h>
#include <stdlib.h>
#include <string.h>
#include <strings.h>
#include <sys/cdefs.h>
#include <sys/ioctl.h>
#include <sys/mount.h>


int main(void){return 0;}

Determining if files sys/types.h;ctype.h;dlfcn.h;errno.h;fcntl.h;grp.h;langinfo.h;limits.h;linux/types.h;linux/fiemap.h;linux/fs.h;linux/magic.h;locale.h;memory.h;paths.h;poll.h;pthread.h;pwd.h;regex.h;signal.h;spawn.h;stdarg.h;stdlib.h;string.h;strings.h;sys/cdefs.h;sys/ioctl.h;sys/param.h;sys/poll.h;sys/richacl.h exist failed with the following output:
Change Dir: /content/CMake/CMakeFiles/CMakeTmp

Run Build Command(s):/usr/bin/make -f Makefile cmTC_426f0/fast && make  -f CMakeFiles/cmTC_426f0.dir/build.make CMakeFiles/cmTC_426f0.dir/build
make[1]: Entering directory '/content/CMake/CMakeFiles/CMakeTmp'
Building C object CMakeFiles/cmTC_426f0.dir/HAVE_SYS_RICHACL_H.c.o
/usr/bin/gcc   -w  -std=gnu11 -o CMakeFiles/cmTC_426f0.dir/HAVE_SYS_RICHACL_H.c.o -c /content/CMake/CMakeFiles/CheckIncludeFiles/HAVE_SYS_RICHACL_H.c
/content/CMake/CMakeFiles/CheckIncludeFiles/HAVE_SYS_RICHACL_H.c:31:10: fatal error: sys/richacl.h: No such file or directory
 #include <sys/richacl.h>
          ^~~~~~~~~~~~~~~
compilation terminated.
CMakeFiles/cmTC_426f0.dir/build.make:77: recipe for target 'CMakeFiles/cmTC_426f0.dir/HAVE_SYS_RICHACL_H.c.o' failed
make[1]: *** [CMakeFiles/cmTC_426f0.dir/HAVE_SYS_RICHACL_H.c.o] Error 1
make[1]: Leaving directory '/content/CMake/CMakeFiles/CMakeTmp'
Makefile:127: recipe for target 'cmTC_426f0/fast' failed
make: *** [cmTC_426f0/fast] Error 2


Source:
/* */
#include <sys/types.h>
#include <ctype.h>
#include <dlfcn.h>
#include <errno.h>
#include <fcntl.h>
#include <grp.h>
#include <langinfo.h>
#include <limits.h>
#include <linux/types.h>
#include <linux/fiemap.h>
#include <linux/fs.h>
#include <linux/magic.h>
#include <locale.h>
#include <memory.h>
#include <paths.h>
#include <poll.h>
#include <pthread.h>
#include <pwd.h>
#include <regex.h>
#include <signal.h>
#include <spawn.h>
#include <stdarg.h>
#include <stdlib.h>
#include <string.h>
#include <strings.h>
#include <sys/cdefs.h>
#include <sys/ioctl.h>
#include <sys/param.h>
#include <sys/poll.h>
#include <sys/richacl.h>


int main(void){return 0;}

Determining if files sys/types.h;ctype.h;dlfcn.h;errno.h;fcntl.h;grp.h;langinfo.h;limits.h;linux/types.h;linux/fiemap.h;linux/fs.h;linux/magic.h;locale.h;memory.h;paths.h;poll.h;pthread.h;pwd.h;regex.h;signal.h;spawn.h;stdarg.h;stdlib.h;string.h;strings.h;sys/cdefs.h;sys/ioctl.h;sys/param.h;sys/poll.h;sys/select.h;sys/stat.h;sys/statfs.h;sys/statvfs.h;sys/sysmacros.h;sys/time.h;sys/utsname.h;sys/vfs.h;sys/wait.h;sys/xattr.h;time.h;unistd.h;utime.h;wchar.h;wctype.h;windows.h exist failed with the following output:
Change Dir: /content/CMake/CMakeFiles/CMakeTmp

Run Build Command(s):/usr/bin/make -f Makefile cmTC_d631b/fast && make  -f CMakeFiles/cmTC_d631b.dir/build.make CMakeFiles/cmTC_d631b.dir/build
make[1]: Entering directory '/content/CMake/CMakeFiles/CMakeTmp'
Building C object CMakeFiles/cmTC_d631b.dir/HAVE_WINDOWS_H.c.o
/usr/bin/gcc   -w  -std=gnu11 -o CMakeFiles/cmTC_d631b.dir/HAVE_WINDOWS_H.c.o -c /content/CMake/CMakeFiles/CheckIncludeFiles/HAVE_WINDOWS_H.c
/content/CMake/CMakeFiles/CheckIncludeFiles/HAVE_WINDOWS_H.c:46:10: fatal error: windows.h: No such file or directory
 #include <windows.h>
          ^~~~~~~~~~~
compilation terminated.
CMakeFiles/cmTC_d631b.dir/build.make:77: recipe for target 'CMakeFiles/cmTC_d631b.dir/HAVE_WINDOWS_H.c.o' failed
make[1]: *** [CMakeFiles/cmTC_d631b.dir/HAVE_WINDOWS_H.c.o] Error 1
make[1]: Leaving directory '/content/CMake/CMakeFiles/CMakeTmp'
Makefile:127: recipe for target 'cmTC_d631b/fast' failed
make: *** [cmTC_d631b/fast] Error 2


Source:
/* */
#include <sys/types.h>
#include <ctype.h>
#include <dlfcn.h>
#include <errno.h>
#include <fcntl.h>
#include <grp.h>
#include <langinfo.h>
#include <limits.h>
#include <linux/types.h>
#include <linux/fiemap.h>
#include <linux/fs.h>
#include <linux/magic.h>
#include <locale.h>
#include <memory.h>
#include <paths.h>
#include <poll.h>
#include <pthread.h>
#include <pwd.h>
#include <regex.h>
#include <signal.h>
#include <spawn.h>
#include <stdarg.h>
#include <stdlib.h>
#include <string.h>
#include <strings.h>
#include <sys/cdefs.h>
#include <sys/ioctl.h>
#include <sys/param.h>
#include <sys/poll.h>
#include <sys/select.h>
#include <sys/stat.h>
#include <sys/statfs.h>
#include <sys/statvfs.h>
#include <sys/sysmacros.h>
#include <sys/time.h>
#include <sys/utsname.h>
#include <sys/vfs.h>
#include <sys/wait.h>
#include <sys/xattr.h>
#include <time.h>
#include <unistd.h>
#include <utime.h>
#include <wchar.h>
#include <wctype.h>
#include <windows.h>


int main(void){return 0;}

Determining if files sys/types.h;ctype.h;dlfcn.h;errno.h;fcntl.h;grp.h;langinfo.h;limits.h;linux/types.h;linux/fiemap.h;linux/fs.h;linux/magic.h;locale.h;memory.h;paths.h;poll.h;pthread.h;pwd.h;regex.h;signal.h;spawn.h;stdarg.h;stdlib.h;string.h;strings.h;sys/cdefs.h;sys/ioctl.h;sys/param.h;sys/poll.h;sys/select.h;sys/stat.h;sys/statfs.h;sys/statvfs.h;sys/sysmacros.h;sys/time.h;sys/utsname.h;sys/vfs.h;sys/wait.h;sys/xattr.h;time.h;unistd.h;utime.h;wchar.h;wctype.h;wincrypt.h exist failed with the following output:
Change Dir: /content/CMake/CMakeFiles/CMakeTmp

Run Build Command(s):/usr/bin/make -f Makefile cmTC_79d51/fast && make  -f CMakeFiles/cmTC_79d51.dir/build.make CMakeFiles/cmTC_79d51.dir/build
make[1]: Entering directory '/content/CMake/CMakeFiles/CMakeTmp'
Building C object CMakeFiles/cmTC_79d51.dir/HAVE_WINCRYPT_H.c.o
/usr/bin/gcc   -w  -std=gnu11 -o CMakeFiles/cmTC_79d51.dir/HAVE_WINCRYPT_H.c.o -c /content/CMake/CMakeFiles/CheckIncludeFiles/HAVE_WINCRYPT_H.c
/content/CMake/CMakeFiles/CheckIncludeFiles/HAVE_WINCRYPT_H.c:46:10: fatal error: wincrypt.h: No such file or directory
 #include <wincrypt.h>
          ^~~~~~~~~~~~
compilation terminated.
CMakeFiles/cmTC_79d51.dir/build.make:77: recipe for target 'CMakeFiles/cmTC_79d51.dir/HAVE_WINCRYPT_H.c.o' failed
make[1]: *** [CMakeFiles/cmTC_79d51.dir/HAVE_WINCRYPT_H.c.o] Error 1
make[1]: Leaving directory '/content/CMake/CMakeFiles/CMakeTmp'
Makefile:127: recipe for target 'cmTC_79d51/fast' failed
make: *** [cmTC_79d51/fast] Error 2


Source:
/* */
#include <sys/types.h>
#include <ctype.h>
#include <dlfcn.h>
#include <errno.h>
#include <fcntl.h>
#include <grp.h>
#include <langinfo.h>
#include <limits.h>
#include <linux/types.h>
#include <linux/fiemap.h>
#include <linux/fs.h>
#include <linux/magic.h>
#include <locale.h>
#include <memory.h>
#include <paths.h>
#include <poll.h>
#include <pthread.h>
#include <pwd.h>
#include <regex.h>
#include <signal.h>
#include <spawn.h>
#include <stdarg.h>
#include <stdlib.h>
#include <string.h>
#include <strings.h>
#include <sys/cdefs.h>
#include <sys/ioctl.h>
#include <sys/param.h>
#include <sys/poll.h>
#include <sys/select.h>
#include <sys/stat.h>
#include <sys/statfs.h>
#include <sys/statvfs.h>
#include <sys/sysmacros.h>
#include <sys/time.h>
#include <sys/utsname.h>
#include <sys/vfs.h>
#include <sys/wait.h>
#include <sys/xattr.h>
#include <time.h>
#include <unistd.h>
#include <utime.h>
#include <wchar.h>
#include <wctype.h>
#include <wincrypt.h>


int main(void){return 0;}

Determining if files sys/types.h;ctype.h;dlfcn.h;errno.h;fcntl.h;grp.h;langinfo.h;limits.h;linux/types.h;linux/fiemap.h;linux/fs.h;linux/magic.h;locale.h;memory.h;paths.h;poll.h;pthread.h;pwd.h;regex.h;signal.h;spawn.h;stdarg.h;stdlib.h;string.h;strings.h;sys/cdefs.h;sys/ioctl.h;sys/param.h;sys/poll.h;sys/select.h;sys/stat.h;sys/statfs.h;sys/statvfs.h;sys/sysmacros.h;sys/time.h;sys/utsname.h;sys/vfs.h;sys/wait.h;sys/xattr.h;time.h;unistd.h;utime.h;wchar.h;wctype.h;winioctl.h exist failed with the following output:
Change Dir: /content/CMake/CMakeFiles/CMakeTmp

Run Build Command(s):/usr/bin/make -f Makefile cmTC_a5923/fast && make  -f CMakeFiles/cmTC_a5923.dir/build.make CMakeFiles/cmTC_a5923.dir/build
make[1]: Entering directory '/content/CMake/CMakeFiles/CMakeTmp'
Building C object CMakeFiles/cmTC_a5923.dir/HAVE_WINIOCTL_H.c.o
/usr/bin/gcc   -w  -std=gnu11 -o CMakeFiles/cmTC_a5923.dir/HAVE_WINIOCTL_H.c.o -c /content/CMake/CMakeFiles/CheckIncludeFiles/HAVE_WINIOCTL_H.c
/content/CMake/CMakeFiles/CheckIncludeFiles/HAVE_WINIOCTL_H.c:46:10: fatal error: winioctl.h: No such file or directory
 #include <winioctl.h>
          ^~~~~~~~~~~~
compilation terminated.
CMakeFiles/cmTC_a5923.dir/build.make:77: recipe for target 'CMakeFiles/cmTC_a5923.dir/HAVE_WINIOCTL_H.c.o' failed
make[1]: *** [CMakeFiles/cmTC_a5923.dir/HAVE_WINIOCTL_H.c.o] Error 1
make[1]: Leaving directory '/content/CMake/CMakeFiles/CMakeTmp'
Makefile:127: recipe for target 'cmTC_a5923/fast' failed
make: *** [cmTC_a5923/fast] Error 2


Source:
/* */
#include <sys/types.h>
#include <ctype.h>
#include <dlfcn.h>
#include <errno.h>
#include <fcntl.h>
#include <grp.h>
#include <langinfo.h>
#include <limits.h>
#include <linux/types.h>
#include <linux/fiemap.h>
#include <linux/fs.h>
#include <linux/magic.h>
#include <locale.h>
#include <memory.h>
#include <paths.h>
#include <poll.h>
#include <pthread.h>
#include <pwd.h>
#include <regex.h>
#include <signal.h>
#include <spawn.h>
#include <stdarg.h>
#include <stdlib.h>
#include <string.h>
#include <strings.h>
#include <sys/cdefs.h>
#include <sys/ioctl.h>
#include <sys/param.h>
#include <sys/poll.h>
#include <sys/select.h>
#include <sys/stat.h>
#include <sys/statfs.h>
#include <sys/statvfs.h>
#include <sys/sysmacros.h>
#include <sys/time.h>
#include <sys/utsname.h>
#include <sys/vfs.h>
#include <sys/wait.h>
#include <sys/xattr.h>
#include <time.h>
#include <unistd.h>
#include <utime.h>
#include <wchar.h>
#include <wctype.h>
#include <winioctl.h>


int main(void){return 0;}

Determining if the function getvfsbyname exists failed with the following output:
Change Dir: /content/CMake/CMakeFiles/CMakeTmp

Run Build Command(s):/usr/bin/make -f Makefile cmTC_970f1/fast && make  -f CMakeFiles/cmTC_970f1.dir/build.make CMakeFiles/cmTC_970f1.dir/build
make[1]: Entering directory '/content/CMake/CMakeFiles/CMakeTmp'
Building C object CMakeFiles/cmTC_970f1.dir/CheckFunctionExists.c.o
/usr/bin/gcc   -w -DCHECK_FUNCTION_EXISTS=getvfsbyname  -fno-builtin -std=gnu11 -o CMakeFiles/cmTC_970f1.dir/CheckFunctionExists.c.o -c /content/CMake/Modules/CheckFunctionExists.c
Linking C executable cmTC_970f1
/content/CMake/Bootstrap.cmk/cmake -E cmake_link_script CMakeFiles/cmTC_970f1.dir/link.txt --verbose=1
/usr/bin/gcc  -w -DCHECK_FUNCTION_EXISTS=getvfsbyname  -fno-builtin CMakeFiles/cmTC_970f1.dir/CheckFunctionExists.c.o -o cmTC_970f1 
CMakeFiles/cmTC_970f1.dir/CheckFunctionExists.c.o: In function `main':
CheckFunctionExists.c:(.text+0x10): undefined reference to `getvfsbyname'
collect2: error: ld returned 1 exit status
CMakeFiles/cmTC_970f1.dir/build.make:98: recipe for target 'cmTC_970f1' failed
make[1]: *** [cmTC_970f1] Error 1
make[1]: Leaving directory '/content/CMake/CMakeFiles/CMakeTmp'
Makefile:127: recipe for target 'cmTC_970f1/fast' failed
make: *** [cmTC_970f1/fast] Error 2



Determining if the function lchflags exists failed with the following output:
Change Dir: /content/CMake/CMakeFiles/CMakeTmp

Run Build Command(s):/usr/bin/make -f Makefile cmTC_5c52f/fast && make  -f CMakeFiles/cmTC_5c52f.dir/build.make CMakeFiles/cmTC_5c52f.dir/build
make[1]: Entering directory '/content/CMake/CMakeFiles/CMakeTmp'
Building C object CMakeFiles/cmTC_5c52f.dir/CheckFunctionExists.c.o
/usr/bin/gcc   -w -DCHECK_FUNCTION_EXISTS=lchflags  -fno-builtin -std=gnu11 -o CMakeFiles/cmTC_5c52f.dir/CheckFunctionExists.c.o -c /content/CMake/Modules/CheckFunctionExists.c
Linking C executable cmTC_5c52f
/content/CMake/Bootstrap.cmk/cmake -E cmake_link_script CMakeFiles/cmTC_5c52f.dir/link.txt --verbose=1
/usr/bin/gcc  -w -DCHECK_FUNCTION_EXISTS=lchflags  -fno-builtin CMakeFiles/cmTC_5c52f.dir/CheckFunctionExists.c.o -o cmTC_5c52f 
CMakeFiles/cmTC_5c52f.dir/CheckFunctionExists.c.o: In function `main':
CheckFunctionExists.c:(.text+0x10): undefined reference to `lchflags'
collect2: error: ld returned 1 exit status
CMakeFiles/cmTC_5c52f.dir/build.make:98: recipe for target 'cmTC_5c52f' failed
make[1]: *** [cmTC_5c52f] Error 1
make[1]: Leaving directory '/content/CMake/CMakeFiles/CMakeTmp'
Makefile:127: recipe for target 'cmTC_5c52f/fast' failed
make: *** [cmTC_5c52f/fast] Error 2



Determining if the function readpassphrase exists failed with the following output:
Change Dir: /content/CMake/CMakeFiles/CMakeTmp

Run Build Command(s):/usr/bin/make -f Makefile cmTC_63422/fast && make  -f CMakeFiles/cmTC_63422.dir/build.make CMakeFiles/cmTC_63422.dir/build
make[1]: Entering directory '/content/CMake/CMakeFiles/CMakeTmp'
Building C object CMakeFiles/cmTC_63422.dir/CheckFunctionExists.c.o
/usr/bin/gcc   -w -DCHECK_FUNCTION_EXISTS=readpassphrase  -fno-builtin -std=gnu11 -o CMakeFiles/cmTC_63422.dir/CheckFunctionExists.c.o -c /content/CMake/Modules/CheckFunctionExists.c
Linking C executable cmTC_63422
/content/CMake/Bootstrap.cmk/cmake -E cmake_link_script CMakeFiles/cmTC_63422.dir/link.txt --verbose=1
/usr/bin/gcc  -w -DCHECK_FUNCTION_EXISTS=readpassphrase  -fno-builtin CMakeFiles/cmTC_63422.dir/CheckFunctionExists.c.o -o cmTC_63422 
CMakeFiles/cmTC_63422.dir/CheckFunctionExists.c.o: In function `main':
CheckFunctionExists.c:(.text+0x10): undefined reference to `readpassphrase'
collect2: error: ld returned 1 exit status
CMakeFiles/cmTC_63422.dir/build.make:98: recipe for target 'cmTC_63422' failed
make[1]: *** [cmTC_63422] Error 1
make[1]: Leaving directory '/content/CMake/CMakeFiles/CMakeTmp'
Makefile:127: recipe for target 'cmTC_63422/fast' failed
make: *** [cmTC_63422/fast] Error 2



Determining if the function strncpy_s exists failed with the following output:
Change Dir: /content/CMake/CMakeFiles/CMakeTmp

Run Build Command(s):/usr/bin/make -f Makefile cmTC_a836a/fast && make  -f CMakeFiles/cmTC_a836a.dir/build.make CMakeFiles/cmTC_a836a.dir/build
make[1]: Entering directory '/content/CMake/CMakeFiles/CMakeTmp'
Building C object CMakeFiles/cmTC_a836a.dir/CheckFunctionExists.c.o
/usr/bin/gcc   -w -DCHECK_FUNCTION_EXISTS=strncpy_s  -fno-builtin -std=gnu11 -o CMakeFiles/cmTC_a836a.dir/CheckFunctionExists.c.o -c /content/CMake/Modules/CheckFunctionExists.c
Linking C executable cmTC_a836a
/content/CMake/Bootstrap.cmk/cmake -E cmake_link_script CMakeFiles/cmTC_a836a.dir/link.txt --verbose=1
/usr/bin/gcc  -w -DCHECK_FUNCTION_EXISTS=strncpy_s  -fno-builtin CMakeFiles/cmTC_a836a.dir/CheckFunctionExists.c.o -o cmTC_a836a 
CMakeFiles/cmTC_a836a.dir/CheckFunctionExists.c.o: In function `main':
CheckFunctionExists.c:(.text+0x10): undefined reference to `strncpy_s'
collect2: error: ld returned 1 exit status
CMakeFiles/cmTC_a836a.dir/build.make:98: recipe for target 'cmTC_a836a' failed
make[1]: *** [cmTC_a836a] Error 1
make[1]: Leaving directory '/content/CMake/CMakeFiles/CMakeTmp'
Makefile:127: recipe for target 'cmTC_a836a/fast' failed
make: *** [cmTC_a836a/fast] Error 2



Determining if the function _ctime64_s exists failed with the following output:
Change Dir: /content/CMake/CMakeFiles/CMakeTmp

Run Build Command(s):/usr/bin/make -f Makefile cmTC_18144/fast && make  -f CMakeFiles/cmTC_18144.dir/build.make CMakeFiles/cmTC_18144.dir/build
make[1]: Entering directory '/content/CMake/CMakeFiles/CMakeTmp'
Building C object CMakeFiles/cmTC_18144.dir/CheckFunctionExists.c.o
/usr/bin/gcc   -w -DCHECK_FUNCTION_EXISTS=_ctime64_s  -fno-builtin -std=gnu11 -o CMakeFiles/cmTC_18144.dir/CheckFunctionExists.c.o -c /content/CMake/Modules/CheckFunctionExists.c
Linking C executable cmTC_18144
/content/CMake/Bootstrap.cmk/cmake -E cmake_link_script CMakeFiles/cmTC_18144.dir/link.txt --verbose=1
/usr/bin/gcc  -w -DCHECK_FUNCTION_EXISTS=_ctime64_s  -fno-builtin CMakeFiles/cmTC_18144.dir/CheckFunctionExists.c.o -o cmTC_18144 
CMakeFiles/cmTC_18144.dir/CheckFunctionExists.c.o: In function `main':
CheckFunctionExists.c:(.text+0x10): undefined reference to `_ctime64_s'
collect2: error: ld returned 1 exit status
CMakeFiles/cmTC_18144.dir/build.make:98: recipe for target 'cmTC_18144' failed
make[1]: *** [cmTC_18144] Error 1
make[1]: Leaving directory '/content/CMake/CMakeFiles/CMakeTmp'
Makefile:127: recipe for target 'cmTC_18144/fast' failed
make: *** [cmTC_18144/fast] Error 2



Determining if the function _fseeki64 exists failed with the following output:
Change Dir: /content/CMake/CMakeFiles/CMakeTmp

Run Build Command(s):/usr/bin/make -f Makefile cmTC_6027e/fast && make  -f CMakeFiles/cmTC_6027e.dir/build.make CMakeFiles/cmTC_6027e.dir/build
make[1]: Entering directory '/content/CMake/CMakeFiles/CMakeTmp'
Building C object CMakeFiles/cmTC_6027e.dir/CheckFunctionExists.c.o
/usr/bin/gcc   -w -DCHECK_FUNCTION_EXISTS=_fseeki64  -fno-builtin -std=gnu11 -o CMakeFiles/cmTC_6027e.dir/CheckFunctionExists.c.o -c /content/CMake/Modules/CheckFunctionExists.c
Linking C executable cmTC_6027e
/content/CMake/Bootstrap.cmk/cmake -E cmake_link_script CMakeFiles/cmTC_6027e.dir/link.txt --verbose=1
/usr/bin/gcc  -w -DCHECK_FUNCTION_EXISTS=_fseeki64  -fno-builtin CMakeFiles/cmTC_6027e.dir/CheckFunctionExists.c.o -o cmTC_6027e 
CMakeFiles/cmTC_6027e.dir/CheckFunctionExists.c.o: In function `main':
CheckFunctionExists.c:(.text+0x10): undefined reference to `_fseeki64'
collect2: error: ld returned 1 exit status
CMakeFiles/cmTC_6027e.dir/build.make:98: recipe for target 'cmTC_6027e' failed
make[1]: *** [cmTC_6027e] Error 1
make[1]: Leaving directory '/content/CMake/CMakeFiles/CMakeTmp'
Makefile:127: recipe for target 'cmTC_6027e/fast' failed
make: *** [cmTC_6027e/fast] Error 2



Determining if the function _get_timezone exists failed with the following output:
Change Dir: /content/CMake/CMakeFiles/CMakeTmp

Run Build Command(s):/usr/bin/make -f Makefile cmTC_b8d68/fast && make  -f CMakeFiles/cmTC_b8d68.dir/build.make CMakeFiles/cmTC_b8d68.dir/build
make[1]: Entering directory '/content/CMake/CMakeFiles/CMakeTmp'
Building C object CMakeFiles/cmTC_b8d68.dir/CheckFunctionExists.c.o
/usr/bin/gcc   -w -DCHECK_FUNCTION_EXISTS=_get_timezone  -fno-builtin -std=gnu11 -o CMakeFiles/cmTC_b8d68.dir/CheckFunctionExists.c.o -c /content/CMake/Modules/CheckFunctionExists.c
Linking C executable cmTC_b8d68
/content/CMake/Bootstrap.cmk/cmake -E cmake_link_script CMakeFiles/cmTC_b8d68.dir/link.txt --verbose=1
/usr/bin/gcc  -w -DCHECK_FUNCTION_EXISTS=_get_timezone  -fno-builtin CMakeFiles/cmTC_b8d68.dir/CheckFunctionExists.c.o -o cmTC_b8d68 
CMakeFiles/cmTC_b8d68.dir/CheckFunctionExists.c.o: In function `main':
CheckFunctionExists.c:(.text+0x10): undefined reference to `_get_timezone'
collect2: error: ld returned 1 exit status
CMakeFiles/cmTC_b8d68.dir/build.make:98: recipe for target 'cmTC_b8d68' failed
make[1]: *** [cmTC_b8d68] Error 1
make[1]: Leaving directory '/content/CMake/CMakeFiles/CMakeTmp'
Makefile:127: recipe for target 'cmTC_b8d68/fast' failed
make: *** [cmTC_b8d68/fast] Error 2



Determining if the function _gmtime64_s exists failed with the following output:
Change Dir: /content/CMake/CMakeFiles/CMakeTmp

Run Build Command(s):/usr/bin/make -f Makefile cmTC_14856/fast && make  -f CMakeFiles/cmTC_14856.dir/build.make CMakeFiles/cmTC_14856.dir/build
make[1]: Entering directory '/content/CMake/CMakeFiles/CMakeTmp'
Building C object CMakeFiles/cmTC_14856.dir/CheckFunctionExists.c.o
/usr/bin/gcc   -w -DCHECK_FUNCTION_EXISTS=_gmtime64_s  -fno-builtin -std=gnu11 -o CMakeFiles/cmTC_14856.dir/CheckFunctionExists.c.o -c /content/CMake/Modules/CheckFunctionExists.c
Linking C executable cmTC_14856
/content/CMake/Bootstrap.cmk/cmake -E cmake_link_script CMakeFiles/cmTC_14856.dir/link.txt --verbose=1
/usr/bin/gcc  -w -DCHECK_FUNCTION_EXISTS=_gmtime64_s  -fno-builtin CMakeFiles/cmTC_14856.dir/CheckFunctionExists.c.o -o cmTC_14856 
CMakeFiles/cmTC_14856.dir/CheckFunctionExists.c.o: In function `main':
CheckFunctionExists.c:(.text+0x10): undefined reference to `_gmtime64_s'
collect2: error: ld returned 1 exit status
CMakeFiles/cmTC_14856.dir/build.make:98: recipe for target 'cmTC_14856' failed
make[1]: *** [cmTC_14856] Error 1
make[1]: Leaving directory '/content/CMake/CMakeFiles/CMakeTmp'
Makefile:127: recipe for target 'cmTC_14856/fast' failed
make: *** [cmTC_14856/fast] Error 2



Determining if the function _localtime64_s exists failed with the following output:
Change Dir: /content/CMake/CMakeFiles/CMakeTmp

Run Build Command(s):/usr/bin/make -f Makefile cmTC_fed9c/fast && make  -f CMakeFiles/cmTC_fed9c.dir/build.make CMakeFiles/cmTC_fed9c.dir/build
make[1]: Entering directory '/content/CMake/CMakeFiles/CMakeTmp'
Building C object CMakeFiles/cmTC_fed9c.dir/CheckFunctionExists.c.o
/usr/bin/gcc   -w -DCHECK_FUNCTION_EXISTS=_localtime64_s  -fno-builtin -std=gnu11 -o CMakeFiles/cmTC_fed9c.dir/CheckFunctionExists.c.o -c /content/CMake/Modules/CheckFunctionExists.c
Linking C executable cmTC_fed9c
/content/CMake/Bootstrap.cmk/cmake -E cmake_link_script CMakeFiles/cmTC_fed9c.dir/link.txt --verbose=1
/usr/bin/gcc  -w -DCHECK_FUNCTION_EXISTS=_localtime64_s  -fno-builtin CMakeFiles/cmTC_fed9c.dir/CheckFunctionExists.c.o -o cmTC_fed9c 
CMakeFiles/cmTC_fed9c.dir/CheckFunctionExists.c.o: In function `main':
CheckFunctionExists.c:(.text+0x10): undefined reference to `_localtime64_s'
collect2: error: ld returned 1 exit status
CMakeFiles/cmTC_fed9c.dir/build.make:98: recipe for target 'cmTC_fed9c' failed
make[1]: *** [cmTC_fed9c] Error 1
make[1]: Leaving directory '/content/CMake/CMakeFiles/CMakeTmp'
Makefile:127: recipe for target 'cmTC_fed9c/fast' failed
make: *** [cmTC_fed9c/fast] Error 2



Determining if the function _mkgmtime64 exists failed with the following output:
Change Dir: /content/CMake/CMakeFiles/CMakeTmp

Run Build Command(s):/usr/bin/make -f Makefile cmTC_52121/fast && make  -f CMakeFiles/cmTC_52121.dir/build.make CMakeFiles/cmTC_52121.dir/build
make[1]: Entering directory '/content/CMake/CMakeFiles/CMakeTmp'
Building C object CMakeFiles/cmTC_52121.dir/CheckFunctionExists.c.o
/usr/bin/gcc   -w -DCHECK_FUNCTION_EXISTS=_mkgmtime64  -fno-builtin -std=gnu11 -o CMakeFiles/cmTC_52121.dir/CheckFunctionExists.c.o -c /content/CMake/Modules/CheckFunctionExists.c
Linking C executable cmTC_52121
/content/CMake/Bootstrap.cmk/cmake -E cmake_link_script CMakeFiles/cmTC_52121.dir/link.txt --verbose=1
/usr/bin/gcc  -w -DCHECK_FUNCTION_EXISTS=_mkgmtime64  -fno-builtin CMakeFiles/cmTC_52121.dir/CheckFunctionExists.c.o -o cmTC_52121 
CMakeFiles/cmTC_52121.dir/CheckFunctionExists.c.o: In function `main':
CheckFunctionExists.c:(.text+0x10): undefined reference to `_mkgmtime64'
collect2: error: ld returned 1 exit status
CMakeFiles/cmTC_52121.dir/build.make:98: recipe for target 'cmTC_52121' failed
make[1]: *** [cmTC_52121] Error 1
make[1]: Leaving directory '/content/CMake/CMakeFiles/CMakeTmp'
Makefile:127: recipe for target 'cmTC_52121/fast' failed
make: *** [cmTC_52121/fast] Error 2



Determining if the function cygwin_conv_path exists failed with the following output:
Change Dir: /content/CMake/CMakeFiles/CMakeTmp

Run Build Command(s):/usr/bin/make -f Makefile cmTC_61fd0/fast && make  -f CMakeFiles/cmTC_61fd0.dir/build.make CMakeFiles/cmTC_61fd0.dir/build
make[1]: Entering directory '/content/CMake/CMakeFiles/CMakeTmp'
Building C object CMakeFiles/cmTC_61fd0.dir/CheckFunctionExists.c.o
/usr/bin/gcc   -w -DCHECK_FUNCTION_EXISTS=cygwin_conv_path  -fno-builtin -std=gnu11 -o CMakeFiles/cmTC_61fd0.dir/CheckFunctionExists.c.o -c /content/CMake/Modules/CheckFunctionExists.c
Linking C executable cmTC_61fd0
/content/CMake/Bootstrap.cmk/cmake -E cmake_link_script CMakeFiles/cmTC_61fd0.dir/link.txt --verbose=1
/usr/bin/gcc  -w -DCHECK_FUNCTION_EXISTS=cygwin_conv_path  -fno-builtin CMakeFiles/cmTC_61fd0.dir/CheckFunctionExists.c.o -o cmTC_61fd0 
CMakeFiles/cmTC_61fd0.dir/CheckFunctionExists.c.o: In function `main':
CheckFunctionExists.c:(.text+0x10): undefined reference to `cygwin_conv_path'
collect2: error: ld returned 1 exit status
CMakeFiles/cmTC_61fd0.dir/build.make:98: recipe for target 'cmTC_61fd0' failed
make[1]: *** [cmTC_61fd0] Error 1
make[1]: Leaving directory '/content/CMake/CMakeFiles/CMakeTmp'
Makefile:127: recipe for target 'cmTC_61fd0/fast' failed
make: *** [cmTC_61fd0/fast] Error 2



Performing C SOURCE FILE Test HAVE_STRUCT_VFSCONF failed with the following output:
Change Dir: /content/CMake/CMakeFiles/CMakeTmp

Run Build Command(s):/usr/bin/make -f Makefile cmTC_98035/fast && make  -f CMakeFiles/cmTC_98035.dir/build.make CMakeFiles/cmTC_98035.dir/build
make[1]: Entering directory '/content/CMake/CMakeFiles/CMakeTmp'
Building C object CMakeFiles/cmTC_98035.dir/src.c.o
/usr/bin/gcc -DHAVE_STRUCT_VFSCONF  -w  -std=gnu11 -o CMakeFiles/cmTC_98035.dir/src.c.o -c /content/CMake/CMakeFiles/CMakeTmp/src.c
/content/CMake/CMakeFiles/CMakeTmp/src.c: In function ‘main’:
/content/CMake/CMakeFiles/CMakeTmp/src.c:3:33: error: storage size of ‘v’ isn’t known
 int main(void) { struct vfsconf v; return sizeof(v);}
                                 ^
CMakeFiles/cmTC_98035.dir/build.make:77: recipe for target 'CMakeFiles/cmTC_98035.dir/src.c.o' failed
make[1]: *** [CMakeFiles/cmTC_98035.dir/src.c.o] Error 1
make[1]: Leaving directory '/content/CMake/CMakeFiles/CMakeTmp'
Makefile:127: recipe for target 'cmTC_98035/fast' failed
make: *** [cmTC_98035/fast] Error 2


Source file was:
#include <sys/types.h>
#include <sys/mount.h>
int main(void) { struct vfsconf v; return sizeof(v);}
Performing C SOURCE FILE Test HAVE_STRUCT_XVFSCONF failed with the following output:
Change Dir: /content/CMake/CMakeFiles/CMakeTmp

Run Build Command(s):/usr/bin/make -f Makefile cmTC_017e8/fast && make  -f CMakeFiles/cmTC_017e8.dir/build.make CMakeFiles/cmTC_017e8.dir/build
make[1]: Entering directory '/content/CMake/CMakeFiles/CMakeTmp'
Building C object CMakeFiles/cmTC_017e8.dir/src.c.o
/usr/bin/gcc -DHAVE_STRUCT_XVFSCONF  -w  -std=gnu11 -o CMakeFiles/cmTC_017e8.dir/src.c.o -c /content/CMake/CMakeFiles/CMakeTmp/src.c
/content/CMake/CMakeFiles/CMakeTmp/src.c: In function ‘main’:
/content/CMake/CMakeFiles/CMakeTmp/src.c:3:34: error: storage size of ‘v’ isn’t known
 int main(void) { struct xvfsconf v; return sizeof(v);}
                                  ^
CMakeFiles/cmTC_017e8.dir/build.make:77: recipe for target 'CMakeFiles/cmTC_017e8.dir/src.c.o' failed
make[1]: *** [CMakeFiles/cmTC_017e8.dir/src.c.o] Error 1
make[1]: Leaving directory '/content/CMake/CMakeFiles/CMakeTmp'
Makefile:127: recipe for target 'cmTC_017e8/fast' failed
make: *** [cmTC_017e8/fast] Error 2


Source file was:
#include <sys/types.h>
#include <sys/mount.h>
int main(void) { struct xvfsconf v; return sizeof(v);}
Performing C SOURCE FILE Test MAJOR_IN_MKDEV failed with the following output:
Change Dir: /content/CMake/CMakeFiles/CMakeTmp

Run Build Command(s):/usr/bin/make -f Makefile cmTC_2f1b3/fast && make  -f CMakeFiles/cmTC_2f1b3.dir/build.make CMakeFiles/cmTC_2f1b3.dir/build
make[1]: Entering directory '/content/CMake/CMakeFiles/CMakeTmp'
Building C object CMakeFiles/cmTC_2f1b3.dir/src.c.o
/usr/bin/gcc -DMAJOR_IN_MKDEV  -w  -std=gnu11 -o CMakeFiles/cmTC_2f1b3.dir/src.c.o -c /content/CMake/CMakeFiles/CMakeTmp/src.c
/content/CMake/CMakeFiles/CMakeTmp/src.c:1:10: fatal error: sys/mkdev.h: No such file or directory
 #include <sys/mkdev.h>
          ^~~~~~~~~~~~~
compilation terminated.
CMakeFiles/cmTC_2f1b3.dir/build.make:77: recipe for target 'CMakeFiles/cmTC_2f1b3.dir/src.c.o' failed
make[1]: *** [CMakeFiles/cmTC_2f1b3.dir/src.c.o] Error 1
make[1]: Leaving directory '/content/CMake/CMakeFiles/CMakeTmp'
Makefile:127: recipe for target 'cmTC_2f1b3/fast' failed
make: *** [cmTC_2f1b3/fast] Error 2


Source file was:
#include <sys/mkdev.h>
int main() { return major(256); }
Determining if the EFTYPE exist failed with the following output:
Change Dir: /content/CMake/CMakeFiles/CMakeTmp

Run Build Command(s):/usr/bin/make -f Makefile cmTC_2e649/fast && make  -f CMakeFiles/cmTC_2e649.dir/build.make CMakeFiles/cmTC_2e649.dir/build
make[1]: Entering directory '/content/CMake/CMakeFiles/CMakeTmp'
Building C object CMakeFiles/cmTC_2e649.dir/CheckSymbolExists.c.o
/usr/bin/gcc   -w  -std=gnu11 -o CMakeFiles/cmTC_2e649.dir/CheckSymbolExists.c.o -c /content/CMake/CMakeFiles/CMakeTmp/CheckSymbolExists.c
/content/CMake/CMakeFiles/CMakeTmp/CheckSymbolExists.c: In function ‘main’:
/content/CMake/CMakeFiles/CMakeTmp/CheckSymbolExists.c:8:19: error: ‘EFTYPE’ undeclared (first use in this function); did you mean ‘ESPIPE’?
   return ((int*)(&EFTYPE))[argc];
                   ^~~~~~
                   ESPIPE
/content/CMake/CMakeFiles/CMakeTmp/CheckSymbolExists.c:8:19: note: each undeclared identifier is reported only once for each function it appears in
CMakeFiles/cmTC_2e649.dir/build.make:77: recipe for target 'CMakeFiles/cmTC_2e649.dir/CheckSymbolExists.c.o' failed
make[1]: *** [CMakeFiles/cmTC_2e649.dir/CheckSymbolExists.c.o] Error 1
make[1]: Leaving directory '/content/CMake/CMakeFiles/CMakeTmp'
Makefile:127: recipe for target 'cmTC_2e649/fast' failed
make: *** [cmTC_2e649/fast] Error 2


File /content/CMake/CMakeFiles/CMakeTmp/CheckSymbolExists.c:
/* */
#include <errno.h>

int main(int argc, char** argv)
{
  (void)argv;
#ifndef EFTYPE
  return ((int*)(&EFTYPE))[argc];
#else
  (void)argc;
  return 0;
#endif
}
Determining if the D_MD_ORDER exist failed with the following output:
Change Dir: /content/CMake/CMakeFiles/CMakeTmp

Run Build Command(s):/usr/bin/make -f Makefile cmTC_ba253/fast && make  -f CMakeFiles/cmTC_ba253.dir/build.make CMakeFiles/cmTC_ba253.dir/build
make[1]: Entering directory '/content/CMake/CMakeFiles/CMakeTmp'
Building C object CMakeFiles/cmTC_ba253.dir/CheckSymbolExists.c.o
/usr/bin/gcc   -w  -std=gnu11 -o CMakeFiles/cmTC_ba253.dir/CheckSymbolExists.c.o -c /content/CMake/CMakeFiles/CMakeTmp/CheckSymbolExists.c
/content/CMake/CMakeFiles/CMakeTmp/CheckSymbolExists.c: In function ‘main’:
/content/CMake/CMakeFiles/CMakeTmp/CheckSymbolExists.c:8:19: error: ‘D_MD_ORDER’ undeclared (first use in this function)
   return ((int*)(&D_MD_ORDER))[argc];
                   ^~~~~~~~~~
/content/CMake/CMakeFiles/CMakeTmp/CheckSymbolExists.c:8:19: note: each undeclared identifier is reported only once for each function it appears in
CMakeFiles/cmTC_ba253.dir/build.make:77: recipe for target 'CMakeFiles/cmTC_ba253.dir/CheckSymbolExists.c.o' failed
make[1]: *** [CMakeFiles/cmTC_ba253.dir/CheckSymbolExists.c.o] Error 1
make[1]: Leaving directory '/content/CMake/CMakeFiles/CMakeTmp'
Makefile:127: recipe for target 'cmTC_ba253/fast' failed
make: *** [cmTC_ba253/fast] Error 2


File /content/CMake/CMakeFiles/CMakeTmp/CheckSymbolExists.c:
/* */
#include <langinfo.h>

int main(int argc, char** argv)
{
  (void)argv;
#ifndef D_MD_ORDER
  return ((int*)(&D_MD_ORDER))[argc];
#else
  (void)argc;
  return 0;
#endif
}
Performing C SOURCE FILE Test HAVE_STRUCT_TM___TM_GMTOFF failed with the following output:
Change Dir: /content/CMake/CMakeFiles/CMakeTmp

Run Build Command(s):/usr/bin/make -f Makefile cmTC_c625b/fast && make  -f CMakeFiles/cmTC_c625b.dir/build.make CMakeFiles/cmTC_c625b.dir/build
make[1]: Entering directory '/content/CMake/CMakeFiles/CMakeTmp'
Building C object CMakeFiles/cmTC_c625b.dir/src.c.o
/usr/bin/gcc -DHAVE_STRUCT_TM___TM_GMTOFF  -w  -std=gnu11 -o CMakeFiles/cmTC_c625b.dir/src.c.o -c /content/CMake/CMakeFiles/CMakeTmp/src.c
/content/CMake/CMakeFiles/CMakeTmp/src.c: In function ‘main’:
/content/CMake/CMakeFiles/CMakeTmp/src.c:6:34: error: ‘struct tm’ has no member named ‘__tm_gmtoff’; did you mean ‘tm_gmtoff’?
   (void)sizeof(((struct tm *)0)->__tm_gmtoff);
                                  ^~~~~~~~~~~
                                  tm_gmtoff
CMakeFiles/cmTC_c625b.dir/build.make:77: recipe for target 'CMakeFiles/cmTC_c625b.dir/src.c.o' failed
make[1]: *** [CMakeFiles/cmTC_c625b.dir/src.c.o] Error 1
make[1]: Leaving directory '/content/CMake/CMakeFiles/CMakeTmp'
Makefile:127: recipe for target 'cmTC_c625b/fast' failed
make: *** [cmTC_c625b/fast] Error 2


Source file was:

#include <time.h>

int main()
{
  (void)sizeof(((struct tm *)0)->__tm_gmtoff);
  return 0;
}

Performing C SOURCE FILE Test HAVE_STRUCT_STATFS_F_NAMEMAX failed with the following output:
Change Dir: /content/CMake/CMakeFiles/CMakeTmp

Run Build Command(s):/usr/bin/make -f Makefile cmTC_0acc8/fast && make  -f CMakeFiles/cmTC_0acc8.dir/build.make CMakeFiles/cmTC_0acc8.dir/build
make[1]: Entering directory '/content/CMake/CMakeFiles/CMakeTmp'
Building C object CMakeFiles/cmTC_0acc8.dir/src.c.o
/usr/bin/gcc -DHAVE_STRUCT_STATFS_F_NAMEMAX  -w  -std=gnu11 -o CMakeFiles/cmTC_0acc8.dir/src.c.o -c /content/CMake/CMakeFiles/CMakeTmp/src.c
/content/CMake/CMakeFiles/CMakeTmp/src.c: In function ‘main’:
/content/CMake/CMakeFiles/CMakeTmp/src.c:7:36: error: dereferencing pointer to incomplete type ‘struct statfs’
   (void)sizeof(((struct statfs *)0)->f_namemax);
                                    ^~
CMakeFiles/cmTC_0acc8.dir/build.make:77: recipe for target 'CMakeFiles/cmTC_0acc8.dir/src.c.o' failed
make[1]: *** [CMakeFiles/cmTC_0acc8.dir/src.c.o] Error 1
make[1]: Leaving directory '/content/CMake/CMakeFiles/CMakeTmp'
Makefile:127: recipe for target 'cmTC_0acc8/fast' failed
make: *** [cmTC_0acc8/fast] Error 2


Source file was:

#include <sys/param.h>
#include <sys/mount.h>

int main()
{
  (void)sizeof(((struct statfs *)0)->f_namemax);
  return 0;
}

Performing C SOURCE FILE Test HAVE_STRUCT_STAT_ST_BIRTHTIME failed with the following output:
Change Dir: /content/CMake/CMakeFiles/CMakeTmp

Run Build Command(s):/usr/bin/make -f Makefile cmTC_64dcf/fast && make  -f CMakeFiles/cmTC_64dcf.dir/build.make CMakeFiles/cmTC_64dcf.dir/build
make[1]: Entering directory '/content/CMake/CMakeFiles/CMakeTmp'
Building C object CMakeFiles/cmTC_64dcf.dir/src.c.o
/usr/bin/gcc -DHAVE_STRUCT_STAT_ST_BIRTHTIME  -w  -std=gnu11 -o CMakeFiles/cmTC_64dcf.dir/src.c.o -c /content/CMake/CMakeFiles/CMakeTmp/src.c
/content/CMake/CMakeFiles/CMakeTmp/src.c: In function ‘main’:
/content/CMake/CMakeFiles/CMakeTmp/src.c:7:36: error: ‘struct stat’ has no member named ‘st_birthtime’; did you mean ‘st_blksize’?
   (void)sizeof(((struct stat *)0)->st_birthtime);
                                    ^~~~~~~~~~~~
                                    st_blksize
CMakeFiles/cmTC_64dcf.dir/build.make:77: recipe for target 'CMakeFiles/cmTC_64dcf.dir/src.c.o' failed
make[1]: *** [CMakeFiles/cmTC_64dcf.dir/src.c.o] Error 1
make[1]: Leaving directory '/content/CMake/CMakeFiles/CMakeTmp'
Makefile:127: recipe for target 'cmTC_64dcf/fast' failed
make: *** [cmTC_64dcf/fast] Error 2


Source file was:

#include <sys/types.h>
#include <sys/stat.h>

int main()
{
  (void)sizeof(((struct stat *)0)->st_birthtime);
  return 0;
}

Performing C SOURCE FILE Test HAVE_STRUCT_STAT_ST_BIRTHTIMESPEC_TV_NSEC failed with the following output:
Change Dir: /content/CMake/CMakeFiles/CMakeTmp

Run Build Command(s):/usr/bin/make -f Makefile cmTC_b0979/fast && make  -f CMakeFiles/cmTC_b0979.dir/build.make CMakeFiles/cmTC_b0979.dir/build
make[1]: Entering directory '/content/CMake/CMakeFiles/CMakeTmp'
Building C object CMakeFiles/cmTC_b0979.dir/src.c.o
/usr/bin/gcc -DHAVE_STRUCT_STAT_ST_BIRTHTIMESPEC_TV_NSEC  -w  -std=gnu11 -o CMakeFiles/cmTC_b0979.dir/src.c.o -c /content/CMake/CMakeFiles/CMakeTmp/src.c
/content/CMake/CMakeFiles/CMakeTmp/src.c: In function ‘main’:
/content/CMake/CMakeFiles/CMakeTmp/src.c:7:34: error: ‘struct stat’ has no member named ‘st_birthtimespec’
   (void)sizeof(((struct stat *)0)->st_birthtimespec.tv_nsec);
                                  ^~
CMakeFiles/cmTC_b0979.dir/build.make:77: recipe for target 'CMakeFiles/cmTC_b0979.dir/src.c.o' failed
make[1]: *** [CMakeFiles/cmTC_b0979.dir/src.c.o] Error 1
make[1]: Leaving directory '/content/CMake/CMakeFiles/CMakeTmp'
Makefile:127: recipe for target 'cmTC_b0979/fast' failed
make: *** [cmTC_b0979/fast] Error 2


Source file was:

#include <sys/types.h>
#include <sys/stat.h>

int main()
{
  (void)sizeof(((struct stat *)0)->st_birthtimespec.tv_nsec);
  return 0;
}

Performing C SOURCE FILE Test HAVE_STRUCT_STAT_ST_MTIMESPEC_TV_NSEC failed with the following output:
Change Dir: /content/CMake/CMakeFiles/CMakeTmp

Run Build Command(s):/usr/bin/make -f Makefile cmTC_f04af/fast && make  -f CMakeFiles/cmTC_f04af.dir/build.make CMakeFiles/cmTC_f04af.dir/build
make[1]: Entering directory '/content/CMake/CMakeFiles/CMakeTmp'
Building C object CMakeFiles/cmTC_f04af.dir/src.c.o
/usr/bin/gcc -DHAVE_STRUCT_STAT_ST_MTIMESPEC_TV_NSEC  -w  -std=gnu11 -o CMakeFiles/cmTC_f04af.dir/src.c.o -c /content/CMake/CMakeFiles/CMakeTmp/src.c
/content/CMake/CMakeFiles/CMakeTmp/src.c: In function ‘main’:
/content/CMake/CMakeFiles/CMakeTmp/src.c:7:36: error: ‘struct stat’ has no member named ‘st_mtimespec’; did you mean ‘st_mtim’?
   (void)sizeof(((struct stat *)0)->st_mtimespec.tv_nsec);
                                    ^~~~~~~~~~~~
                                    st_mtim
CMakeFiles/cmTC_f04af.dir/build.make:77: recipe for target 'CMakeFiles/cmTC_f04af.dir/src.c.o' failed
make[1]: *** [CMakeFiles/cmTC_f04af.dir/src.c.o] Error 1
make[1]: Leaving directory '/content/CMake/CMakeFiles/CMakeTmp'
Makefile:127: recipe for target 'cmTC_f04af/fast' failed
make: *** [cmTC_f04af/fast] Error 2


Source file was:

#include <sys/types.h>
#include <sys/stat.h>

int main()
{
  (void)sizeof(((struct stat *)0)->st_mtimespec.tv_nsec);
  return 0;
}

Performing C SOURCE FILE Test HAVE_STRUCT_STAT_ST_MTIME_N failed with the following output:
Change Dir: /content/CMake/CMakeFiles/CMakeTmp

Run Build Command(s):/usr/bin/make -f Makefile cmTC_2f0ed/fast && make  -f CMakeFiles/cmTC_2f0ed.dir/build.make CMakeFiles/cmTC_2f0ed.dir/build
make[1]: Entering directory '/content/CMake/CMakeFiles/CMakeTmp'
Building C object CMakeFiles/cmTC_2f0ed.dir/src.c.o
/usr/bin/gcc -DHAVE_STRUCT_STAT_ST_MTIME_N  -w  -std=gnu11 -o CMakeFiles/cmTC_2f0ed.dir/src.c.o -c /content/CMake/CMakeFiles/CMakeTmp/src.c
/content/CMake/CMakeFiles/CMakeTmp/src.c: In function ‘main’:
/content/CMake/CMakeFiles/CMakeTmp/src.c:7:36: error: ‘struct stat’ has no member named ‘st_mtime_n’; did you mean ‘st_mtim’?
   (void)sizeof(((struct stat *)0)->st_mtime_n);
                                    ^~~~~~~~~~
                                    st_mtim
CMakeFiles/cmTC_2f0ed.dir/build.make:77: recipe for target 'CMakeFiles/cmTC_2f0ed.dir/src.c.o' failed
make[1]: *** [CMakeFiles/cmTC_2f0ed.dir/src.c.o] Error 1
make[1]: Leaving directory '/content/CMake/CMakeFiles/CMakeTmp'
Makefile:127: recipe for target 'cmTC_2f0ed/fast' failed
make: *** [cmTC_2f0ed/fast] Error 2


Source file was:

#include <sys/types.h>
#include <sys/stat.h>

int main()
{
  (void)sizeof(((struct stat *)0)->st_mtime_n);
  return 0;
}

Performing C SOURCE FILE Test HAVE_STRUCT_STAT_ST_UMTIME failed with the following output:
Change Dir: /content/CMake/CMakeFiles/CMakeTmp

Run Build Command(s):/usr/bin/make -f Makefile cmTC_56d41/fast && make  -f CMakeFiles/cmTC_56d41.dir/build.make CMakeFiles/cmTC_56d41.dir/build
make[1]: Entering directory '/content/CMake/CMakeFiles/CMakeTmp'
Building C object CMakeFiles/cmTC_56d41.dir/src.c.o
/usr/bin/gcc -DHAVE_STRUCT_STAT_ST_UMTIME  -w  -std=gnu11 -o CMakeFiles/cmTC_56d41.dir/src.c.o -c /content/CMake/CMakeFiles/CMakeTmp/src.c
/content/CMake/CMakeFiles/CMakeTmp/src.c: In function ‘main’:
/content/CMake/CMakeFiles/CMakeTmp/src.c:7:36: error: ‘struct stat’ has no member named ‘st_umtime’; did you mean ‘st_mtim’?
   (void)sizeof(((struct stat *)0)->st_umtime);
                                    ^~~~~~~~~
                                    st_mtim
CMakeFiles/cmTC_56d41.dir/build.make:77: recipe for target 'CMakeFiles/cmTC_56d41.dir/src.c.o' failed
make[1]: *** [CMakeFiles/cmTC_56d41.dir/src.c.o] Error 1
make[1]: Leaving directory '/content/CMake/CMakeFiles/CMakeTmp'
Makefile:127: recipe for target 'cmTC_56d41/fast' failed
make: *** [cmTC_56d41/fast] Error 2


Source file was:

#include <sys/types.h>
#include <sys/stat.h>

int main()
{
  (void)sizeof(((struct stat *)0)->st_umtime);
  return 0;
}

Performing C SOURCE FILE Test HAVE_STRUCT_STAT_ST_MTIME_USEC failed with the following output:
Change Dir: /content/CMake/CMakeFiles/CMakeTmp

Run Build Command(s):/usr/bin/make -f Makefile cmTC_49690/fast && make  -f CMakeFiles/cmTC_49690.dir/build.make CMakeFiles/cmTC_49690.dir/build
make[1]: Entering directory '/content/CMake/CMakeFiles/CMakeTmp'
Building C object CMakeFiles/cmTC_49690.dir/src.c.o
/usr/bin/gcc -DHAVE_STRUCT_STAT_ST_MTIME_USEC  -w  -std=gnu11 -o CMakeFiles/cmTC_49690.dir/src.c.o -c /content/CMake/CMakeFiles/CMakeTmp/src.c
/content/CMake/CMakeFiles/CMakeTmp/src.c: In function ‘main’:
/content/CMake/CMakeFiles/CMakeTmp/src.c:7:36: error: ‘struct stat’ has no member named ‘st_mtime_usec’; did you mean ‘st_mtim’?
   (void)sizeof(((struct stat *)0)->st_mtime_usec);
                                    ^~~~~~~~~~~~~
                                    st_mtim
CMakeFiles/cmTC_49690.dir/build.make:77: recipe for target 'CMakeFiles/cmTC_49690.dir/src.c.o' failed
make[1]: *** [CMakeFiles/cmTC_49690.dir/src.c.o] Error 1
make[1]: Leaving directory '/content/CMake/CMakeFiles/CMakeTmp'
Makefile:127: recipe for target 'cmTC_49690/fast' failed
make: *** [cmTC_49690/fast] Error 2


Source file was:

#include <sys/types.h>
#include <sys/stat.h>

int main()
{
  (void)sizeof(((struct stat *)0)->st_mtime_usec);
  return 0;
}

Performing C SOURCE FILE Test HAVE_STRUCT_STAT_ST_FLAGS failed with the following output:
Change Dir: /content/CMake/CMakeFiles/CMakeTmp

Run Build Command(s):/usr/bin/make -f Makefile cmTC_35bd5/fast && make  -f CMakeFiles/cmTC_35bd5.dir/build.make CMakeFiles/cmTC_35bd5.dir/build
make[1]: Entering directory '/content/CMake/CMakeFiles/CMakeTmp'
Building C object CMakeFiles/cmTC_35bd5.dir/src.c.o
/usr/bin/gcc -DHAVE_STRUCT_STAT_ST_FLAGS  -w  -std=gnu11 -o CMakeFiles/cmTC_35bd5.dir/src.c.o -c /content/CMake/CMakeFiles/CMakeTmp/src.c
/content/CMake/CMakeFiles/CMakeTmp/src.c: In function ‘main’:
/content/CMake/CMakeFiles/CMakeTmp/src.c:7:36: error: ‘struct stat’ has no member named ‘st_flags’; did you mean ‘st_nlink’?
   (void)sizeof(((struct stat *)0)->st_flags);
                                    ^~~~~~~~
                                    st_nlink
CMakeFiles/cmTC_35bd5.dir/build.make:77: recipe for target 'CMakeFiles/cmTC_35bd5.dir/src.c.o' failed
make[1]: *** [CMakeFiles/cmTC_35bd5.dir/src.c.o] Error 1
make[1]: Leaving directory '/content/CMake/CMakeFiles/CMakeTmp'
Makefile:127: recipe for target 'cmTC_35bd5/fast' failed
make: *** [cmTC_35bd5/fast] Error 2


Source file was:

#include <sys/types.h>
#include <sys/stat.h>

int main()
{
  (void)sizeof(((struct stat *)0)->st_flags);
  return 0;
}

Performing C SOURCE FILE Test HAVE_STRUCT_STATVFS_F_IOSIZE failed with the following output:
Change Dir: /content/CMake/CMakeFiles/CMakeTmp

Run Build Command(s):/usr/bin/make -f Makefile cmTC_10057/fast && make  -f CMakeFiles/cmTC_10057.dir/build.make CMakeFiles/cmTC_10057.dir/build
make[1]: Entering directory '/content/CMake/CMakeFiles/CMakeTmp'
Building C object CMakeFiles/cmTC_10057.dir/src.c.o
/usr/bin/gcc -DHAVE_STRUCT_STATVFS_F_IOSIZE  -w  -std=gnu11 -o CMakeFiles/cmTC_10057.dir/src.c.o -c /content/CMake/CMakeFiles/CMakeTmp/src.c
/content/CMake/CMakeFiles/CMakeTmp/src.c: In function ‘main’:
/content/CMake/CMakeFiles/CMakeTmp/src.c:7:39: error: ‘struct statvfs’ has no member named ‘f_iosize’; did you mean ‘f_bsize’?
   (void)sizeof(((struct statvfs *)0)->f_iosize);
                                       ^~~~~~~~
                                       f_bsize
CMakeFiles/cmTC_10057.dir/build.make:77: recipe for target 'CMakeFiles/cmTC_10057.dir/src.c.o' failed
make[1]: *** [CMakeFiles/cmTC_10057.dir/src.c.o] Error 1
make[1]: Leaving directory '/content/CMake/CMakeFiles/CMakeTmp'
Makefile:127: recipe for target 'cmTC_10057/fast' failed
make: *** [cmTC_10057/fast] Error 2


Source file was:

#include <sys/types.h>
#include <sys/statvfs.h>

int main()
{
  (void)sizeof(((struct statvfs *)0)->f_iosize);
  return 0;
}

